ARM GAS  C:\Users\david\AppData\Local\Temp\ccdsIqjq.s 			page 1


   1              		.syntax unified
   2              		.cpu cortex-m3
   3              		.fpu softvfp
   4              		.eabi_attribute 20, 1
   5              		.eabi_attribute 21, 1
   6              		.eabi_attribute 23, 3
   7              		.eabi_attribute 24, 1
   8              		.eabi_attribute 25, 1
   9              		.eabi_attribute 26, 1
  10              		.eabi_attribute 30, 1
  11              		.eabi_attribute 34, 1
  12              		.eabi_attribute 18, 4
  13              		.thumb
  14              		.syntax unified
  15              		.file	"cymetadata.c"
  16              		.text
  17              	.Ltext0:
  18              		.cfi_sections	.debug_frame
  19              		.global	cy_metadata
  20              		.global	cy_meta_flashprotect
  21              		.global	cy_meta_wonvl
  22              		.global	cy_meta_custnvl
  23              		.global	cy_meta_configecc
  24              		.section	.cyconfigecc,"a",%progbits
  25              		.align	2
  26              		.type	cy_meta_configecc, %object
  27              		.size	cy_meta_configecc, 1728
  28              	cy_meta_configecc:
  29 0000 02       		.byte	2
  30 0001 52       		.byte	82
  31 0002 00       		.byte	0
  32 0003 40       		.byte	64
  33 0004 01       		.byte	1
  34 0005 64       		.byte	100
  35 0006 00       		.byte	0
  36 0007 40       		.byte	64
  37 0008 04       		.byte	4
  38 0009 65       		.byte	101
  39 000a 00       		.byte	0
  40 000b 40       		.byte	64
  41 000c 61       		.byte	97
  42 000d 06       		.byte	6
  43 000e 01       		.byte	1
  44 000f 40       		.byte	64
  45 0010 34       		.byte	52
  46 0011 07       		.byte	7
  47 0012 01       		.byte	1
  48 0013 40       		.byte	64
  49 0014 01       		.byte	1
  50 0015 09       		.byte	9
  51 0016 01       		.byte	1
  52 0017 40       		.byte	64
  53 0018 5B       		.byte	91
  54 0019 14       		.byte	20
  55 001a 01       		.byte	1
  56 001b 40       		.byte	64
  57 001c 4C       		.byte	76
ARM GAS  C:\Users\david\AppData\Local\Temp\ccdsIqjq.s 			page 2


  58 001d 15       		.byte	21
  59 001e 01       		.byte	1
  60 001f 40       		.byte	64
  61 0020 4E       		.byte	78
  62 0021 16       		.byte	22
  63 0022 01       		.byte	1
  64 0023 40       		.byte	64
  65 0024 50       		.byte	80
  66 0025 17       		.byte	23
  67 0026 01       		.byte	1
  68 0027 40       		.byte	64
  69 0028 4C       		.byte	76
  70 0029 18       		.byte	24
  71 002a 01       		.byte	1
  72 002b 40       		.byte	64
  73 002c 3B       		.byte	59
  74 002d 19       		.byte	25
  75 002e 01       		.byte	1
  76 002f 40       		.byte	64
  77 0030 0B       		.byte	11
  78 0031 1A       		.byte	26
  79 0032 01       		.byte	1
  80 0033 40       		.byte	64
  81 0034 4B       		.byte	75
  82 0035 1B       		.byte	27
  83 0036 01       		.byte	1
  84 0037 40       		.byte	64
  85 0038 02       		.byte	2
  86 0039 45       		.byte	69
  87 003a 01       		.byte	1
  88 003b 40       		.byte	64
  89 003c 01       		.byte	1
  90 003d 46       		.byte	70
  91 003e 01       		.byte	1
  92 003f 40       		.byte	64
  93 0040 02       		.byte	2
  94 0041 47       		.byte	71
  95 0042 01       		.byte	1
  96 0043 40       		.byte	64
  97 0044 01       		.byte	1
  98 0045 48       		.byte	72
  99 0046 01       		.byte	1
 100 0047 40       		.byte	64
 101 0048 06       		.byte	6
 102 0049 49       		.byte	73
 103 004a 01       		.byte	1
 104 004b 40       		.byte	64
 105 004c 02       		.byte	2
 106 004d 4C       		.byte	76
 107 004e 01       		.byte	1
 108 004f 40       		.byte	64
 109 0050 0C       		.byte	12
 110 0051 4D       		.byte	77
 111 0052 01       		.byte	1
 112 0053 40       		.byte	64
 113 0054 05       		.byte	5
 114 0055 50       		.byte	80
ARM GAS  C:\Users\david\AppData\Local\Temp\ccdsIqjq.s 			page 3


 115 0056 01       		.byte	1
 116 0057 40       		.byte	64
 117 0058 60       		.byte	96
 118 0059 80       		.byte	-128
 119 005a 61       		.byte	97
 120 005b 80       		.byte	-128
 121 005c 87       		.byte	-121
 122 005d 0F       		.byte	15
 123 005e 87       		.byte	-121
 124 005f 6F       		.byte	111
 125 0060 88       		.byte	-120
 126 0061 0F       		.byte	15
 127 0062 89       		.byte	-119
 128 0063 38       		.byte	56
 129 0064 8A       		.byte	-118
 130 0065 72       		.byte	114
 131 0066 01       		.byte	1
 132 0067 10       		.byte	16
 133 0068 02       		.byte	2
 134 0069 01       		.byte	1
 135 006a 03       		.byte	3
 136 006b 01       		.byte	1
 137 006c 07       		.byte	7
 138 006d 1C       		.byte	28
 139 006e 09       		.byte	9
 140 006f 05       		.byte	5
 141 0070 0B       		.byte	11
 142 0071 08       		.byte	8
 143 0072 0D       		.byte	13
 144 0073 40       		.byte	64
 145 0074 0F       		.byte	15
 146 0075 80       		.byte	-128
 147 0076 11       		.byte	17
 148 0077 05       		.byte	5
 149 0078 13       		.byte	19
 150 0079 08       		.byte	8
 151 007a 15       		.byte	21
 152 007b 5C       		.byte	92
 153 007c 1B       		.byte	27
 154 007d 20       		.byte	32
 155 007e 1C       		.byte	28
 156 007f 01       		.byte	1
 157 0080 1F       		.byte	31
 158 0081 02       		.byte	2
 159 0082 21       		.byte	33
 160 0083 40       		.byte	64
 161 0084 25       		.byte	37
 162 0085 1D       		.byte	29
 163 0086 29       		.byte	41
 164 0087 01       		.byte	1
 165 0088 2A       		.byte	42
 166 0089 03       		.byte	3
 167 008a 2B       		.byte	43
 168 008b 10       		.byte	16
 169 008c 31       		.byte	49
 170 008d 40       		.byte	64
 171 008e 32       		.byte	50
ARM GAS  C:\Users\david\AppData\Local\Temp\ccdsIqjq.s 			page 4


 172 008f 01       		.byte	1
 173 0090 33       		.byte	51
 174 0091 03       		.byte	3
 175 0092 35       		.byte	53
 176 0093 3C       		.byte	60
 177 0094 36       		.byte	54
 178 0095 02       		.byte	2
 179 0096 37       		.byte	55
 180 0097 80       		.byte	-128
 181 0098 39       		.byte	57
 182 0099 02       		.byte	2
 183 009a 3E       		.byte	62
 184 009b 04       		.byte	4
 185 009c 3F       		.byte	63
 186 009d 01       		.byte	1
 187 009e 40       		.byte	64
 188 009f 31       		.byte	49
 189 00a0 41       		.byte	65
 190 00a1 02       		.byte	2
 191 00a2 49       		.byte	73
 192 00a3 FF       		.byte	-1
 193 00a4 4A       		.byte	74
 194 00a5 FF       		.byte	-1
 195 00a6 4B       		.byte	75
 196 00a7 FF       		.byte	-1
 197 00a8 4D       		.byte	77
 198 00a9 A0       		.byte	-96
 199 00aa 4F       		.byte	79
 200 00ab 01       		.byte	1
 201 00ac 50       		.byte	80
 202 00ad 18       		.byte	24
 203 00ae 52       		.byte	82
 204 00af 80       		.byte	-128
 205 00b0 58       		.byte	88
 206 00b1 04       		.byte	4
 207 00b2 59       		.byte	89
 208 00b3 04       		.byte	4
 209 00b4 5A       		.byte	90
 210 00b5 04       		.byte	4
 211 00b6 5B       		.byte	91
 212 00b7 04       		.byte	4
 213 00b8 5F       		.byte	95
 214 00b9 01       		.byte	1
 215 00ba 60       		.byte	96
 216 00bb 40       		.byte	64
 217 00bc 62       		.byte	98
 218 00bd 80       		.byte	-128
 219 00be 64       		.byte	100
 220 00bf 40       		.byte	64
 221 00c0 65       		.byte	101
 222 00c1 40       		.byte	64
 223 00c2 66       		.byte	102
 224 00c3 80       		.byte	-128
 225 00c4 68       		.byte	104
 226 00c5 40       		.byte	64
 227 00c6 6A       		.byte	106
 228 00c7 80       		.byte	-128
ARM GAS  C:\Users\david\AppData\Local\Temp\ccdsIqjq.s 			page 5


 229 00c8 6C       		.byte	108
 230 00c9 40       		.byte	64
 231 00ca 6D       		.byte	109
 232 00cb 20       		.byte	32
 233 00cc 6E       		.byte	110
 234 00cd 80       		.byte	-128
 235 00ce 83       		.byte	-125
 236 00cf 01       		.byte	1
 237 00d0 84       		.byte	-124
 238 00d1 0A       		.byte	10
 239 00d2 90       		.byte	-112
 240 00d3 0C       		.byte	12
 241 00d4 97       		.byte	-105
 242 00d5 02       		.byte	2
 243 00d6 98       		.byte	-104
 244 00d7 06       		.byte	6
 245 00d8 9E       		.byte	-98
 246 00d9 01       		.byte	1
 247 00da A2       		.byte	-94
 248 00db 10       		.byte	16
 249 00dc A3       		.byte	-93
 250 00dd 02       		.byte	2
 251 00de A8       		.byte	-88
 252 00df 0C       		.byte	12
 253 00e0 B0       		.byte	-80
 254 00e1 01       		.byte	1
 255 00e2 B2       		.byte	-78
 256 00e3 0E       		.byte	14
 257 00e4 B3       		.byte	-77
 258 00e5 03       		.byte	3
 259 00e6 B4       		.byte	-76
 260 00e7 0E       		.byte	14
 261 00e8 B6       		.byte	-74
 262 00e9 10       		.byte	16
 263 00ea B8       		.byte	-72
 264 00eb 28       		.byte	40
 265 00ec BF       		.byte	-65
 266 00ed 04       		.byte	4
 267 00ee C0       		.byte	-64
 268 00ef 31       		.byte	49
 269 00f0 C1       		.byte	-63
 270 00f1 02       		.byte	2
 271 00f2 C5       		.byte	-59
 272 00f3 2E       		.byte	46
 273 00f4 C6       		.byte	-58
 274 00f5 C3       		.byte	-61
 275 00f6 C7       		.byte	-57
 276 00f7 04       		.byte	4
 277 00f8 C8       		.byte	-56
 278 00f9 1F       		.byte	31
 279 00fa C9       		.byte	-55
 280 00fb FF       		.byte	-1
 281 00fc CA       		.byte	-54
 282 00fd FF       		.byte	-1
 283 00fe CB       		.byte	-53
 284 00ff FF       		.byte	-1
 285 0100 CD       		.byte	-51
ARM GAS  C:\Users\david\AppData\Local\Temp\ccdsIqjq.s 			page 6


 286 0101 AF       		.byte	-81
 287 0102 CE       		.byte	-50
 288 0103 07       		.byte	7
 289 0104 CF       		.byte	-49
 290 0105 01       		.byte	1
 291 0106 D0       		.byte	-48
 292 0107 18       		.byte	24
 293 0108 D4       		.byte	-44
 294 0109 0F       		.byte	15
 295 010a D8       		.byte	-40
 296 010b 04       		.byte	4
 297 010c D9       		.byte	-39
 298 010d 04       		.byte	4
 299 010e DA       		.byte	-38
 300 010f 04       		.byte	4
 301 0110 DB       		.byte	-37
 302 0111 04       		.byte	4
 303 0112 DF       		.byte	-33
 304 0113 01       		.byte	1
 305 0114 E0       		.byte	-32
 306 0115 40       		.byte	64
 307 0116 E2       		.byte	-30
 308 0117 80       		.byte	-128
 309 0118 E4       		.byte	-28
 310 0119 40       		.byte	64
 311 011a E5       		.byte	-27
 312 011b 40       		.byte	64
 313 011c E6       		.byte	-26
 314 011d 80       		.byte	-128
 315 011e E8       		.byte	-24
 316 011f 40       		.byte	64
 317 0120 EA       		.byte	-22
 318 0121 80       		.byte	-128
 319 0122 EC       		.byte	-20
 320 0123 40       		.byte	64
 321 0124 ED       		.byte	-19
 322 0125 20       		.byte	32
 323 0126 EE       		.byte	-18
 324 0127 80       		.byte	-128
 325 0128 03       		.byte	3
 326 0129 20       		.byte	32
 327 012a 06       		.byte	6
 328 012b 80       		.byte	-128
 329 012c 08       		.byte	8
 330 012d 01       		.byte	1
 331 012e 0A       		.byte	10
 332 012f 06       		.byte	6
 333 0130 0E       		.byte	14
 334 0131 01       		.byte	1
 335 0132 11       		.byte	17
 336 0133 12       		.byte	18
 337 0134 17       		.byte	23
 338 0135 20       		.byte	32
 339 0136 19       		.byte	25
 340 0137 18       		.byte	24
 341 0138 1A       		.byte	26
 342 0139 86       		.byte	-122
ARM GAS  C:\Users\david\AppData\Local\Temp\ccdsIqjq.s 			page 7


 343 013a 1B       		.byte	27
 344 013b 04       		.byte	4
 345 013c 1D       		.byte	29
 346 013d 08       		.byte	8
 347 013e 1E       		.byte	30
 348 013f 01       		.byte	1
 349 0140 20       		.byte	32
 350 0141 20       		.byte	32
 351 0142 24       		.byte	36
 352 0143 04       		.byte	4
 353 0144 25       		.byte	37
 354 0145 10       		.byte	16
 355 0146 26       		.byte	38
 356 0147 44       		.byte	68
 357 0148 27       		.byte	39
 358 0149 68       		.byte	104
 359 014a 28       		.byte	40
 360 014b 80       		.byte	-128
 361 014c 2D       		.byte	45
 362 014d 10       		.byte	16
 363 014e 2F       		.byte	47
 364 014f 60       		.byte	96
 365 0150 32       		.byte	50
 366 0151 08       		.byte	8
 367 0152 34       		.byte	52
 368 0153 01       		.byte	1
 369 0154 35       		.byte	53
 370 0155 08       		.byte	8
 371 0156 36       		.byte	54
 372 0157 81       		.byte	-127
 373 0158 37       		.byte	55
 374 0159 10       		.byte	16
 375 015a 3A       		.byte	58
 376 015b 02       		.byte	2
 377 015c 3C       		.byte	60
 378 015d 86       		.byte	-122
 379 015e 3F       		.byte	63
 380 015f 20       		.byte	32
 381 0160 40       		.byte	64
 382 0161 04       		.byte	4
 383 0162 41       		.byte	65
 384 0163 08       		.byte	8
 385 0164 43       		.byte	67
 386 0165 40       		.byte	64
 387 0166 45       		.byte	69
 388 0167 18       		.byte	24
 389 0168 47       		.byte	71
 390 0169 40       		.byte	64
 391 016a 48       		.byte	72
 392 016b 40       		.byte	64
 393 016c 49       		.byte	73
 394 016d 04       		.byte	4
 395 016e 4B       		.byte	75
 396 016f 01       		.byte	1
 397 0170 50       		.byte	80
 398 0171 C8       		.byte	-56
 399 0172 51       		.byte	81
ARM GAS  C:\Users\david\AppData\Local\Temp\ccdsIqjq.s 			page 8


 400 0173 20       		.byte	32
 401 0174 53       		.byte	83
 402 0175 40       		.byte	64
 403 0176 59       		.byte	89
 404 0177 4A       		.byte	74
 405 0178 5A       		.byte	90
 406 0179 20       		.byte	32
 407 017a 76       		.byte	118
 408 017b 80       		.byte	-128
 409 017c 80       		.byte	-128
 410 017d 80       		.byte	-128
 411 017e C0       		.byte	-64
 412 017f 14       		.byte	20
 413 0180 C2       		.byte	-62
 414 0181 8B       		.byte	-117
 415 0182 C4       		.byte	-60
 416 0183 4A       		.byte	74
 417 0184 CA       		.byte	-54
 418 0185 E1       		.byte	-31
 419 0186 CC       		.byte	-52
 420 0187 F2       		.byte	-14
 421 0188 CE       		.byte	-50
 422 0189 F1       		.byte	-15
 423 018a D0       		.byte	-48
 424 018b 7E       		.byte	126
 425 018c D6       		.byte	-42
 426 018d 0F       		.byte	15
 427 018e E6       		.byte	-26
 428 018f 01       		.byte	1
 429 0190 E6       		.byte	-26
 430 0191 01       		.byte	1
 431 0192 00       		.byte	0
 432 0193 05       		.byte	5
 433 0194 02       		.byte	2
 434 0195 0A       		.byte	10
 435 0196 04       		.byte	4
 436 0197 0F       		.byte	15
 437 0198 07       		.byte	7
 438 0199 10       		.byte	16
 439 019a 09       		.byte	9
 440 019b 30       		.byte	48
 441 019c 0C       		.byte	12
 442 019d 10       		.byte	16
 443 019e 0D       		.byte	13
 444 019f 20       		.byte	32
 445 01a0 0E       		.byte	14
 446 01a1 20       		.byte	32
 447 01a2 10       		.byte	16
 448 01a3 10       		.byte	16
 449 01a4 11       		.byte	17
 450 01a5 02       		.byte	2
 451 01a6 12       		.byte	18
 452 01a7 60       		.byte	96
 453 01a8 13       		.byte	19
 454 01a9 0C       		.byte	12
 455 01aa 14       		.byte	20
 456 01ab 23       		.byte	35
ARM GAS  C:\Users\david\AppData\Local\Temp\ccdsIqjq.s 			page 9


 457 01ac 16       		.byte	22
 458 01ad 1C       		.byte	28
 459 01ae 18       		.byte	24
 460 01af 07       		.byte	7
 461 01b0 19       		.byte	25
 462 01b1 02       		.byte	2
 463 01b2 1B       		.byte	27
 464 01b3 04       		.byte	4
 465 01b4 1C       		.byte	28
 466 01b5 10       		.byte	16
 467 01b6 1D       		.byte	29
 468 01b7 04       		.byte	4
 469 01b8 1E       		.byte	30
 470 01b9 20       		.byte	32
 471 01ba 1F       		.byte	31
 472 01bb 02       		.byte	2
 473 01bc 20       		.byte	32
 474 01bd 0A       		.byte	10
 475 01be 21       		.byte	33
 476 01bf 30       		.byte	48
 477 01c0 22       		.byte	34
 478 01c1 05       		.byte	5
 479 01c2 26       		.byte	38
 480 01c3 80       		.byte	-128
 481 01c4 27       		.byte	39
 482 01c5 01       		.byte	1
 483 01c6 28       		.byte	40
 484 01c7 0C       		.byte	12
 485 01c8 2A       		.byte	42
 486 01c9 03       		.byte	3
 487 01ca 2D       		.byte	45
 488 01cb 02       		.byte	2
 489 01cc 2F       		.byte	47
 490 01cd 04       		.byte	4
 491 01ce 30       		.byte	48
 492 01cf 40       		.byte	64
 493 01d0 31       		.byte	49
 494 01d1 01       		.byte	1
 495 01d2 32       		.byte	50
 496 01d3 0F       		.byte	15
 497 01d4 33       		.byte	51
 498 01d5 30       		.byte	48
 499 01d6 34       		.byte	52
 500 01d7 30       		.byte	48
 501 01d8 35       		.byte	53
 502 01d9 08       		.byte	8
 503 01da 36       		.byte	54
 504 01db 80       		.byte	-128
 505 01dc 37       		.byte	55
 506 01dd 06       		.byte	6
 507 01de 39       		.byte	57
 508 01df 08       		.byte	8
 509 01e0 3A       		.byte	58
 510 01e1 20       		.byte	32
 511 01e2 3B       		.byte	59
 512 01e3 80       		.byte	-128
 513 01e4 3F       		.byte	63
ARM GAS  C:\Users\david\AppData\Local\Temp\ccdsIqjq.s 			page 10


 514 01e5 04       		.byte	4
 515 01e6 40       		.byte	64
 516 01e7 42       		.byte	66
 517 01e8 41       		.byte	65
 518 01e9 06       		.byte	6
 519 01ea 45       		.byte	69
 520 01eb 0C       		.byte	12
 521 01ec 46       		.byte	70
 522 01ed EB       		.byte	-21
 523 01ee 48       		.byte	72
 524 01ef 0D       		.byte	13
 525 01f0 49       		.byte	73
 526 01f1 FF       		.byte	-1
 527 01f2 4A       		.byte	74
 528 01f3 FF       		.byte	-1
 529 01f4 4B       		.byte	75
 530 01f5 FF       		.byte	-1
 531 01f6 4E       		.byte	78
 532 01f7 F0       		.byte	-16
 533 01f8 4F       		.byte	79
 534 01f9 44       		.byte	68
 535 01fa 50       		.byte	80
 536 01fb 0C       		.byte	12
 537 01fc 58       		.byte	88
 538 01fd 04       		.byte	4
 539 01fe 59       		.byte	89
 540 01ff 04       		.byte	4
 541 0200 5A       		.byte	90
 542 0201 04       		.byte	4
 543 0202 5D       		.byte	93
 544 0203 01       		.byte	1
 545 0204 5F       		.byte	95
 546 0205 01       		.byte	1
 547 0206 66       		.byte	102
 548 0207 C0       		.byte	-64
 549 0208 6A       		.byte	106
 550 0209 40       		.byte	64
 551 020a 6B       		.byte	107
 552 020b 02       		.byte	2
 553 020c 81       		.byte	-127
 554 020d 30       		.byte	48
 555 020e 83       		.byte	-125
 556 020f C9       		.byte	-55
 557 0210 84       		.byte	-124
 558 0211 BB       		.byte	-69
 559 0212 85       		.byte	-123
 560 0213 73       		.byte	115
 561 0214 86       		.byte	-122
 562 0215 44       		.byte	68
 563 0216 88       		.byte	-120
 564 0217 08       		.byte	8
 565 0218 89       		.byte	-119
 566 0219 94       		.byte	-108
 567 021a 8A       		.byte	-118
 568 021b F1       		.byte	-15
 569 021c 8B       		.byte	-117
 570 021d 60       		.byte	96
ARM GAS  C:\Users\david\AppData\Local\Temp\ccdsIqjq.s 			page 11


 571 021e 8C       		.byte	-116
 572 021f 80       		.byte	-128
 573 0220 8E       		.byte	-114
 574 0221 1F       		.byte	31
 575 0222 91       		.byte	-111
 576 0223 9E       		.byte	-98
 577 0224 93       		.byte	-109
 578 0225 60       		.byte	96
 579 0226 97       		.byte	-105
 580 0227 0F       		.byte	15
 581 0228 98       		.byte	-104
 582 0229 77       		.byte	119
 583 022a 9C       		.byte	-100
 584 022b CC       		.byte	-52
 585 022c 9E       		.byte	-98
 586 022d 12       		.byte	18
 587 022e A5       		.byte	-91
 588 022f FD       		.byte	-3
 589 0230 A7       		.byte	-89
 590 0231 02       		.byte	2
 591 0232 A8       		.byte	-88
 592 0233 CC       		.byte	-52
 593 0234 A9       		.byte	-87
 594 0235 CF       		.byte	-49
 595 0236 AA       		.byte	-86
 596 0237 21       		.byte	33
 597 0238 AB       		.byte	-85
 598 0239 30       		.byte	48
 599 023a B2       		.byte	-78
 600 023b F0       		.byte	-16
 601 023c B3       		.byte	-77
 602 023d FF       		.byte	-1
 603 023e B6       		.byte	-74
 604 023f 0F       		.byte	15
 605 0240 BF       		.byte	-65
 606 0241 04       		.byte	4
 607 0242 D8       		.byte	-40
 608 0243 04       		.byte	4
 609 0244 D9       		.byte	-39
 610 0245 04       		.byte	4
 611 0246 DF       		.byte	-33
 612 0247 01       		.byte	1
 613 0248 00       		.byte	0
 614 0249 42       		.byte	66
 615 024a 01       		.byte	1
 616 024b 08       		.byte	8
 617 024c 05       		.byte	5
 618 024d 28       		.byte	40
 619 024e 07       		.byte	7
 620 024f 02       		.byte	2
 621 0250 0A       		.byte	10
 622 0251 86       		.byte	-122
 623 0252 0B       		.byte	11
 624 0253 10       		.byte	16
 625 0254 0C       		.byte	12
 626 0255 40       		.byte	64
 627 0256 0E       		.byte	14
ARM GAS  C:\Users\david\AppData\Local\Temp\ccdsIqjq.s 			page 12


 628 0257 02       		.byte	2
 629 0258 0F       		.byte	15
 630 0259 08       		.byte	8
 631 025a 10       		.byte	16
 632 025b 40       		.byte	64
 633 025c 11       		.byte	17
 634 025d 10       		.byte	16
 635 025e 12       		.byte	18
 636 025f 20       		.byte	32
 637 0260 15       		.byte	21
 638 0261 10       		.byte	16
 639 0262 18       		.byte	24
 640 0263 40       		.byte	64
 641 0264 19       		.byte	25
 642 0265 68       		.byte	104
 643 0266 1B       		.byte	27
 644 0267 10       		.byte	16
 645 0268 1E       		.byte	30
 646 0269 02       		.byte	2
 647 026a 1F       		.byte	31
 648 026b 04       		.byte	4
 649 026c 20       		.byte	32
 650 026d 02       		.byte	2
 651 026e 21       		.byte	33
 652 026f 04       		.byte	4
 653 0270 22       		.byte	34
 654 0271 B2       		.byte	-78
 655 0272 23       		.byte	35
 656 0273 02       		.byte	2
 657 0274 27       		.byte	39
 658 0275 10       		.byte	16
 659 0276 28       		.byte	40
 660 0277 A0       		.byte	-96
 661 0278 29       		.byte	41
 662 0279 40       		.byte	64
 663 027a 2D       		.byte	45
 664 027b 18       		.byte	24
 665 027c 2F       		.byte	47
 666 027d 04       		.byte	4
 667 027e 32       		.byte	50
 668 027f 92       		.byte	-110
 669 0280 36       		.byte	54
 670 0281 01       		.byte	1
 671 0282 37       		.byte	55
 672 0283 08       		.byte	8
 673 0284 39       		.byte	57
 674 0285 80       		.byte	-128
 675 0286 3A       		.byte	58
 676 0287 0C       		.byte	12
 677 0288 3B       		.byte	59
 678 0289 20       		.byte	32
 679 028a 3C       		.byte	60
 680 028b 02       		.byte	2
 681 028c 3E       		.byte	62
 682 028d 04       		.byte	4
 683 028e 3F       		.byte	63
 684 028f 38       		.byte	56
ARM GAS  C:\Users\david\AppData\Local\Temp\ccdsIqjq.s 			page 13


 685 0290 40       		.byte	64
 686 0291 80       		.byte	-128
 687 0292 42       		.byte	66
 688 0293 08       		.byte	8
 689 0294 48       		.byte	72
 690 0295 20       		.byte	32
 691 0296 4B       		.byte	75
 692 0297 20       		.byte	32
 693 0298 50       		.byte	80
 694 0299 40       		.byte	64
 695 029a 51       		.byte	81
 696 029b 10       		.byte	16
 697 029c 80       		.byte	-128
 698 029d 40       		.byte	64
 699 029e 84       		.byte	-124
 700 029f 20       		.byte	32
 701 02a0 91       		.byte	-111
 702 02a1 80       		.byte	-128
 703 02a2 92       		.byte	-110
 704 02a3 82       		.byte	-126
 705 02a4 93       		.byte	-109
 706 02a5 20       		.byte	32
 707 02a6 95       		.byte	-107
 708 02a7 28       		.byte	40
 709 02a8 97       		.byte	-105
 710 02a9 08       		.byte	8
 711 02aa 98       		.byte	-104
 712 02ab 80       		.byte	-128
 713 02ac 9A       		.byte	-102
 714 02ad 04       		.byte	4
 715 02ae 9B       		.byte	-101
 716 02af 08       		.byte	8
 717 02b0 9D       		.byte	-99
 718 02b1 08       		.byte	8
 719 02b2 9F       		.byte	-97
 720 02b3 10       		.byte	16
 721 02b4 A3       		.byte	-93
 722 02b5 04       		.byte	4
 723 02b6 A4       		.byte	-92
 724 02b7 21       		.byte	33
 725 02b8 A6       		.byte	-90
 726 02b9 01       		.byte	1
 727 02ba A7       		.byte	-89
 728 02bb 10       		.byte	16
 729 02bc AA       		.byte	-86
 730 02bd 04       		.byte	4
 731 02be AC       		.byte	-84
 732 02bf 80       		.byte	-128
 733 02c0 AD       		.byte	-83
 734 02c1 10       		.byte	16
 735 02c2 B0       		.byte	-80
 736 02c3 20       		.byte	32
 737 02c4 B2       		.byte	-78
 738 02c5 08       		.byte	8
 739 02c6 B4       		.byte	-76
 740 02c7 40       		.byte	64
 741 02c8 B5       		.byte	-75
ARM GAS  C:\Users\david\AppData\Local\Temp\ccdsIqjq.s 			page 14


 742 02c9 40       		.byte	64
 743 02ca C0       		.byte	-64
 744 02cb ED       		.byte	-19
 745 02cc C2       		.byte	-62
 746 02cd CF       		.byte	-49
 747 02ce C4       		.byte	-60
 748 02cf 4E       		.byte	78
 749 02d0 CA       		.byte	-54
 750 02d1 6B       		.byte	107
 751 02d2 CC       		.byte	-52
 752 02d3 CD       		.byte	-51
 753 02d4 CE       		.byte	-50
 754 02d5 EE       		.byte	-18
 755 02d6 D0       		.byte	-48
 756 02d7 05       		.byte	5
 757 02d8 D2       		.byte	-46
 758 02d9 04       		.byte	4
 759 02da E0       		.byte	-32
 760 02db 01       		.byte	1
 761 02dc E8       		.byte	-24
 762 02dd 03       		.byte	3
 763 02de EE       		.byte	-18
 764 02df 02       		.byte	2
 765 02e0 01       		.byte	1
 766 02e1 96       		.byte	-106
 767 02e2 03       		.byte	3
 768 02e3 68       		.byte	104
 769 02e4 09       		.byte	9
 770 02e5 0E       		.byte	14
 771 02e6 0B       		.byte	11
 772 02e7 F0       		.byte	-16
 773 02e8 0E       		.byte	14
 774 02e9 02       		.byte	2
 775 02ea 10       		.byte	16
 776 02eb 01       		.byte	1
 777 02ec 11       		.byte	17
 778 02ed C5       		.byte	-59
 779 02ee 13       		.byte	19
 780 02ef 3A       		.byte	58
 781 02f0 17       		.byte	23
 782 02f1 01       		.byte	1
 783 02f2 19       		.byte	25
 784 02f3 7F       		.byte	127
 785 02f4 1E       		.byte	30
 786 02f5 01       		.byte	1
 787 02f6 25       		.byte	37
 788 02f7 FE       		.byte	-2
 789 02f8 27       		.byte	39
 790 02f9 01       		.byte	1
 791 02fa 29       		.byte	41
 792 02fb A3       		.byte	-93
 793 02fc 2B       		.byte	43
 794 02fd 5C       		.byte	92
 795 02fe 30       		.byte	48
 796 02ff 01       		.byte	1
 797 0300 32       		.byte	50
 798 0301 02       		.byte	2
ARM GAS  C:\Users\david\AppData\Local\Temp\ccdsIqjq.s 			page 15


 799 0302 37       		.byte	55
 800 0303 FF       		.byte	-1
 801 0304 3E       		.byte	62
 802 0305 01       		.byte	1
 803 0306 3F       		.byte	63
 804 0307 40       		.byte	64
 805 0308 58       		.byte	88
 806 0309 04       		.byte	4
 807 030a 59       		.byte	89
 808 030b 04       		.byte	4
 809 030c 5F       		.byte	95
 810 030d 01       		.byte	1
 811 030e 83       		.byte	-125
 812 030f 08       		.byte	8
 813 0310 85       		.byte	-123
 814 0311 10       		.byte	16
 815 0312 88       		.byte	-120
 816 0313 06       		.byte	6
 817 0314 8B       		.byte	-117
 818 0315 10       		.byte	16
 819 0316 8D       		.byte	-115
 820 0317 0C       		.byte	12
 821 0318 8F       		.byte	-113
 822 0319 23       		.byte	35
 823 031a 91       		.byte	-111
 824 031b 21       		.byte	33
 825 031c 93       		.byte	-109
 826 031d 0E       		.byte	14
 827 031e 95       		.byte	-107
 828 031f 40       		.byte	64
 829 0320 96       		.byte	-106
 830 0321 02       		.byte	2
 831 0322 9B       		.byte	-101
 832 0323 20       		.byte	32
 833 0324 9C       		.byte	-100
 834 0325 01       		.byte	1
 835 0326 9F       		.byte	-97
 836 0327 40       		.byte	64
 837 0328 A0       		.byte	-96
 838 0329 01       		.byte	1
 839 032a A1       		.byte	-95
 840 032b 21       		.byte	33
 841 032c A3       		.byte	-93
 842 032d 06       		.byte	6
 843 032e A6       		.byte	-90
 844 032f 02       		.byte	2
 845 0330 A7       		.byte	-89
 846 0331 23       		.byte	35
 847 0332 A9       		.byte	-87
 848 0333 10       		.byte	16
 849 0334 AA       		.byte	-86
 850 0335 0C       		.byte	12
 851 0336 AF       		.byte	-81
 852 0337 0C       		.byte	12
 853 0338 B0       		.byte	-80
 854 0339 04       		.byte	4
 855 033a B1       		.byte	-79
ARM GAS  C:\Users\david\AppData\Local\Temp\ccdsIqjq.s 			page 16


 856 033b 20       		.byte	32
 857 033c B2       		.byte	-78
 858 033d 01       		.byte	1
 859 033e B3       		.byte	-77
 860 033f 40       		.byte	64
 861 0340 B4       		.byte	-76
 862 0341 08       		.byte	8
 863 0342 B5       		.byte	-75
 864 0343 10       		.byte	16
 865 0344 B6       		.byte	-74
 866 0345 02       		.byte	2
 867 0346 B7       		.byte	-73
 868 0347 0F       		.byte	15
 869 0348 B8       		.byte	-72
 870 0349 08       		.byte	8
 871 034a BB       		.byte	-69
 872 034b 80       		.byte	-128
 873 034c BE       		.byte	-66
 874 034d 41       		.byte	65
 875 034e BF       		.byte	-65
 876 034f 15       		.byte	21
 877 0350 C0       		.byte	-64
 878 0351 03       		.byte	3
 879 0352 C5       		.byte	-59
 880 0353 40       		.byte	64
 881 0354 C9       		.byte	-55
 882 0355 FF       		.byte	-1
 883 0356 CA       		.byte	-54
 884 0357 07       		.byte	7
 885 0358 CB       		.byte	-53
 886 0359 FF       		.byte	-1
 887 035a CC       		.byte	-52
 888 035b 40       		.byte	64
 889 035c CD       		.byte	-51
 890 035d 20       		.byte	32
 891 035e CE       		.byte	-50
 892 035f F0       		.byte	-16
 893 0360 CF       		.byte	-49
 894 0361 05       		.byte	5
 895 0362 D0       		.byte	-48
 896 0363 08       		.byte	8
 897 0364 D4       		.byte	-44
 898 0365 0F       		.byte	15
 899 0366 D8       		.byte	-40
 900 0367 04       		.byte	4
 901 0368 D9       		.byte	-39
 902 0369 04       		.byte	4
 903 036a DA       		.byte	-38
 904 036b 04       		.byte	4
 905 036c DB       		.byte	-37
 906 036d 04       		.byte	4
 907 036e DC       		.byte	-36
 908 036f 10       		.byte	16
 909 0370 DD       		.byte	-35
 910 0371 01       		.byte	1
 911 0372 DF       		.byte	-33
 912 0373 05       		.byte	5
ARM GAS  C:\Users\david\AppData\Local\Temp\ccdsIqjq.s 			page 17


 913 0374 E0       		.byte	-32
 914 0375 40       		.byte	64
 915 0376 E1       		.byte	-31
 916 0377 A8       		.byte	-88
 917 0378 E2       		.byte	-30
 918 0379 40       		.byte	64
 919 037a E3       		.byte	-29
 920 037b 20       		.byte	32
 921 037c 01       		.byte	1
 922 037d 20       		.byte	32
 923 037e 04       		.byte	4
 924 037f 80       		.byte	-128
 925 0380 0A       		.byte	10
 926 0381 10       		.byte	16
 927 0382 0B       		.byte	11
 928 0383 01       		.byte	1
 929 0384 0E       		.byte	14
 930 0385 80       		.byte	-128
 931 0386 0F       		.byte	15
 932 0387 01       		.byte	1
 933 0388 10       		.byte	16
 934 0389 88       		.byte	-120
 935 038a 13       		.byte	19
 936 038b 08       		.byte	8
 937 038c 18       		.byte	24
 938 038d 20       		.byte	32
 939 038e 19       		.byte	25
 940 038f 60       		.byte	96
 941 0390 1A       		.byte	26
 942 0391 50       		.byte	80
 943 0392 1D       		.byte	29
 944 0393 09       		.byte	9
 945 0394 20       		.byte	32
 946 0395 40       		.byte	64
 947 0396 21       		.byte	33
 948 0397 40       		.byte	64
 949 0398 22       		.byte	34
 950 0399 14       		.byte	20
 951 039a 26       		.byte	38
 952 039b 80       		.byte	-128
 953 039c 28       		.byte	40
 954 039d 80       		.byte	-128
 955 039e 29       		.byte	41
 956 039f 20       		.byte	32
 957 03a0 2A       		.byte	42
 958 03a1 44       		.byte	68
 959 03a2 2D       		.byte	45
 960 03a3 18       		.byte	24
 961 03a4 2F       		.byte	47
 962 03a5 24       		.byte	36
 963 03a6 30       		.byte	48
 964 03a7 A0       		.byte	-96
 965 03a8 31       		.byte	49
 966 03a9 08       		.byte	8
 967 03aa 32       		.byte	50
 968 03ab 02       		.byte	2
 969 03ac 35       		.byte	53
ARM GAS  C:\Users\david\AppData\Local\Temp\ccdsIqjq.s 			page 18


 970 03ad 10       		.byte	16
 971 03ae 36       		.byte	54
 972 03af 05       		.byte	5
 973 03b0 38       		.byte	56
 974 03b1 24       		.byte	36
 975 03b2 39       		.byte	57
 976 03b3 80       		.byte	-128
 977 03b4 3B       		.byte	59
 978 03b5 02       		.byte	2
 979 03b6 3C       		.byte	60
 980 03b7 02       		.byte	2
 981 03b8 3F       		.byte	63
 982 03b9 20       		.byte	32
 983 03ba 41       		.byte	65
 984 03bb 04       		.byte	4
 985 03bc 48       		.byte	72
 986 03bd 40       		.byte	64
 987 03be 4B       		.byte	75
 988 03bf 02       		.byte	2
 989 03c0 52       		.byte	82
 990 03c1 04       		.byte	4
 991 03c2 59       		.byte	89
 992 03c3 01       		.byte	1
 993 03c4 5A       		.byte	90
 994 03c5 48       		.byte	72
 995 03c6 5B       		.byte	91
 996 03c7 20       		.byte	32
 997 03c8 61       		.byte	97
 998 03c9 24       		.byte	36
 999 03ca 7B       		.byte	123
 1000 03cb 04       		.byte	4
 1001 03cc 82       		.byte	-126
 1002 03cd 02       		.byte	2
 1003 03ce 86       		.byte	-122
 1004 03cf 40       		.byte	64
 1005 03d0 88       		.byte	-120
 1006 03d1 40       		.byte	64
 1007 03d2 8A       		.byte	-118
 1008 03d3 02       		.byte	2
 1009 03d4 8B       		.byte	-117
 1010 03d5 10       		.byte	16
 1011 03d6 8D       		.byte	-115
 1012 03d7 01       		.byte	1
 1013 03d8 8F       		.byte	-113
 1014 03d9 21       		.byte	33
 1015 03da 90       		.byte	-112
 1016 03db 84       		.byte	-124
 1017 03dc 92       		.byte	-110
 1018 03dd 82       		.byte	-126
 1019 03de 93       		.byte	-109
 1020 03df 01       		.byte	1
 1021 03e0 95       		.byte	-107
 1022 03e1 10       		.byte	16
 1023 03e2 96       		.byte	-106
 1024 03e3 20       		.byte	32
 1025 03e4 99       		.byte	-103
 1026 03e5 14       		.byte	20
ARM GAS  C:\Users\david\AppData\Local\Temp\ccdsIqjq.s 			page 19


 1027 03e6 9B       		.byte	-101
 1028 03e7 08       		.byte	8
 1029 03e8 9D       		.byte	-99
 1030 03e9 40       		.byte	64
 1031 03ea 9E       		.byte	-98
 1032 03eb 02       		.byte	2
 1033 03ec 9F       		.byte	-97
 1034 03ed 10       		.byte	16
 1035 03ee A0       		.byte	-96
 1036 03ef 88       		.byte	-120
 1037 03f0 A1       		.byte	-95
 1038 03f1 20       		.byte	32
 1039 03f2 A2       		.byte	-94
 1040 03f3 44       		.byte	68
 1041 03f4 A3       		.byte	-93
 1042 03f5 04       		.byte	4
 1043 03f6 A4       		.byte	-92
 1044 03f7 01       		.byte	1
 1045 03f8 A5       		.byte	-91
 1046 03f9 01       		.byte	1
 1047 03fa A6       		.byte	-90
 1048 03fb 89       		.byte	-119
 1049 03fc A7       		.byte	-89
 1050 03fd 30       		.byte	48
 1051 03fe AD       		.byte	-83
 1052 03ff 02       		.byte	2
 1053 0400 AF       		.byte	-81
 1054 0401 20       		.byte	32
 1055 0402 B0       		.byte	-80
 1056 0403 10       		.byte	16
 1057 0404 C0       		.byte	-64
 1058 0405 82       		.byte	-126
 1059 0406 C2       		.byte	-62
 1060 0407 95       		.byte	-107
 1061 0408 C4       		.byte	-60
 1062 0409 0E       		.byte	14
 1063 040a CA       		.byte	-54
 1064 040b 6F       		.byte	111
 1065 040c CC       		.byte	-52
 1066 040d EF       		.byte	-17
 1067 040e CE       		.byte	-50
 1068 040f AF       		.byte	-81
 1069 0410 D0       		.byte	-48
 1070 0411 02       		.byte	2
 1071 0412 D6       		.byte	-42
 1072 0413 0F       		.byte	15
 1073 0414 D8       		.byte	-40
 1074 0415 06       		.byte	6
 1075 0416 DE       		.byte	-34
 1076 0417 04       		.byte	4
 1077 0418 E0       		.byte	-32
 1078 0419 10       		.byte	16
 1079 041a E2       		.byte	-30
 1080 041b 09       		.byte	9
 1081 041c 00       		.byte	0
 1082 041d 0A       		.byte	10
 1083 041e 01       		.byte	1
ARM GAS  C:\Users\david\AppData\Local\Temp\ccdsIqjq.s 			page 20


 1084 041f 09       		.byte	9
 1085 0420 02       		.byte	2
 1086 0421 14       		.byte	20
 1087 0422 03       		.byte	3
 1088 0423 D0       		.byte	-48
 1089 0424 05       		.byte	5
 1090 0425 10       		.byte	16
 1091 0426 07       		.byte	7
 1092 0427 40       		.byte	64
 1093 0428 08       		.byte	8
 1094 0429 13       		.byte	19
 1095 042a 0A       		.byte	10
 1096 042b 04       		.byte	4
 1097 042c 0C       		.byte	12
 1098 042d 03       		.byte	3
 1099 042e 0E       		.byte	14
 1100 042f 04       		.byte	4
 1101 0430 0F       		.byte	15
 1102 0431 03       		.byte	3
 1103 0432 11       		.byte	17
 1104 0433 14       		.byte	20
 1105 0434 14       		.byte	20
 1106 0435 13       		.byte	19
 1107 0436 16       		.byte	22
 1108 0437 0C       		.byte	12
 1109 0438 17       		.byte	23
 1110 0439 20       		.byte	32
 1111 043a 18       		.byte	24
 1112 043b 40       		.byte	64
 1113 043c 19       		.byte	25
 1114 043d 0C       		.byte	12
 1115 043e 1B       		.byte	27
 1116 043f 71       		.byte	113
 1117 0440 1E       		.byte	30
 1118 0441 08       		.byte	8
 1119 0442 24       		.byte	36
 1120 0443 20       		.byte	32
 1121 0444 26       		.byte	38
 1122 0445 05       		.byte	5
 1123 0446 29       		.byte	41
 1124 0447 10       		.byte	16
 1125 0448 2B       		.byte	43
 1126 0449 AC       		.byte	-84
 1127 044a 2D       		.byte	45
 1128 044b DC       		.byte	-36
 1129 044c 2F       		.byte	47
 1130 044d 22       		.byte	34
 1131 044e 32       		.byte	50
 1132 044f 0F       		.byte	15
 1133 0450 34       		.byte	52
 1134 0451 40       		.byte	64
 1135 0452 35       		.byte	53
 1136 0453 E0       		.byte	-32
 1137 0454 36       		.byte	54
 1138 0455 30       		.byte	48
 1139 0456 37       		.byte	55
 1140 0457 1F       		.byte	31
ARM GAS  C:\Users\david\AppData\Local\Temp\ccdsIqjq.s 			page 21


 1141 0458 38       		.byte	56
 1142 0459 80       		.byte	-128
 1143 045a 3A       		.byte	58
 1144 045b 08       		.byte	8
 1145 045c 3B       		.byte	59
 1146 045d 20       		.byte	32
 1147 045e 3E       		.byte	62
 1148 045f 10       		.byte	16
 1149 0460 54       		.byte	84
 1150 0461 01       		.byte	1
 1151 0462 58       		.byte	88
 1152 0463 04       		.byte	4
 1153 0464 59       		.byte	89
 1154 0465 04       		.byte	4
 1155 0466 5B       		.byte	91
 1156 0467 04       		.byte	4
 1157 0468 5C       		.byte	92
 1158 0469 11       		.byte	17
 1159 046a 5D       		.byte	93
 1160 046b 10       		.byte	16
 1161 046c 5F       		.byte	95
 1162 046d 01       		.byte	1
 1163 046e 83       		.byte	-125
 1164 046f 04       		.byte	4
 1165 0470 85       		.byte	-123
 1166 0471 03       		.byte	3
 1167 0472 86       		.byte	-122
 1168 0473 03       		.byte	3
 1169 0474 88       		.byte	-120
 1170 0475 12       		.byte	18
 1171 0476 89       		.byte	-119
 1172 0477 02       		.byte	2
 1173 0478 8A       		.byte	-118
 1174 0479 04       		.byte	4
 1175 047a 8B       		.byte	-117
 1176 047b 01       		.byte	1
 1177 047c 8E       		.byte	-114
 1178 047d 03       		.byte	3
 1179 047e 90       		.byte	-112
 1180 047f 03       		.byte	3
 1181 0480 94       		.byte	-108
 1182 0481 3C       		.byte	60
 1183 0482 97       		.byte	-105
 1184 0483 04       		.byte	4
 1185 0484 98       		.byte	-104
 1186 0485 03       		.byte	3
 1187 0486 99       		.byte	-103
 1188 0487 03       		.byte	3
 1189 0488 9C       		.byte	-100
 1190 0489 07       		.byte	7
 1191 048a 9E       		.byte	-98
 1192 048b 18       		.byte	24
 1193 048c A0       		.byte	-96
 1194 048d 20       		.byte	32
 1195 048e A6       		.byte	-90
 1196 048f 03       		.byte	3
 1197 0490 A8       		.byte	-88
ARM GAS  C:\Users\david\AppData\Local\Temp\ccdsIqjq.s 			page 22


 1198 0491 3C       		.byte	60
 1199 0492 AC       		.byte	-84
 1200 0493 09       		.byte	9
 1201 0494 AD       		.byte	-83
 1202 0495 01       		.byte	1
 1203 0496 AE       		.byte	-82
 1204 0497 04       		.byte	4
 1205 0498 AF       		.byte	-81
 1206 0499 02       		.byte	2
 1207 049a B0       		.byte	-80
 1208 049b 03       		.byte	3
 1209 049c B3       		.byte	-77
 1210 049d 03       		.byte	3
 1211 049e B4       		.byte	-76
 1212 049f 1C       		.byte	28
 1213 04a0 B5       		.byte	-75
 1214 04a1 04       		.byte	4
 1215 04a2 B6       		.byte	-74
 1216 04a3 20       		.byte	32
 1217 04a4 BF       		.byte	-65
 1218 04a5 10       		.byte	16
 1219 04a6 D4       		.byte	-44
 1220 04a7 18       		.byte	24
 1221 04a8 D8       		.byte	-40
 1222 04a9 04       		.byte	4
 1223 04aa D9       		.byte	-39
 1224 04ab 04       		.byte	4
 1225 04ac DB       		.byte	-37
 1226 04ad 04       		.byte	4
 1227 04ae DC       		.byte	-36
 1228 04af 11       		.byte	17
 1229 04b0 DD       		.byte	-35
 1230 04b1 10       		.byte	16
 1231 04b2 DF       		.byte	-33
 1232 04b3 01       		.byte	1
 1233 04b4 00       		.byte	0
 1234 04b5 10       		.byte	16
 1235 04b6 01       		.byte	1
 1236 04b7 88       		.byte	-120
 1237 04b8 06       		.byte	6
 1238 04b9 80       		.byte	-128
 1239 04ba 07       		.byte	7
 1240 04bb 09       		.byte	9
 1241 04bc 08       		.byte	8
 1242 04bd 40       		.byte	64
 1243 04be 0A       		.byte	10
 1244 04bf 64       		.byte	100
 1245 04c0 0C       		.byte	12
 1246 04c1 20       		.byte	32
 1247 04c2 0D       		.byte	13
 1248 04c3 20       		.byte	32
 1249 04c4 0E       		.byte	14
 1250 04c5 21       		.byte	33
 1251 04c6 10       		.byte	16
 1252 04c7 11       		.byte	17
 1253 04c8 12       		.byte	18
 1254 04c9 04       		.byte	4
ARM GAS  C:\Users\david\AppData\Local\Temp\ccdsIqjq.s 			page 23


 1255 04ca 13       		.byte	19
 1256 04cb 02       		.byte	2
 1257 04cc 17       		.byte	23
 1258 04cd 04       		.byte	4
 1259 04ce 19       		.byte	25
 1260 04cf C1       		.byte	-63
 1261 04d0 1A       		.byte	26
 1262 04d1 08       		.byte	8
 1263 04d2 1E       		.byte	30
 1264 04d3 29       		.byte	41
 1265 04d4 1F       		.byte	31
 1266 04d5 48       		.byte	72
 1267 04d6 20       		.byte	32
 1268 04d7 34       		.byte	52
 1269 04d8 21       		.byte	33
 1270 04d9 04       		.byte	4
 1271 04da 25       		.byte	37
 1272 04db 50       		.byte	80
 1273 04dc 26       		.byte	38
 1274 04dd 20       		.byte	32
 1275 04de 27       		.byte	39
 1276 04df 08       		.byte	8
 1277 04e0 28       		.byte	40
 1278 04e1 01       		.byte	1
 1279 04e2 2E       		.byte	46
 1280 04e3 80       		.byte	-128
 1281 04e4 2F       		.byte	47
 1282 04e5 08       		.byte	8
 1283 04e6 31       		.byte	49
 1284 04e7 08       		.byte	8
 1285 04e8 32       		.byte	50
 1286 04e9 10       		.byte	16
 1287 04ea 36       		.byte	54
 1288 04eb 22       		.byte	34
 1289 04ec 37       		.byte	55
 1290 04ed 04       		.byte	4
 1291 04ee 38       		.byte	56
 1292 04ef 10       		.byte	16
 1293 04f0 39       		.byte	57
 1294 04f1 06       		.byte	6
 1295 04f2 3A       		.byte	58
 1296 04f3 04       		.byte	4
 1297 04f4 3D       		.byte	61
 1298 04f5 80       		.byte	-128
 1299 04f6 3E       		.byte	62
 1300 04f7 01       		.byte	1
 1301 04f8 3F       		.byte	63
 1302 04f9 84       		.byte	-124
 1303 04fa 59       		.byte	89
 1304 04fb 01       		.byte	1
 1305 04fc 5D       		.byte	93
 1306 04fd 41       		.byte	65
 1307 04fe 5E       		.byte	94
 1308 04ff 08       		.byte	8
 1309 0500 5F       		.byte	95
 1310 0501 20       		.byte	32
 1311 0502 60       		.byte	96
ARM GAS  C:\Users\david\AppData\Local\Temp\ccdsIqjq.s 			page 24


 1312 0503 04       		.byte	4
 1313 0504 62       		.byte	98
 1314 0505 40       		.byte	64
 1315 0506 81       		.byte	-127
 1316 0507 10       		.byte	16
 1317 0508 87       		.byte	-121
 1318 0509 40       		.byte	64
 1319 050a 88       		.byte	-120
 1320 050b 40       		.byte	64
 1321 050c 8A       		.byte	-118
 1322 050d 24       		.byte	36
 1323 050e 8B       		.byte	-117
 1324 050f 04       		.byte	4
 1325 0510 A2       		.byte	-94
 1326 0511 08       		.byte	8
 1327 0512 B2       		.byte	-78
 1328 0513 08       		.byte	8
 1329 0514 C0       		.byte	-64
 1330 0515 D7       		.byte	-41
 1331 0516 C2       		.byte	-62
 1332 0517 EF       		.byte	-17
 1333 0518 C4       		.byte	-60
 1334 0519 2F       		.byte	47
 1335 051a CA       		.byte	-54
 1336 051b 38       		.byte	56
 1337 051c CC       		.byte	-52
 1338 051d E6       		.byte	-26
 1339 051e CE       		.byte	-50
 1340 051f D7       		.byte	-41
 1341 0520 D6       		.byte	-42
 1342 0521 F1       		.byte	-15
 1343 0522 D8       		.byte	-40
 1344 0523 0C       		.byte	12
 1345 0524 E2       		.byte	-30
 1346 0525 A0       		.byte	-96
 1347 0526 E4       		.byte	-28
 1348 0527 20       		.byte	32
 1349 0528 EC       		.byte	-20
 1350 0529 80       		.byte	-128
 1351 052a 90       		.byte	-112
 1352 052b 01       		.byte	1
 1353 052c AE       		.byte	-82
 1354 052d 02       		.byte	2
 1355 052e B0       		.byte	-80
 1356 052f 02       		.byte	2
 1357 0530 B2       		.byte	-78
 1358 0531 01       		.byte	1
 1359 0532 B9       		.byte	-71
 1360 0533 02       		.byte	2
 1361 0534 BE       		.byte	-66
 1362 0535 04       		.byte	4
 1363 0536 BF       		.byte	-65
 1364 0537 01       		.byte	1
 1365 0538 D8       		.byte	-40
 1366 0539 04       		.byte	4
 1367 053a D9       		.byte	-39
 1368 053b 04       		.byte	4
ARM GAS  C:\Users\david\AppData\Local\Temp\ccdsIqjq.s 			page 25


 1369 053c DC       		.byte	-36
 1370 053d 01       		.byte	1
 1371 053e DF       		.byte	-33
 1372 053f 01       		.byte	1
 1373 0540 00       		.byte	0
 1374 0541 64       		.byte	100
 1375 0542 08       		.byte	8
 1376 0543 50       		.byte	80
 1377 0544 0A       		.byte	10
 1378 0545 18       		.byte	24
 1379 0546 0B       		.byte	11
 1380 0547 40       		.byte	64
 1381 0548 0F       		.byte	15
 1382 0549 80       		.byte	-128
 1383 054a 10       		.byte	16
 1384 054b 81       		.byte	-127
 1385 054c 11       		.byte	17
 1386 054d 40       		.byte	64
 1387 054e 13       		.byte	19
 1388 054f 14       		.byte	20
 1389 0550 15       		.byte	21
 1390 0551 40       		.byte	64
 1391 0552 18       		.byte	24
 1392 0553 44       		.byte	68
 1393 0554 19       		.byte	25
 1394 0555 29       		.byte	41
 1395 0556 1A       		.byte	26
 1396 0557 55       		.byte	85
 1397 0558 1F       		.byte	31
 1398 0559 0A       		.byte	10
 1399 055a 21       		.byte	33
 1400 055b A1       		.byte	-95
 1401 055c 22       		.byte	34
 1402 055d 04       		.byte	4
 1403 055e 23       		.byte	35
 1404 055f 01       		.byte	1
 1405 0560 24       		.byte	36
 1406 0561 80       		.byte	-128
 1407 0562 29       		.byte	41
 1408 0563 29       		.byte	41
 1409 0564 2B       		.byte	43
 1410 0565 02       		.byte	2
 1411 0566 30       		.byte	48
 1412 0567 91       		.byte	-111
 1413 0568 31       		.byte	49
 1414 0569 04       		.byte	4
 1415 056a 38       		.byte	56
 1416 056b 28       		.byte	40
 1417 056c 3B       		.byte	59
 1418 056d 41       		.byte	65
 1419 056e 40       		.byte	64
 1420 056f 44       		.byte	68
 1421 0570 41       		.byte	65
 1422 0571 80       		.byte	-128
 1423 0572 49       		.byte	73
 1424 0573 44       		.byte	68
 1425 0574 4A       		.byte	74
ARM GAS  C:\Users\david\AppData\Local\Temp\ccdsIqjq.s 			page 26


 1426 0575 08       		.byte	8
 1427 0576 4B       		.byte	75
 1428 0577 40       		.byte	64
 1429 0578 51       		.byte	81
 1430 0579 08       		.byte	8
 1431 057a 5A       		.byte	90
 1432 057b 01       		.byte	1
 1433 057c 69       		.byte	105
 1434 057d 04       		.byte	4
 1435 057e 6A       		.byte	106
 1436 057f 20       		.byte	32
 1437 0580 6B       		.byte	107
 1438 0581 02       		.byte	2
 1439 0582 70       		.byte	112
 1440 0583 94       		.byte	-108
 1441 0584 73       		.byte	115
 1442 0585 14       		.byte	20
 1443 0586 82       		.byte	-126
 1444 0587 02       		.byte	2
 1445 0588 85       		.byte	-123
 1446 0589 20       		.byte	32
 1447 058a 86       		.byte	-122
 1448 058b 40       		.byte	64
 1449 058c 87       		.byte	-121
 1450 058d 08       		.byte	8
 1451 058e 8C       		.byte	-116
 1452 058f 40       		.byte	64
 1453 0590 8D       		.byte	-115
 1454 0591 40       		.byte	64
 1455 0592 95       		.byte	-107
 1456 0593 06       		.byte	6
 1457 0594 96       		.byte	-106
 1458 0595 64       		.byte	100
 1459 0596 98       		.byte	-104
 1460 0597 40       		.byte	64
 1461 0598 99       		.byte	-103
 1462 0599 40       		.byte	64
 1463 059a 9C       		.byte	-100
 1464 059b 11       		.byte	17
 1465 059c 9D       		.byte	-99
 1466 059d 08       		.byte	8
 1467 059e 9E       		.byte	-98
 1468 059f 40       		.byte	64
 1469 05a0 9F       		.byte	-97
 1470 05a1 02       		.byte	2
 1471 05a2 A0       		.byte	-96
 1472 05a3 10       		.byte	16
 1473 05a4 A2       		.byte	-94
 1474 05a5 08       		.byte	8
 1475 05a6 A3       		.byte	-93
 1476 05a7 40       		.byte	64
 1477 05a8 A5       		.byte	-91
 1478 05a9 08       		.byte	8
 1479 05aa A6       		.byte	-90
 1480 05ab 02       		.byte	2
 1481 05ac AB       		.byte	-85
 1482 05ad 04       		.byte	4
ARM GAS  C:\Users\david\AppData\Local\Temp\ccdsIqjq.s 			page 27


 1483 05ae AC       		.byte	-84
 1484 05af 20       		.byte	32
 1485 05b0 AD       		.byte	-83
 1486 05b1 21       		.byte	33
 1487 05b2 AF       		.byte	-81
 1488 05b3 08       		.byte	8
 1489 05b4 B1       		.byte	-79
 1490 05b5 04       		.byte	4
 1491 05b6 B3       		.byte	-77
 1492 05b7 21       		.byte	33
 1493 05b8 B5       		.byte	-75
 1494 05b9 40       		.byte	64
 1495 05ba B6       		.byte	-74
 1496 05bb 80       		.byte	-128
 1497 05bc C0       		.byte	-64
 1498 05bd 07       		.byte	7
 1499 05be C2       		.byte	-62
 1500 05bf 1F       		.byte	31
 1501 05c0 C4       		.byte	-60
 1502 05c1 8F       		.byte	-113
 1503 05c2 CA       		.byte	-54
 1504 05c3 0F       		.byte	15
 1505 05c4 CC       		.byte	-52
 1506 05c5 0F       		.byte	15
 1507 05c6 CE       		.byte	-50
 1508 05c7 0F       		.byte	15
 1509 05c8 D0       		.byte	-48
 1510 05c9 0D       		.byte	13
 1511 05ca D2       		.byte	-46
 1512 05cb 0C       		.byte	12
 1513 05cc D6       		.byte	-42
 1514 05cd 01       		.byte	1
 1515 05ce E4       		.byte	-28
 1516 05cf 02       		.byte	2
 1517 05d0 E8       		.byte	-24
 1518 05d1 40       		.byte	64
 1519 05d2 EC       		.byte	-20
 1520 05d3 30       		.byte	48
 1521 05d4 EE       		.byte	-18
 1522 05d5 80       		.byte	-128
 1523 05d6 50       		.byte	80
 1524 05d7 20       		.byte	32
 1525 05d8 D4       		.byte	-44
 1526 05d9 04       		.byte	4
 1527 05da A4       		.byte	-92
 1528 05db 20       		.byte	32
 1529 05dc 83       		.byte	-125
 1530 05dd 02       		.byte	2
 1531 05de A4       		.byte	-92
 1532 05df 20       		.byte	32
 1533 05e0 8D       		.byte	-115
 1534 05e1 04       		.byte	4
 1535 05e2 01       		.byte	1
 1536 05e3 10       		.byte	16
 1537 05e4 05       		.byte	5
 1538 05e5 04       		.byte	4
 1539 05e6 85       		.byte	-123
ARM GAS  C:\Users\david\AppData\Local\Temp\ccdsIqjq.s 			page 28


 1540 05e7 10       		.byte	16
 1541 05e8 9D       		.byte	-99
 1542 05e9 04       		.byte	4
 1543 05ea C0       		.byte	-64
 1544 05eb 60       		.byte	96
 1545 05ec E4       		.byte	-28
 1546 05ed 10       		.byte	16
 1547 05ee 9F       		.byte	-97
 1548 05ef 02       		.byte	2
 1549 05f0 A4       		.byte	-92
 1550 05f1 20       		.byte	32
 1551 05f2 12       		.byte	18
 1552 05f3 80       		.byte	-128
 1553 05f4 13       		.byte	19
 1554 05f5 02       		.byte	2
 1555 05f6 74       		.byte	116
 1556 05f7 04       		.byte	4
 1557 05f8 84       		.byte	-124
 1558 05f9 04       		.byte	4
 1559 05fa 8C       		.byte	-116
 1560 05fb 20       		.byte	32
 1561 05fc 8E       		.byte	-114
 1562 05fd 80       		.byte	-128
 1563 05fe 9F       		.byte	-97
 1564 05ff 02       		.byte	2
 1565 0600 A4       		.byte	-92
 1566 0601 20       		.byte	32
 1567 0602 C4       		.byte	-60
 1568 0603 08       		.byte	8
 1569 0604 DE       		.byte	-34
 1570 0605 04       		.byte	4
 1571 0606 E2       		.byte	-30
 1572 0607 02       		.byte	2
 1573 0608 E4       		.byte	-28
 1574 0609 08       		.byte	8
 1575 060a 00       		.byte	0
 1576 060b 01       		.byte	1
 1577 060c 0A       		.byte	10
 1578 060d 01       		.byte	1
 1579 060e 10       		.byte	16
 1580 060f 03       		.byte	3
 1581 0610 1A       		.byte	26
 1582 0611 03       		.byte	3
 1583 0612 1C       		.byte	28
 1584 0613 02       		.byte	2
 1585 0614 00       		.byte	0
 1586 0615 00       		.byte	0
 1587 0616 00       		.byte	0
 1588 0617 40       		.byte	64
 1589 0618 33       		.byte	51
 1590 0619 18       		.byte	24
 1591 061a 0C       		.byte	12
 1592 061b 00       		.byte	0
 1593 061c 02       		.byte	2
 1594 061d 08       		.byte	8
 1595 061e 00       		.byte	0
 1596 061f 00       		.byte	0
ARM GAS  C:\Users\david\AppData\Local\Temp\ccdsIqjq.s 			page 29


 1597 0620 3F       		.byte	63
 1598 0621 00       		.byte	0
 1599 0622 00       		.byte	0
 1600 0623 23       		.byte	35
 1601 0624 00       		.byte	0
 1602 0625 04       		.byte	4
 1603 0626 23       		.byte	35
 1604 0627 00       		.byte	0
 1605 0628 1F       		.byte	31
 1606 0629 00       		.byte	0
 1607 062a 20       		.byte	32
 1608 062b 40       		.byte	64
 1609 062c 1C       		.byte	28
 1610 062d 3C       		.byte	60
 1611 062e 23       		.byte	35
 1612 062f 82       		.byte	-126
 1613 0630 03       		.byte	3
 1614 0631 10       		.byte	16
 1615 0632 00       		.byte	0
 1616 0633 00       		.byte	0
 1617 0634 08       		.byte	8
 1618 0635 BF       		.byte	-65
 1619 0636 00       		.byte	0
 1620 0637 00       		.byte	0
 1621 0638 04       		.byte	4
 1622 0639 1C       		.byte	28
 1623 063a 00       		.byte	0
 1624 063b A1       		.byte	-95
 1625 063c 0C       		.byte	12
 1626 063d A7       		.byte	-89
 1627 063e 00       		.byte	0
 1628 063f 18       		.byte	24
 1629 0640 01       		.byte	1
 1630 0641 00       		.byte	0
 1631 0642 00       		.byte	0
 1632 0643 04       		.byte	4
 1633 0644 00       		.byte	0
 1634 0645 80       		.byte	-128
 1635 0646 2C       		.byte	44
 1636 0647 1F       		.byte	31
 1637 0648 0F       		.byte	15
 1638 0649 40       		.byte	64
 1639 064a 10       		.byte	16
 1640 064b 38       		.byte	56
 1641 064c 00       		.byte	0
 1642 064d 02       		.byte	2
 1643 064e 2A       		.byte	42
 1644 064f 08       		.byte	8
 1645 0650 00       		.byte	0
 1646 0651 00       		.byte	0
 1647 0652 40       		.byte	64
 1648 0653 10       		.byte	16
 1649 0654 25       		.byte	37
 1650 0655 04       		.byte	4
 1651 0656 01       		.byte	1
 1652 0657 00       		.byte	0
 1653 0658 06       		.byte	6
ARM GAS  C:\Users\david\AppData\Local\Temp\ccdsIqjq.s 			page 30


 1654 0659 0C       		.byte	12
 1655 065a 00       		.byte	0
 1656 065b 0E       		.byte	14
 1657 065c 11       		.byte	17
 1658 065d FF       		.byte	-1
 1659 065e FF       		.byte	-1
 1660 065f FF       		.byte	-1
 1661 0660 62       		.byte	98
 1662 0661 A0       		.byte	-96
 1663 0662 F0       		.byte	-16
 1664 0663 41       		.byte	65
 1665 0664 0C       		.byte	12
 1666 0665 00       		.byte	0
 1667 0666 00       		.byte	0
 1668 0667 00       		.byte	0
 1669 0668 00       		.byte	0
 1670 0669 00       		.byte	0
 1671 066a 02       		.byte	2
 1672 066b 13       		.byte	19
 1673 066c 04       		.byte	4
 1674 066d 04       		.byte	4
 1675 066e 04       		.byte	4
 1676 066f 04       		.byte	4
 1677 0670 11       		.byte	17
 1678 0671 11       		.byte	17
 1679 0672 00       		.byte	0
 1680 0673 01       		.byte	1
 1681 0674 00       		.byte	0
 1682 0675 00       		.byte	0
 1683 0676 00       		.byte	0
 1684 0677 00       		.byte	0
 1685 0678 00       		.byte	0
 1686 0679 00       		.byte	0
 1687 067a 40       		.byte	64
 1688 067b 02       		.byte	2
 1689 067c 00       		.byte	0
 1690 067d 10       		.byte	16
 1691 067e 30       		.byte	48
 1692 067f 10       		.byte	16
 1693 0680 00       		.byte	0
 1694 0681 10       		.byte	16
 1695 0682 10       		.byte	16
 1696 0683 12       		.byte	18
 1697 0684 00       		.byte	0
 1698 0685 00       		.byte	0
 1699 0686 00       		.byte	0
 1700 0687 00       		.byte	0
 1701 0688 00       		.byte	0
 1702 0689 00       		.byte	0
 1703 068a 00       		.byte	0
 1704 068b 00       		.byte	0
 1705 068c 00       		.byte	0
 1706 068d 00       		.byte	0
 1707 068e 00       		.byte	0
 1708 068f 00       		.byte	0
 1709 0690 00       		.byte	0
 1710 0691 00       		.byte	0
ARM GAS  C:\Users\david\AppData\Local\Temp\ccdsIqjq.s 			page 31


 1711 0692 00       		.byte	0
 1712 0693 00       		.byte	0
 1713 0694 00       		.byte	0
 1714 0695 7F       		.byte	127
 1715 0696 7F       		.byte	127
 1716 0697 00       		.byte	0
 1717 0698 00       		.byte	0
 1718 0699 00       		.byte	0
 1719 069a 00       		.byte	0
 1720 069b 00       		.byte	0
 1721 069c 80       		.byte	-128
 1722 069d 00       		.byte	0
 1723 069e 40       		.byte	64
 1724 069f 80       		.byte	-128
 1725 06a0 80       		.byte	-128
 1726 06a1 00       		.byte	0
 1727 06a2 80       		.byte	-128
 1728 06a3 00       		.byte	0
 1729 06a4 00       		.byte	0
 1730 06a5 00       		.byte	0
 1731 06a6 00       		.byte	0
 1732 06a7 00       		.byte	0
 1733 06a8 00       		.byte	0
 1734 06a9 0B       		.byte	11
 1735 06aa 0B       		.byte	11
 1736 06ab 00       		.byte	0
 1737 06ac 00       		.byte	0
 1738 06ad 00       		.byte	0
 1739 06ae 00       		.byte	0
 1740 06af 00       		.byte	0
 1741 06b0 00       		.byte	0
 1742 06b1 02       		.byte	2
 1743 06b2 02       		.byte	2
 1744 06b3 00       		.byte	0
 1745 06b4 02       		.byte	2
 1746 06b5 00       		.byte	0
 1747 06b6 00       		.byte	0
 1748 06b7 00       		.byte	0
 1749 06b8 06       		.byte	6
 1750 06b9 00       		.byte	0
 1751 06ba 00       		.byte	0
 1752 06bb 00       		.byte	0
 1753 06bc 00       		.byte	0
 1754 06bd 00       		.byte	0
 1755 06be 00       		.byte	0
 1756 06bf 00       		.byte	0
 1757              		.section	.cywolatch,"a",%progbits
 1758              		.align	2
 1759              		.type	cy_meta_wonvl, %object
 1760              		.size	cy_meta_wonvl, 4
 1761              	cy_meta_wonvl:
 1762 0000 BC       		.byte	-68
 1763 0001 90       		.byte	-112
 1764 0002 AC       		.byte	-84
 1765 0003 AF       		.byte	-81
 1766              		.section	.cycustnvl,"a",%progbits
 1767              		.align	2
ARM GAS  C:\Users\david\AppData\Local\Temp\ccdsIqjq.s 			page 32


 1768              		.type	cy_meta_custnvl, %object
 1769              		.size	cy_meta_custnvl, 4
 1770              	cy_meta_custnvl:
 1771 0000 00       		.byte	0
 1772 0001 00       		.byte	0
 1773 0002 40       		.byte	64
 1774 0003 05       		.byte	5
 1775              		.section	.cymeta,"a",%progbits
 1776              		.align	2
 1777              		.type	cy_metadata, %object
 1778              		.size	cy_metadata, 12
 1779              	cy_metadata:
 1780 0000 00       		.byte	0
 1781 0001 01       		.byte	1
 1782 0002 2E       		.byte	46
 1783 0003 16       		.byte	22
 1784 0004 10       		.byte	16
 1785 0005 69       		.byte	105
 1786 0006 00       		.byte	0
 1787 0007 01       		.byte	1
 1788 0008 00       		.byte	0
 1789 0009 00       		.byte	0
 1790 000a 00       		.byte	0
 1791 000b 00       		.byte	0
 1792              		.section	.cyflashprotect,"a",%progbits
 1793              		.align	2
 1794              		.type	cy_meta_flashprotect, %object
 1795              		.size	cy_meta_flashprotect, 256
 1796              	cy_meta_flashprotect:
 1797 0000 00000000 		.space	256
 1797      00000000 
 1797      00000000 
 1797      00000000 
 1797      00000000 
 1798              		.text
 1799              	.Letext0:
 1800              		.file 1 "c:\\program files (x86)\\cypress\\psoc creator\\4.2\\psoc creator\\import\\gnu\\arm\\5.4.
 1801              		.file 2 "c:\\program files (x86)\\cypress\\psoc creator\\4.2\\psoc creator\\import\\gnu\\arm\\5.4.
 1802              		.file 3 "Generated_Source\\PSoC5\\cymetadata.c"
 1803              		.section	.debug_info,"",%progbits
 1804              	.Ldebug_info0:
 1805 0000 35010000 		.4byte	0x135
 1806 0004 0400     		.2byte	0x4
 1807 0006 00000000 		.4byte	.Ldebug_abbrev0
 1808 000a 04       		.byte	0x4
 1809 000b 01       		.uleb128 0x1
 1810 000c 24000000 		.4byte	.LASF17
 1811 0010 0C       		.byte	0xc
 1812 0011 DF010000 		.4byte	.LASF18
 1813 0015 5F010000 		.4byte	.LASF19
 1814 0019 00000000 		.4byte	.Ldebug_line0
 1815 001d 02       		.uleb128 0x2
 1816 001e 01       		.byte	0x1
 1817 001f 06       		.byte	0x6
 1818 0020 D3010000 		.4byte	.LASF0
 1819 0024 03       		.uleb128 0x3
 1820 0025 00000000 		.4byte	.LASF9
ARM GAS  C:\Users\david\AppData\Local\Temp\ccdsIqjq.s 			page 33


 1821 0029 01       		.byte	0x1
 1822 002a 1D       		.byte	0x1d
 1823 002b 2F000000 		.4byte	0x2f
 1824 002f 02       		.uleb128 0x2
 1825 0030 01       		.byte	0x1
 1826 0031 08       		.byte	0x8
 1827 0032 16000000 		.4byte	.LASF1
 1828 0036 02       		.uleb128 0x2
 1829 0037 02       		.byte	0x2
 1830 0038 05       		.byte	0x5
 1831 0039 C0010000 		.4byte	.LASF2
 1832 003d 02       		.uleb128 0x2
 1833 003e 02       		.byte	0x2
 1834 003f 07       		.byte	0x7
 1835 0040 C4000000 		.4byte	.LASF3
 1836 0044 02       		.uleb128 0x2
 1837 0045 04       		.byte	0x4
 1838 0046 05       		.byte	0x5
 1839 0047 CA010000 		.4byte	.LASF4
 1840 004b 02       		.uleb128 0x2
 1841 004c 04       		.byte	0x4
 1842 004d 07       		.byte	0x7
 1843 004e B2000000 		.4byte	.LASF5
 1844 0052 02       		.uleb128 0x2
 1845 0053 08       		.byte	0x8
 1846 0054 05       		.byte	0x5
 1847 0055 51010000 		.4byte	.LASF6
 1848 0059 02       		.uleb128 0x2
 1849 005a 08       		.byte	0x8
 1850 005b 07       		.byte	0x7
 1851 005c 06010000 		.4byte	.LASF7
 1852 0060 04       		.uleb128 0x4
 1853 0061 04       		.byte	0x4
 1854 0062 05       		.byte	0x5
 1855 0063 696E7400 		.ascii	"int\000"
 1856 0067 02       		.uleb128 0x2
 1857 0068 04       		.byte	0x4
 1858 0069 07       		.byte	0x7
 1859 006a F9000000 		.4byte	.LASF8
 1860 006e 03       		.uleb128 0x3
 1861 006f 1D010000 		.4byte	.LASF10
 1862 0073 02       		.byte	0x2
 1863 0074 18       		.byte	0x18
 1864 0075 24000000 		.4byte	0x24
 1865 0079 05       		.uleb128 0x5
 1866 007a 91000000 		.4byte	0x91
 1867 007e 8A000000 		.4byte	0x8a
 1868 0082 06       		.uleb128 0x6
 1869 0083 8A000000 		.4byte	0x8a
 1870 0087 BF06     		.2byte	0x6bf
 1871 0089 00       		.byte	0
 1872 008a 02       		.uleb128 0x2
 1873 008b 04       		.byte	0x4
 1874 008c 07       		.byte	0x7
 1875 008d 48010000 		.4byte	.LASF11
 1876 0091 07       		.uleb128 0x7
 1877 0092 6E000000 		.4byte	0x6e
ARM GAS  C:\Users\david\AppData\Local\Temp\ccdsIqjq.s 			page 34


 1878 0096 08       		.uleb128 0x8
 1879 0097 E7000000 		.4byte	.LASF12
 1880 009b 03       		.byte	0x3
 1881 009c 1F       		.byte	0x1f
 1882 009d A7000000 		.4byte	0xa7
 1883 00a1 05       		.uleb128 0x5
 1884 00a2 03       		.byte	0x3
 1885 00a3 00000000 		.4byte	cy_meta_configecc
 1886 00a7 07       		.uleb128 0x7
 1887 00a8 79000000 		.4byte	0x79
 1888 00ac 05       		.uleb128 0x5
 1889 00ad 91000000 		.4byte	0x91
 1890 00b1 BC000000 		.4byte	0xbc
 1891 00b5 09       		.uleb128 0x9
 1892 00b6 8A000000 		.4byte	0x8a
 1893 00ba 03       		.byte	0x3
 1894 00bb 00       		.byte	0
 1895 00bc 0A       		.uleb128 0xa
 1896 00bd D7000000 		.4byte	.LASF13
 1897 00c1 03       		.byte	0x3
 1898 00c2 0401     		.2byte	0x104
 1899 00c4 CE000000 		.4byte	0xce
 1900 00c8 05       		.uleb128 0x5
 1901 00c9 03       		.byte	0x3
 1902 00ca 00000000 		.4byte	cy_meta_custnvl
 1903 00ce 07       		.uleb128 0x7
 1904 00cf AC000000 		.4byte	0xac
 1905 00d3 0A       		.uleb128 0xa
 1906 00d4 3A010000 		.4byte	.LASF14
 1907 00d8 03       		.byte	0x3
 1908 00d9 1201     		.2byte	0x112
 1909 00db E5000000 		.4byte	0xe5
 1910 00df 05       		.uleb128 0x5
 1911 00e0 03       		.byte	0x3
 1912 00e1 00000000 		.4byte	cy_meta_wonvl
 1913 00e5 07       		.uleb128 0x7
 1914 00e6 AC000000 		.4byte	0xac
 1915 00ea 05       		.uleb128 0x5
 1916 00eb 91000000 		.4byte	0x91
 1917 00ef FA000000 		.4byte	0xfa
 1918 00f3 09       		.uleb128 0x9
 1919 00f4 8A000000 		.4byte	0x8a
 1920 00f8 FF       		.byte	0xff
 1921 00f9 00       		.byte	0
 1922 00fa 0A       		.uleb128 0xa
 1923 00fb 25010000 		.4byte	.LASF15
 1924 00ff 03       		.byte	0x3
 1925 0100 2001     		.2byte	0x120
 1926 0102 0C010000 		.4byte	0x10c
 1927 0106 05       		.uleb128 0x5
 1928 0107 03       		.byte	0x3
 1929 0108 00000000 		.4byte	cy_meta_flashprotect
 1930 010c 07       		.uleb128 0x7
 1931 010d EA000000 		.4byte	0xea
 1932 0111 05       		.uleb128 0x5
 1933 0112 91000000 		.4byte	0x91
 1934 0116 21010000 		.4byte	0x121
ARM GAS  C:\Users\david\AppData\Local\Temp\ccdsIqjq.s 			page 35


 1935 011a 09       		.uleb128 0x9
 1936 011b 8A000000 		.4byte	0x8a
 1937 011f 0B       		.byte	0xb
 1938 0120 00       		.byte	0
 1939 0121 0A       		.uleb128 0xa
 1940 0122 0A000000 		.4byte	.LASF16
 1941 0126 03       		.byte	0x3
 1942 0127 4D01     		.2byte	0x14d
 1943 0129 33010000 		.4byte	0x133
 1944 012d 05       		.uleb128 0x5
 1945 012e 03       		.byte	0x3
 1946 012f 00000000 		.4byte	cy_metadata
 1947 0133 07       		.uleb128 0x7
 1948 0134 11010000 		.4byte	0x111
 1949 0138 00       		.byte	0
 1950              		.section	.debug_abbrev,"",%progbits
 1951              	.Ldebug_abbrev0:
 1952 0000 01       		.uleb128 0x1
 1953 0001 11       		.uleb128 0x11
 1954 0002 01       		.byte	0x1
 1955 0003 25       		.uleb128 0x25
 1956 0004 0E       		.uleb128 0xe
 1957 0005 13       		.uleb128 0x13
 1958 0006 0B       		.uleb128 0xb
 1959 0007 03       		.uleb128 0x3
 1960 0008 0E       		.uleb128 0xe
 1961 0009 1B       		.uleb128 0x1b
 1962 000a 0E       		.uleb128 0xe
 1963 000b 10       		.uleb128 0x10
 1964 000c 17       		.uleb128 0x17
 1965 000d 00       		.byte	0
 1966 000e 00       		.byte	0
 1967 000f 02       		.uleb128 0x2
 1968 0010 24       		.uleb128 0x24
 1969 0011 00       		.byte	0
 1970 0012 0B       		.uleb128 0xb
 1971 0013 0B       		.uleb128 0xb
 1972 0014 3E       		.uleb128 0x3e
 1973 0015 0B       		.uleb128 0xb
 1974 0016 03       		.uleb128 0x3
 1975 0017 0E       		.uleb128 0xe
 1976 0018 00       		.byte	0
 1977 0019 00       		.byte	0
 1978 001a 03       		.uleb128 0x3
 1979 001b 16       		.uleb128 0x16
 1980 001c 00       		.byte	0
 1981 001d 03       		.uleb128 0x3
 1982 001e 0E       		.uleb128 0xe
 1983 001f 3A       		.uleb128 0x3a
 1984 0020 0B       		.uleb128 0xb
 1985 0021 3B       		.uleb128 0x3b
 1986 0022 0B       		.uleb128 0xb
 1987 0023 49       		.uleb128 0x49
 1988 0024 13       		.uleb128 0x13
 1989 0025 00       		.byte	0
 1990 0026 00       		.byte	0
 1991 0027 04       		.uleb128 0x4
ARM GAS  C:\Users\david\AppData\Local\Temp\ccdsIqjq.s 			page 36


 1992 0028 24       		.uleb128 0x24
 1993 0029 00       		.byte	0
 1994 002a 0B       		.uleb128 0xb
 1995 002b 0B       		.uleb128 0xb
 1996 002c 3E       		.uleb128 0x3e
 1997 002d 0B       		.uleb128 0xb
 1998 002e 03       		.uleb128 0x3
 1999 002f 08       		.uleb128 0x8
 2000 0030 00       		.byte	0
 2001 0031 00       		.byte	0
 2002 0032 05       		.uleb128 0x5
 2003 0033 01       		.uleb128 0x1
 2004 0034 01       		.byte	0x1
 2005 0035 49       		.uleb128 0x49
 2006 0036 13       		.uleb128 0x13
 2007 0037 01       		.uleb128 0x1
 2008 0038 13       		.uleb128 0x13
 2009 0039 00       		.byte	0
 2010 003a 00       		.byte	0
 2011 003b 06       		.uleb128 0x6
 2012 003c 21       		.uleb128 0x21
 2013 003d 00       		.byte	0
 2014 003e 49       		.uleb128 0x49
 2015 003f 13       		.uleb128 0x13
 2016 0040 2F       		.uleb128 0x2f
 2017 0041 05       		.uleb128 0x5
 2018 0042 00       		.byte	0
 2019 0043 00       		.byte	0
 2020 0044 07       		.uleb128 0x7
 2021 0045 26       		.uleb128 0x26
 2022 0046 00       		.byte	0
 2023 0047 49       		.uleb128 0x49
 2024 0048 13       		.uleb128 0x13
 2025 0049 00       		.byte	0
 2026 004a 00       		.byte	0
 2027 004b 08       		.uleb128 0x8
 2028 004c 34       		.uleb128 0x34
 2029 004d 00       		.byte	0
 2030 004e 03       		.uleb128 0x3
 2031 004f 0E       		.uleb128 0xe
 2032 0050 3A       		.uleb128 0x3a
 2033 0051 0B       		.uleb128 0xb
 2034 0052 3B       		.uleb128 0x3b
 2035 0053 0B       		.uleb128 0xb
 2036 0054 49       		.uleb128 0x49
 2037 0055 13       		.uleb128 0x13
 2038 0056 3F       		.uleb128 0x3f
 2039 0057 19       		.uleb128 0x19
 2040 0058 02       		.uleb128 0x2
 2041 0059 18       		.uleb128 0x18
 2042 005a 00       		.byte	0
 2043 005b 00       		.byte	0
 2044 005c 09       		.uleb128 0x9
 2045 005d 21       		.uleb128 0x21
 2046 005e 00       		.byte	0
 2047 005f 49       		.uleb128 0x49
 2048 0060 13       		.uleb128 0x13
ARM GAS  C:\Users\david\AppData\Local\Temp\ccdsIqjq.s 			page 37


 2049 0061 2F       		.uleb128 0x2f
 2050 0062 0B       		.uleb128 0xb
 2051 0063 00       		.byte	0
 2052 0064 00       		.byte	0
 2053 0065 0A       		.uleb128 0xa
 2054 0066 34       		.uleb128 0x34
 2055 0067 00       		.byte	0
 2056 0068 03       		.uleb128 0x3
 2057 0069 0E       		.uleb128 0xe
 2058 006a 3A       		.uleb128 0x3a
 2059 006b 0B       		.uleb128 0xb
 2060 006c 3B       		.uleb128 0x3b
 2061 006d 05       		.uleb128 0x5
 2062 006e 49       		.uleb128 0x49
 2063 006f 13       		.uleb128 0x13
 2064 0070 3F       		.uleb128 0x3f
 2065 0071 19       		.uleb128 0x19
 2066 0072 02       		.uleb128 0x2
 2067 0073 18       		.uleb128 0x18
 2068 0074 00       		.byte	0
 2069 0075 00       		.byte	0
 2070 0076 00       		.byte	0
 2071              		.section	.debug_aranges,"",%progbits
 2072 0000 14000000 		.4byte	0x14
 2073 0004 0200     		.2byte	0x2
 2074 0006 00000000 		.4byte	.Ldebug_info0
 2075 000a 04       		.byte	0x4
 2076 000b 00       		.byte	0
 2077 000c 0000     		.2byte	0
 2078 000e 0000     		.2byte	0
 2079 0010 00000000 		.4byte	0
 2080 0014 00000000 		.4byte	0
 2081              		.section	.debug_line,"",%progbits
 2082              	.Ldebug_line0:
 2083 0000 3D010000 		.section	.debug_str,"MS",%progbits,1
 2083      02003701 
 2083      00000201 
 2083      FB0E0D00 
 2083      01010101 
 2084              	.LASF9:
 2085 0000 5F5F7569 		.ascii	"__uint8_t\000"
 2085      6E74385F 
 2085      7400
 2086              	.LASF16:
 2087 000a 63795F6D 		.ascii	"cy_metadata\000"
 2087      65746164 
 2087      61746100 
 2088              	.LASF1:
 2089 0016 756E7369 		.ascii	"unsigned char\000"
 2089      676E6564 
 2089      20636861 
 2089      7200
 2090              	.LASF17:
 2091 0024 474E5520 		.ascii	"GNU C11 5.4.1 20160609 (release) [ARM/embedded-5-br"
 2091      43313120 
 2091      352E342E 
 2091      31203230 
ARM GAS  C:\Users\david\AppData\Local\Temp\ccdsIqjq.s 			page 38


 2091      31363036 
 2092 0057 616E6368 		.ascii	"anch revision 237715] -mcpu=cortex-m3 -mthumb -g -O"
 2092      20726576 
 2092      6973696F 
 2092      6E203233 
 2092      37373135 
 2093 008a 67202D66 		.ascii	"g -ffunction-sections -ffat-lto-objects\000"
 2093      66756E63 
 2093      74696F6E 
 2093      2D736563 
 2093      74696F6E 
 2094              	.LASF5:
 2095 00b2 6C6F6E67 		.ascii	"long unsigned int\000"
 2095      20756E73 
 2095      69676E65 
 2095      6420696E 
 2095      7400
 2096              	.LASF3:
 2097 00c4 73686F72 		.ascii	"short unsigned int\000"
 2097      7420756E 
 2097      7369676E 
 2097      65642069 
 2097      6E7400
 2098              	.LASF13:
 2099 00d7 63795F6D 		.ascii	"cy_meta_custnvl\000"
 2099      6574615F 
 2099      63757374 
 2099      6E766C00 
 2100              	.LASF12:
 2101 00e7 63795F6D 		.ascii	"cy_meta_configecc\000"
 2101      6574615F 
 2101      636F6E66 
 2101      69676563 
 2101      6300
 2102              	.LASF8:
 2103 00f9 756E7369 		.ascii	"unsigned int\000"
 2103      676E6564 
 2103      20696E74 
 2103      00
 2104              	.LASF7:
 2105 0106 6C6F6E67 		.ascii	"long long unsigned int\000"
 2105      206C6F6E 
 2105      6720756E 
 2105      7369676E 
 2105      65642069 
 2106              	.LASF10:
 2107 011d 75696E74 		.ascii	"uint8_t\000"
 2107      385F7400 
 2108              	.LASF15:
 2109 0125 63795F6D 		.ascii	"cy_meta_flashprotect\000"
 2109      6574615F 
 2109      666C6173 
 2109      6870726F 
 2109      74656374 
 2110              	.LASF14:
 2111 013a 63795F6D 		.ascii	"cy_meta_wonvl\000"
 2111      6574615F 
ARM GAS  C:\Users\david\AppData\Local\Temp\ccdsIqjq.s 			page 39


 2111      776F6E76 
 2111      6C00
 2112              	.LASF11:
 2113 0148 73697A65 		.ascii	"sizetype\000"
 2113      74797065 
 2113      00
 2114              	.LASF6:
 2115 0151 6C6F6E67 		.ascii	"long long int\000"
 2115      206C6F6E 
 2115      6720696E 
 2115      7400
 2116              	.LASF19:
 2117 015f 443A5C4F 		.ascii	"D:\\OneDrive - Estudiantes ITCR\\Escritorio\\Adquis"
 2117      6E654472 
 2117      69766520 
 2117      2D204573 
 2117      74756469 
 2118 018f 6963696F 		.ascii	"icion datos GIT\\Adquisicion datos\\Design01.cydsn\000"
 2118      6E206461 
 2118      746F7320 
 2118      4749545C 
 2118      41647175 
 2119              	.LASF2:
 2120 01c0 73686F72 		.ascii	"short int\000"
 2120      7420696E 
 2120      7400
 2121              	.LASF4:
 2122 01ca 6C6F6E67 		.ascii	"long int\000"
 2122      20696E74 
 2122      00
 2123              	.LASF0:
 2124 01d3 7369676E 		.ascii	"signed char\000"
 2124      65642063 
 2124      68617200 
 2125              	.LASF18:
 2126 01df 47656E65 		.ascii	"Generated_Source\\PSoC5\\cymetadata.c\000"
 2126      72617465 
 2126      645F536F 
 2126      75726365 
 2126      5C50536F 
 2127              		.ident	"GCC: (GNU Tools for ARM Embedded Processors) 5.4.1 20160609 (release) [ARM/embedded-5-bran
