ARM GAS  C:\Users\david\AppData\Local\Temp\ccc27ykt.s 			page 1


   1              		.syntax unified
   2              		.cpu cortex-m3
   3              		.fpu softvfp
   4              		.eabi_attribute 20, 1
   5              		.eabi_attribute 21, 1
   6              		.eabi_attribute 23, 3
   7              		.eabi_attribute 24, 1
   8              		.eabi_attribute 25, 1
   9              		.eabi_attribute 26, 1
  10              		.eabi_attribute 30, 1
  11              		.eabi_attribute 34, 1
  12              		.eabi_attribute 18, 4
  13              		.thumb
  14              		.syntax unified
  15              		.file	"main.c"
  16              		.text
  17              	.Ltext0:
  18              		.cfi_sections	.debug_frame
  19              		.section	.text.main,"ax",%progbits
  20              		.align	2
  21              		.global	main
  22              		.thumb
  23              		.thumb_func
  24              		.type	main, %function
  25              	main:
  26              	.LFB64:
  27              		.file 1 "main.c"
   1:main.c        **** /******************************************************************************
   2:main.c        **** * File Name: main_cm4.c
   3:main.c        **** *
   4:main.c        **** * Version: 1.00
   5:main.c        **** *
   6:main.c        **** * Description: This code example shows how to use the TCPWM Component in
   7:main.c        **** * Quadrature Decoder mode.
   8:main.c        **** * This code example uses 3 TCPWM Components. One is set up as quadrature 
   9:main.c        **** * decoder and two of them are configured for emulating an optical encoder where 
  10:main.c        **** * the shaft is rotating. Quadrature encoded signal (same frequency and 90 degrees
  11:main.c        **** * out of phase) is generated by starting one PWM Component before another.
  12:main.c        **** * These signals are the input to the Quadrature Decoder.
  13:main.c        **** * The Quadrature Decoder is configured to detect the direction of rotation.
  14:main.c        **** *
  15:main.c        **** * Related Document: CE220799.pdf
  16:main.c        **** *
  17:main.c        **** * Hardware Dependency: CY8CKIT-062-BLE PSoC 6 BLE Pioneer Kit
  18:main.c        **** *
  19:main.c        **** ******************************************************************************
  20:main.c        **** * Copyright (2017), Cypress Semiconductor Corporation.
  21:main.c        **** ******************************************************************************
  22:main.c        **** * This software, including source code, documentation and related materials
  23:main.c        **** * ("Software") is owned by Cypress Semiconductor Corporation (Cypress) and is
  24:main.c        **** * protected by and subject to worldwide patent protection (United States and 
  25:main.c        **** * foreign), United States copyright laws and international treaty provisions. 
  26:main.c        **** * Cypress hereby grants to licensee a personal, non-exclusive, non-transferable
  27:main.c        **** * license to copy, use, modify, create derivative works of, and compile the 
  28:main.c        **** * Cypress source code and derivative works for the sole purpose of creating 
  29:main.c        **** * custom software in support of licensee product, such licensee product to be
  30:main.c        **** * used only in conjunction with Cypress's integrated circuit as specified in the
ARM GAS  C:\Users\david\AppData\Local\Temp\ccc27ykt.s 			page 2


  31:main.c        **** * applicable agreement. Any reproduction, modification, translation, compilation,
  32:main.c        **** * or representation of this Software except as specified above is prohibited 
  33:main.c        **** * without the express written permission of Cypress.
  34:main.c        **** * 
  35:main.c        **** * Disclaimer: THIS SOFTWARE IS PROVIDED AS-IS, WITH NO WARRANTY OF ANY KIND, 
  36:main.c        **** * EXPRESS OR IMPLIED, INCLUDING, BUT NOT LIMITED TO, NONINFRINGEMENT, IMPLIED 
  37:main.c        **** * WARRANTIES OF MERCHANTABILITY AND FITNESS FOR A PARTICULAR PURPOSE.
  38:main.c        **** * Cypress reserves the right to make changes to the Software without notice. 
  39:main.c        **** * Cypress does not assume any liability arising out of the application or use
  40:main.c        **** * of Software or any product or circuit described in the Software. Cypress does
  41:main.c        **** * not authorize its products for use as critical components in any products 
  42:main.c        **** * where a malfunction or failure may reasonably be expected to result in 
  43:main.c        **** * significant injury or death ("ACTIVE Risk Product"). By including Cypress's 
  44:main.c        **** * product in a ACTIVE Risk Product, the manufacturer of such system or application
  45:main.c        **** * assumes all risk of such use and in doing so indemnifies Cypress against all
  46:main.c        **** * liability. Use of this Software may be limited by and subject to the applicable
  47:main.c        **** * Cypress software license agreement.
  48:main.c        **** *****************************************************************************/
  49:main.c        **** #include "project.h"
  50:main.c        **** #include<stdio.h>
  51:main.c        **** #include <stdlib.h>
  52:main.c        **** 
  53:main.c        **** #define MID_COUNT           (0x8000u)   /* for 16 bit counter*/
  54:main.c        **** #define DELAY               (10u)       /* 10 msec */
  55:main.c        ****                                         /* Delay should be more than the period 
  56:main.c        ****                                         of input signal to the quadrature 
  57:main.c        ****                                         decoder */
  58:main.c        **** typedef enum  rotation 
  59:main.c        **** {
  60:main.c        ****     NO_ROTATION     = 0,
  61:main.c        ****     CLOCKWISE       = 1,
  62:main.c        ****     ANTI_CLOCKWISE  = 2, 
  63:main.c        **** } rotation_t;
  64:main.c        **** 
  65:main.c        **** /******************************************************************************
  66:main.c        **** * Function Name: main()
  67:main.c        **** *******************************************************************************
  68:main.c        **** *
  69:main.c        **** * Summary: This is the system entrance point for Cortex-M4.
  70:main.c        **** * This function initializes the PSoC Components. To detect the direction of 
  71:main.c        **** * rotation, quadrature decoder counter in monitored, and result is shown using 
  72:main.c        **** * LED.    
  73:main.c        **** *
  74:main.c        **** * Parameters:
  75:main.c        **** *  None
  76:main.c        **** *
  77:main.c        **** * Return:
  78:main.c        **** *  int
  79:main.c        **** *
  80:main.c        **** * Side Effects:
  81:main.c        **** *  None  
  82:main.c        **** *
  83:main.c        **** ******************************************************************************/
  84:main.c        **** int main(void)
  85:main.c        **** {
  28              		.loc 1 85 0
  29              		.cfi_startproc
ARM GAS  C:\Users\david\AppData\Local\Temp\ccc27ykt.s 			page 3


  30              		@ args = 0, pretend = 0, frame = 32
  31              		@ frame_needed = 0, uses_anonymous_args = 0
  32 0000 30B5     		push	{r4, r5, lr}
  33              		.cfi_def_cfa_offset 12
  34              		.cfi_offset 4, -12
  35              		.cfi_offset 5, -8
  36              		.cfi_offset 14, -4
  37 0002 89B0     		sub	sp, sp, #36
  38              		.cfi_def_cfa_offset 48
  39              	.LVL0:
  40              	.LBB4:
  41              	.LBB5:
  42              		.file 2 "Generated_Source\\PSoC5/cmsis_gcc.h"
   1:Generated_Source\PSoC5/cmsis_gcc.h **** /**************************************************************************//**
   2:Generated_Source\PSoC5/cmsis_gcc.h ****  * @file     cmsis_gcc.h
   3:Generated_Source\PSoC5/cmsis_gcc.h ****  * @brief    CMSIS Cortex-M Core Function/Instruction Header File
   4:Generated_Source\PSoC5/cmsis_gcc.h ****  * @version  V5.00
   5:Generated_Source\PSoC5/cmsis_gcc.h ****  * @date     28. October 2016
   6:Generated_Source\PSoC5/cmsis_gcc.h ****  ******************************************************************************/
   7:Generated_Source\PSoC5/cmsis_gcc.h **** /*
   8:Generated_Source\PSoC5/cmsis_gcc.h ****  * Copyright (c) 2009-2016 ARM Limited. All rights reserved.
   9:Generated_Source\PSoC5/cmsis_gcc.h ****  *
  10:Generated_Source\PSoC5/cmsis_gcc.h ****  * SPDX-License-Identifier: Apache-2.0
  11:Generated_Source\PSoC5/cmsis_gcc.h ****  *
  12:Generated_Source\PSoC5/cmsis_gcc.h ****  * Licensed under the Apache License, Version 2.0 (the License); you may
  13:Generated_Source\PSoC5/cmsis_gcc.h ****  * not use this file except in compliance with the License.
  14:Generated_Source\PSoC5/cmsis_gcc.h ****  * You may obtain a copy of the License at
  15:Generated_Source\PSoC5/cmsis_gcc.h ****  *
  16:Generated_Source\PSoC5/cmsis_gcc.h ****  * http://www.apache.org/licenses/LICENSE-2.0
  17:Generated_Source\PSoC5/cmsis_gcc.h ****  *
  18:Generated_Source\PSoC5/cmsis_gcc.h ****  * Unless required by applicable law or agreed to in writing, software
  19:Generated_Source\PSoC5/cmsis_gcc.h ****  * distributed under the License is distributed on an AS IS BASIS, WITHOUT
  20:Generated_Source\PSoC5/cmsis_gcc.h ****  * WARRANTIES OR CONDITIONS OF ANY KIND, either express or implied.
  21:Generated_Source\PSoC5/cmsis_gcc.h ****  * See the License for the specific language governing permissions and
  22:Generated_Source\PSoC5/cmsis_gcc.h ****  * limitations under the License.
  23:Generated_Source\PSoC5/cmsis_gcc.h ****  */
  24:Generated_Source\PSoC5/cmsis_gcc.h **** 
  25:Generated_Source\PSoC5/cmsis_gcc.h **** #ifndef __CMSIS_GCC_H
  26:Generated_Source\PSoC5/cmsis_gcc.h **** #define __CMSIS_GCC_H
  27:Generated_Source\PSoC5/cmsis_gcc.h **** 
  28:Generated_Source\PSoC5/cmsis_gcc.h **** /* ignore some GCC warnings */
  29:Generated_Source\PSoC5/cmsis_gcc.h **** #pragma GCC diagnostic push
  30:Generated_Source\PSoC5/cmsis_gcc.h **** #pragma GCC diagnostic ignored "-Wsign-conversion"
  31:Generated_Source\PSoC5/cmsis_gcc.h **** #pragma GCC diagnostic ignored "-Wconversion"
  32:Generated_Source\PSoC5/cmsis_gcc.h **** #pragma GCC diagnostic ignored "-Wunused-parameter"
  33:Generated_Source\PSoC5/cmsis_gcc.h **** 
  34:Generated_Source\PSoC5/cmsis_gcc.h **** /* CMSIS compiler specific defines */
  35:Generated_Source\PSoC5/cmsis_gcc.h **** #ifndef   __ASM
  36:Generated_Source\PSoC5/cmsis_gcc.h ****   #define __ASM                     __asm
  37:Generated_Source\PSoC5/cmsis_gcc.h **** #endif
  38:Generated_Source\PSoC5/cmsis_gcc.h **** #ifndef   __INLINE
  39:Generated_Source\PSoC5/cmsis_gcc.h ****   #define __INLINE                  inline
  40:Generated_Source\PSoC5/cmsis_gcc.h **** #endif
  41:Generated_Source\PSoC5/cmsis_gcc.h **** #ifndef   __STATIC_INLINE
  42:Generated_Source\PSoC5/cmsis_gcc.h ****   #define __STATIC_INLINE           static inline
  43:Generated_Source\PSoC5/cmsis_gcc.h **** #endif
  44:Generated_Source\PSoC5/cmsis_gcc.h **** #ifndef   __NO_RETURN
ARM GAS  C:\Users\david\AppData\Local\Temp\ccc27ykt.s 			page 4


  45:Generated_Source\PSoC5/cmsis_gcc.h ****   #define __NO_RETURN               __attribute__((noreturn))
  46:Generated_Source\PSoC5/cmsis_gcc.h **** #endif
  47:Generated_Source\PSoC5/cmsis_gcc.h **** #ifndef   __USED
  48:Generated_Source\PSoC5/cmsis_gcc.h ****   #define __USED                    __attribute__((used))
  49:Generated_Source\PSoC5/cmsis_gcc.h **** #endif
  50:Generated_Source\PSoC5/cmsis_gcc.h **** #ifndef   _WEAK
  51:Generated_Source\PSoC5/cmsis_gcc.h ****   #define __WEAK                    __attribute__((weak))
  52:Generated_Source\PSoC5/cmsis_gcc.h **** #endif
  53:Generated_Source\PSoC5/cmsis_gcc.h **** #ifndef   __UNALIGNED_UINT32
  54:Generated_Source\PSoC5/cmsis_gcc.h ****   struct __attribute__((packed)) T_UINT32 { uint32_t v; };
  55:Generated_Source\PSoC5/cmsis_gcc.h ****   #define __UNALIGNED_UINT32(x)     (((struct T_UINT32 *)(x))->v)
  56:Generated_Source\PSoC5/cmsis_gcc.h **** #endif
  57:Generated_Source\PSoC5/cmsis_gcc.h **** #ifndef   __ALIGNED
  58:Generated_Source\PSoC5/cmsis_gcc.h ****   #define __ALIGNED(x)              __attribute__((aligned(x)))
  59:Generated_Source\PSoC5/cmsis_gcc.h **** #endif
  60:Generated_Source\PSoC5/cmsis_gcc.h **** #ifndef   __PACKED
  61:Generated_Source\PSoC5/cmsis_gcc.h ****   #define __PACKED                  __attribute__((packed, aligned(1)))
  62:Generated_Source\PSoC5/cmsis_gcc.h **** #endif
  63:Generated_Source\PSoC5/cmsis_gcc.h **** 
  64:Generated_Source\PSoC5/cmsis_gcc.h **** 
  65:Generated_Source\PSoC5/cmsis_gcc.h **** /* ###########################  Core Function Access  ########################### */
  66:Generated_Source\PSoC5/cmsis_gcc.h **** /** \ingroup  CMSIS_Core_FunctionInterface
  67:Generated_Source\PSoC5/cmsis_gcc.h ****     \defgroup CMSIS_Core_RegAccFunctions CMSIS Core Register Access Functions
  68:Generated_Source\PSoC5/cmsis_gcc.h ****   @{
  69:Generated_Source\PSoC5/cmsis_gcc.h ****  */
  70:Generated_Source\PSoC5/cmsis_gcc.h **** 
  71:Generated_Source\PSoC5/cmsis_gcc.h **** /**
  72:Generated_Source\PSoC5/cmsis_gcc.h ****   \brief   Enable IRQ Interrupts
  73:Generated_Source\PSoC5/cmsis_gcc.h ****   \details Enables IRQ interrupts by clearing the I-bit in the CPSR.
  74:Generated_Source\PSoC5/cmsis_gcc.h ****            Can only be executed in Privileged modes.
  75:Generated_Source\PSoC5/cmsis_gcc.h ****  */
  76:Generated_Source\PSoC5/cmsis_gcc.h **** __attribute__((always_inline)) __STATIC_INLINE void __enable_irq(void)
  77:Generated_Source\PSoC5/cmsis_gcc.h **** {
  78:Generated_Source\PSoC5/cmsis_gcc.h ****   __ASM volatile ("cpsie i" : : : "memory");
  43              		.loc 2 78 0
  44              		.syntax unified
  45              	@ 78 "Generated_Source\PSoC5/cmsis_gcc.h" 1
  46 0004 62B6     		cpsie i
  47              	@ 0 "" 2
  48              		.thumb
  49              		.syntax unified
  50              	.LBE5:
  51              	.LBE4:
  86:main.c        ****     uint16_t count      = MID_COUNT;
  87:main.c        ****     uint16_t countPrev  = MID_COUNT;
  88:main.c        ****     char countStr[30];
  89:main.c        ****     
  90:main.c        ****     /* Select direction of rotation */
  91:main.c        ****     //rotation_t emulated_rotation = CLOCKWISE;
  92:main.c        ****     
  93:main.c        ****     __enable_irq();/* Enable global interrupts. */
  94:main.c        ****         
  95:main.c        ****     /* Initialize with config set in component and enable QuadDec */
  96:main.c        ****     QUADDEC_Start();
  52              		.loc 1 96 0
  53 0006 FFF7FEFF 		bl	QUADDEC_Start
  54              	.LVL1:
ARM GAS  C:\Users\david\AppData\Local\Temp\ccc27ykt.s 			page 5


  97:main.c        ****     UART_Start();
  55              		.loc 1 97 0
  56 000a FFF7FEFF 		bl	UART_Start
  57              	.LVL2:
  98:main.c        ****     LCD_Start();
  58              		.loc 1 98 0
  59 000e FFF7FEFF 		bl	LCD_Start
  60              	.LVL3:
  99:main.c        ****     Clock_1_Start();
  61              		.loc 1 99 0
  62 0012 FFF7FEFF 		bl	Clock_1_Start
  63              	.LVL4:
  64              	.L2:
 100:main.c        ****     
 101:main.c        ****     for(;;)
 102:main.c        ****     {
 103:main.c        ****         count = QUADDEC_GetCounter();
  65              		.loc 1 103 0 discriminator 1
  66 0016 FFF7FEFF 		bl	QUADDEC_GetCounter
  67              	.LVL5:
  68 001a 0446     		mov	r4, r0
  69 001c 85B2     		uxth	r5, r0
  70              	.LVL6:
 104:main.c        ****         
 105:main.c        ****         LCD_Position(0u, 0u);
  71              		.loc 1 105 0 discriminator 1
  72 001e 0021     		movs	r1, #0
  73 0020 0846     		mov	r0, r1
  74 0022 FFF7FEFF 		bl	LCD_Position
  75              	.LVL7:
 106:main.c        ****         LCD_PrintString("Contoooooo");
  76              		.loc 1 106 0 discriminator 1
  77 0026 0948     		ldr	r0, .L4
  78 0028 FFF7FEFF 		bl	LCD_PrintString
  79              	.LVL8:
 107:main.c        ****         
 108:main.c        ****         LCD_Position(1u, 2u);
  80              		.loc 1 108 0 discriminator 1
  81 002c 0221     		movs	r1, #2
  82 002e 0120     		movs	r0, #1
  83 0030 FFF7FEFF 		bl	LCD_Position
  84              	.LVL9:
 109:main.c        ****         
 110:main.c        ****         sprintf(countStr, "%d          ", count);
  85              		.loc 1 110 0 discriminator 1
  86 0034 2A46     		mov	r2, r5
  87 0036 0649     		ldr	r1, .L4+4
  88 0038 6846     		mov	r0, sp
  89 003a FFF7FEFF 		bl	sprintf
  90              	.LVL10:
 111:main.c        ****         LCD_PrintString(countStr);
  91              		.loc 1 111 0 discriminator 1
  92 003e 6846     		mov	r0, sp
  93 0040 FFF7FEFF 		bl	LCD_PrintString
  94              	.LVL11:
 112:main.c        ****         
 113:main.c        ****         
ARM GAS  C:\Users\david\AppData\Local\Temp\ccc27ykt.s 			page 6


 114:main.c        ****         UART_WriteTxData(count);
  95              		.loc 1 114 0 discriminator 1
  96 0044 E0B2     		uxtb	r0, r4
  97 0046 FFF7FEFF 		bl	UART_WriteTxData
  98              	.LVL12:
  99 004a E4E7     		b	.L2
 100              	.L5:
 101              		.align	2
 102              	.L4:
 103 004c 00000000 		.word	.LC0
 104 0050 0C000000 		.word	.LC1
 105              		.cfi_endproc
 106              	.LFE64:
 107              		.size	main, .-main
 108              		.section	.rodata.str1.4,"aMS",%progbits,1
 109              		.align	2
 110              	.LC0:
 111 0000 436F6E74 		.ascii	"Contoooooo\000"
 111      6F6F6F6F 
 111      6F6F00
 112 000b 00       		.space	1
 113              	.LC1:
 114 000c 25642020 		.ascii	"%d          \000"
 114      20202020 
 114      20202020 
 114      00
 115              		.text
 116              	.Letext0:
 117              		.file 3 "c:\\program files (x86)\\cypress\\psoc creator\\4.2\\psoc creator\\import\\gnu\\arm\\5.4.
 118              		.file 4 "c:\\program files (x86)\\cypress\\psoc creator\\4.2\\psoc creator\\import\\gnu\\arm\\5.4.
 119              		.file 5 "Generated_Source\\PSoC5/QUADDEC.h"
 120              		.file 6 "Generated_Source\\PSoC5/UART.h"
 121              		.file 7 "Generated_Source\\PSoC5/LCD.h"
 122              		.file 8 "Generated_Source\\PSoC5/Clock_1.h"
 123              		.file 9 "c:\\program files (x86)\\cypress\\psoc creator\\4.2\\psoc creator\\import\\gnu\\arm\\5.4.
 124              		.file 10 "Generated_Source\\PSoC5/core_cm3.h"
 125              		.section	.debug_info,"",%progbits
 126              	.Ldebug_info0:
 127 0000 52020000 		.4byte	0x252
 128 0004 0400     		.2byte	0x4
 129 0006 00000000 		.4byte	.Ldebug_abbrev0
 130 000a 04       		.byte	0x4
 131 000b 01       		.uleb128 0x1
 132 000c 9B000000 		.4byte	.LASF30
 133 0010 0C       		.byte	0xc
 134 0011 F9010000 		.4byte	.LASF31
 135 0015 25000000 		.4byte	.LASF32
 136 0019 00000000 		.4byte	.Ldebug_ranges0+0
 137 001d 00000000 		.4byte	0
 138 0021 00000000 		.4byte	.Ldebug_line0
 139 0025 02       		.uleb128 0x2
 140 0026 01       		.byte	0x1
 141 0027 06       		.byte	0x6
 142 0028 4F020000 		.4byte	.LASF0
 143 002c 02       		.uleb128 0x2
 144 002d 01       		.byte	0x1
 145 002e 08       		.byte	0x8
ARM GAS  C:\Users\david\AppData\Local\Temp\ccc27ykt.s 			page 7


 146 002f 8D000000 		.4byte	.LASF1
 147 0033 02       		.uleb128 0x2
 148 0034 02       		.byte	0x2
 149 0035 05       		.byte	0x5
 150 0036 1E020000 		.4byte	.LASF2
 151 003a 03       		.uleb128 0x3
 152 003b 74010000 		.4byte	.LASF4
 153 003f 03       		.byte	0x3
 154 0040 2B       		.byte	0x2b
 155 0041 45000000 		.4byte	0x45
 156 0045 02       		.uleb128 0x2
 157 0046 02       		.byte	0x2
 158 0047 07       		.byte	0x7
 159 0048 49010000 		.4byte	.LASF3
 160 004c 03       		.uleb128 0x3
 161 004d 11000000 		.4byte	.LASF5
 162 0051 03       		.byte	0x3
 163 0052 3F       		.byte	0x3f
 164 0053 57000000 		.4byte	0x57
 165 0057 02       		.uleb128 0x2
 166 0058 04       		.byte	0x4
 167 0059 05       		.byte	0x5
 168 005a 31020000 		.4byte	.LASF6
 169 005e 02       		.uleb128 0x2
 170 005f 04       		.byte	0x4
 171 0060 07       		.byte	0x7
 172 0061 37010000 		.4byte	.LASF7
 173 0065 02       		.uleb128 0x2
 174 0066 08       		.byte	0x8
 175 0067 05       		.byte	0x5
 176 0068 EB010000 		.4byte	.LASF8
 177 006c 02       		.uleb128 0x2
 178 006d 08       		.byte	0x8
 179 006e 07       		.byte	0x7
 180 006f B6010000 		.4byte	.LASF9
 181 0073 04       		.uleb128 0x4
 182 0074 04       		.byte	0x4
 183 0075 05       		.byte	0x5
 184 0076 696E7400 		.ascii	"int\000"
 185 007a 02       		.uleb128 0x2
 186 007b 04       		.byte	0x4
 187 007c 07       		.byte	0x7
 188 007d A9010000 		.4byte	.LASF10
 189 0081 03       		.uleb128 0x3
 190 0082 28020000 		.4byte	.LASF11
 191 0086 04       		.byte	0x4
 192 0087 24       		.byte	0x24
 193 0088 3A000000 		.4byte	0x3a
 194 008c 03       		.uleb128 0x3
 195 008d DA010000 		.4byte	.LASF12
 196 0091 04       		.byte	0x4
 197 0092 2C       		.byte	0x2c
 198 0093 4C000000 		.4byte	0x4c
 199 0097 02       		.uleb128 0x2
 200 0098 04       		.byte	0x4
 201 0099 04       		.byte	0x4
 202 009a 70000000 		.4byte	.LASF13
ARM GAS  C:\Users\david\AppData\Local\Temp\ccc27ykt.s 			page 8


 203 009e 02       		.uleb128 0x2
 204 009f 08       		.byte	0x8
 205 00a0 04       		.byte	0x4
 206 00a1 7F010000 		.4byte	.LASF14
 207 00a5 02       		.uleb128 0x2
 208 00a6 01       		.byte	0x1
 209 00a7 08       		.byte	0x8
 210 00a8 00020000 		.4byte	.LASF15
 211 00ac 02       		.uleb128 0x2
 212 00ad 08       		.byte	0x8
 213 00ae 04       		.byte	0x4
 214 00af 43020000 		.4byte	.LASF16
 215 00b3 02       		.uleb128 0x2
 216 00b4 04       		.byte	0x4
 217 00b5 07       		.byte	0x7
 218 00b6 E2010000 		.4byte	.LASF17
 219 00ba 05       		.uleb128 0x5
 220 00bb 80000000 		.4byte	.LASF33
 221 00bf 02       		.byte	0x2
 222 00c0 4C       		.byte	0x4c
 223 00c1 03       		.byte	0x3
 224 00c2 06       		.uleb128 0x6
 225 00c3 94010000 		.4byte	.LASF34
 226 00c7 01       		.byte	0x1
 227 00c8 54       		.byte	0x54
 228 00c9 73000000 		.4byte	0x73
 229 00cd 00000000 		.4byte	.LFB64
 230 00d1 54000000 		.4byte	.LFE64-.LFB64
 231 00d5 01       		.uleb128 0x1
 232 00d6 9C       		.byte	0x9c
 233 00d7 D1010000 		.4byte	0x1d1
 234 00db 07       		.uleb128 0x7
 235 00dc 18020000 		.4byte	.LASF18
 236 00e0 01       		.byte	0x1
 237 00e1 56       		.byte	0x56
 238 00e2 81000000 		.4byte	0x81
 239 00e6 00000000 		.4byte	.LLST0
 240 00ea 08       		.uleb128 0x8
 241 00eb 1B000000 		.4byte	.LASF19
 242 00ef 01       		.byte	0x1
 243 00f0 57       		.byte	0x57
 244 00f1 81000000 		.4byte	0x81
 245 00f5 80807E   		.sleb128 -32768
 246 00f8 09       		.uleb128 0x9
 247 00f9 3A020000 		.4byte	.LASF20
 248 00fd 01       		.byte	0x1
 249 00fe 58       		.byte	0x58
 250 00ff D1010000 		.4byte	0x1d1
 251 0103 02       		.uleb128 0x2
 252 0104 91       		.byte	0x91
 253 0105 50       		.sleb128 -48
 254 0106 0A       		.uleb128 0xa
 255 0107 BA000000 		.4byte	0xba
 256 010b 04000000 		.4byte	.LBB4
 257 010f 02000000 		.4byte	.LBE4-.LBB4
 258 0113 01       		.byte	0x1
 259 0114 5D       		.byte	0x5d
ARM GAS  C:\Users\david\AppData\Local\Temp\ccc27ykt.s 			page 9


 260 0115 0B       		.uleb128 0xb
 261 0116 0A000000 		.4byte	.LVL1
 262 011a F2010000 		.4byte	0x1f2
 263 011e 0B       		.uleb128 0xb
 264 011f 0E000000 		.4byte	.LVL2
 265 0123 FD010000 		.4byte	0x1fd
 266 0127 0B       		.uleb128 0xb
 267 0128 12000000 		.4byte	.LVL3
 268 012c 08020000 		.4byte	0x208
 269 0130 0B       		.uleb128 0xb
 270 0131 16000000 		.4byte	.LVL4
 271 0135 13020000 		.4byte	0x213
 272 0139 0B       		.uleb128 0xb
 273 013a 1A000000 		.4byte	.LVL5
 274 013e 1E020000 		.4byte	0x21e
 275 0142 0C       		.uleb128 0xc
 276 0143 26000000 		.4byte	.LVL7
 277 0147 29020000 		.4byte	0x229
 278 014b 5A010000 		.4byte	0x15a
 279 014f 0D       		.uleb128 0xd
 280 0150 01       		.uleb128 0x1
 281 0151 50       		.byte	0x50
 282 0152 01       		.uleb128 0x1
 283 0153 30       		.byte	0x30
 284 0154 0D       		.uleb128 0xd
 285 0155 01       		.uleb128 0x1
 286 0156 51       		.byte	0x51
 287 0157 01       		.uleb128 0x1
 288 0158 30       		.byte	0x30
 289 0159 00       		.byte	0
 290 015a 0C       		.uleb128 0xc
 291 015b 2C000000 		.4byte	.LVL8
 292 015f 34020000 		.4byte	0x234
 293 0163 71010000 		.4byte	0x171
 294 0167 0D       		.uleb128 0xd
 295 0168 01       		.uleb128 0x1
 296 0169 50       		.byte	0x50
 297 016a 05       		.uleb128 0x5
 298 016b 03       		.byte	0x3
 299 016c 00000000 		.4byte	.LC0
 300 0170 00       		.byte	0
 301 0171 0C       		.uleb128 0xc
 302 0172 34000000 		.4byte	.LVL9
 303 0176 29020000 		.4byte	0x229
 304 017a 89010000 		.4byte	0x189
 305 017e 0D       		.uleb128 0xd
 306 017f 01       		.uleb128 0x1
 307 0180 50       		.byte	0x50
 308 0181 01       		.uleb128 0x1
 309 0182 31       		.byte	0x31
 310 0183 0D       		.uleb128 0xd
 311 0184 01       		.uleb128 0x1
 312 0185 51       		.byte	0x51
 313 0186 01       		.uleb128 0x1
 314 0187 32       		.byte	0x32
 315 0188 00       		.byte	0
 316 0189 0C       		.uleb128 0xc
ARM GAS  C:\Users\david\AppData\Local\Temp\ccc27ykt.s 			page 10


 317 018a 3E000000 		.4byte	.LVL10
 318 018e 3F020000 		.4byte	0x23f
 319 0192 AC010000 		.4byte	0x1ac
 320 0196 0D       		.uleb128 0xd
 321 0197 01       		.uleb128 0x1
 322 0198 50       		.byte	0x50
 323 0199 02       		.uleb128 0x2
 324 019a 7D       		.byte	0x7d
 325 019b 00       		.sleb128 0
 326 019c 0D       		.uleb128 0xd
 327 019d 01       		.uleb128 0x1
 328 019e 51       		.byte	0x51
 329 019f 05       		.uleb128 0x5
 330 01a0 03       		.byte	0x3
 331 01a1 0C000000 		.4byte	.LC1
 332 01a5 0D       		.uleb128 0xd
 333 01a6 01       		.uleb128 0x1
 334 01a7 52       		.byte	0x52
 335 01a8 02       		.uleb128 0x2
 336 01a9 75       		.byte	0x75
 337 01aa 00       		.sleb128 0
 338 01ab 00       		.byte	0
 339 01ac 0C       		.uleb128 0xc
 340 01ad 44000000 		.4byte	.LVL11
 341 01b1 34020000 		.4byte	0x234
 342 01b5 C0010000 		.4byte	0x1c0
 343 01b9 0D       		.uleb128 0xd
 344 01ba 01       		.uleb128 0x1
 345 01bb 50       		.byte	0x50
 346 01bc 02       		.uleb128 0x2
 347 01bd 7D       		.byte	0x7d
 348 01be 00       		.sleb128 0
 349 01bf 00       		.byte	0
 350 01c0 0E       		.uleb128 0xe
 351 01c1 4A000000 		.4byte	.LVL12
 352 01c5 4A020000 		.4byte	0x24a
 353 01c9 0D       		.uleb128 0xd
 354 01ca 01       		.uleb128 0x1
 355 01cb 50       		.byte	0x50
 356 01cc 02       		.uleb128 0x2
 357 01cd 74       		.byte	0x74
 358 01ce 00       		.sleb128 0
 359 01cf 00       		.byte	0
 360 01d0 00       		.byte	0
 361 01d1 0F       		.uleb128 0xf
 362 01d2 A5000000 		.4byte	0xa5
 363 01d6 E1010000 		.4byte	0x1e1
 364 01da 10       		.uleb128 0x10
 365 01db B3000000 		.4byte	0xb3
 366 01df 1D       		.byte	0x1d
 367 01e0 00       		.byte	0
 368 01e1 11       		.uleb128 0x11
 369 01e2 67010000 		.4byte	.LASF35
 370 01e6 0A       		.byte	0xa
 371 01e7 1207     		.2byte	0x712
 372 01e9 ED010000 		.4byte	0x1ed
 373 01ed 12       		.uleb128 0x12
ARM GAS  C:\Users\david\AppData\Local\Temp\ccc27ykt.s 			page 11


 374 01ee 8C000000 		.4byte	0x8c
 375 01f2 13       		.uleb128 0x13
 376 01f3 86010000 		.4byte	.LASF21
 377 01f7 86010000 		.4byte	.LASF21
 378 01fb 05       		.byte	0x5
 379 01fc 48       		.byte	0x48
 380 01fd 13       		.uleb128 0x13
 381 01fe 5C010000 		.4byte	.LASF22
 382 0202 5C010000 		.4byte	.LASF22
 383 0206 06       		.byte	0x6
 384 0207 54       		.byte	0x54
 385 0208 13       		.uleb128 0x13
 386 0209 76000000 		.4byte	.LASF23
 387 020d 76000000 		.4byte	.LASF23
 388 0211 07       		.byte	0x7
 389 0212 38       		.byte	0x38
 390 0213 13       		.uleb128 0x13
 391 0214 29010000 		.4byte	.LASF24
 392 0218 29010000 		.4byte	.LASF24
 393 021c 08       		.byte	0x8
 394 021d 27       		.byte	0x27
 395 021e 13       		.uleb128 0x13
 396 021f 05020000 		.4byte	.LASF25
 397 0223 05020000 		.4byte	.LASF25
 398 0227 05       		.byte	0x5
 399 0228 4E       		.byte	0x4e
 400 0229 13       		.uleb128 0x13
 401 022a CD010000 		.4byte	.LASF26
 402 022e CD010000 		.4byte	.LASF26
 403 0232 07       		.byte	0x7
 404 0233 3D       		.byte	0x3d
 405 0234 13       		.uleb128 0x13
 406 0235 99010000 		.4byte	.LASF27
 407 0239 99010000 		.4byte	.LASF27
 408 023d 07       		.byte	0x7
 409 023e 3C       		.byte	0x3c
 410 023f 13       		.uleb128 0x13
 411 0240 5B020000 		.4byte	.LASF28
 412 0244 5B020000 		.4byte	.LASF28
 413 0248 09       		.byte	0x9
 414 0249 E7       		.byte	0xe7
 415 024a 13       		.uleb128 0x13
 416 024b 00000000 		.4byte	.LASF29
 417 024f 00000000 		.4byte	.LASF29
 418 0253 06       		.byte	0x6
 419 0254 88       		.byte	0x88
 420 0255 00       		.byte	0
 421              		.section	.debug_abbrev,"",%progbits
 422              	.Ldebug_abbrev0:
 423 0000 01       		.uleb128 0x1
 424 0001 11       		.uleb128 0x11
 425 0002 01       		.byte	0x1
 426 0003 25       		.uleb128 0x25
 427 0004 0E       		.uleb128 0xe
 428 0005 13       		.uleb128 0x13
 429 0006 0B       		.uleb128 0xb
 430 0007 03       		.uleb128 0x3
ARM GAS  C:\Users\david\AppData\Local\Temp\ccc27ykt.s 			page 12


 431 0008 0E       		.uleb128 0xe
 432 0009 1B       		.uleb128 0x1b
 433 000a 0E       		.uleb128 0xe
 434 000b 55       		.uleb128 0x55
 435 000c 17       		.uleb128 0x17
 436 000d 11       		.uleb128 0x11
 437 000e 01       		.uleb128 0x1
 438 000f 10       		.uleb128 0x10
 439 0010 17       		.uleb128 0x17
 440 0011 00       		.byte	0
 441 0012 00       		.byte	0
 442 0013 02       		.uleb128 0x2
 443 0014 24       		.uleb128 0x24
 444 0015 00       		.byte	0
 445 0016 0B       		.uleb128 0xb
 446 0017 0B       		.uleb128 0xb
 447 0018 3E       		.uleb128 0x3e
 448 0019 0B       		.uleb128 0xb
 449 001a 03       		.uleb128 0x3
 450 001b 0E       		.uleb128 0xe
 451 001c 00       		.byte	0
 452 001d 00       		.byte	0
 453 001e 03       		.uleb128 0x3
 454 001f 16       		.uleb128 0x16
 455 0020 00       		.byte	0
 456 0021 03       		.uleb128 0x3
 457 0022 0E       		.uleb128 0xe
 458 0023 3A       		.uleb128 0x3a
 459 0024 0B       		.uleb128 0xb
 460 0025 3B       		.uleb128 0x3b
 461 0026 0B       		.uleb128 0xb
 462 0027 49       		.uleb128 0x49
 463 0028 13       		.uleb128 0x13
 464 0029 00       		.byte	0
 465 002a 00       		.byte	0
 466 002b 04       		.uleb128 0x4
 467 002c 24       		.uleb128 0x24
 468 002d 00       		.byte	0
 469 002e 0B       		.uleb128 0xb
 470 002f 0B       		.uleb128 0xb
 471 0030 3E       		.uleb128 0x3e
 472 0031 0B       		.uleb128 0xb
 473 0032 03       		.uleb128 0x3
 474 0033 08       		.uleb128 0x8
 475 0034 00       		.byte	0
 476 0035 00       		.byte	0
 477 0036 05       		.uleb128 0x5
 478 0037 2E       		.uleb128 0x2e
 479 0038 00       		.byte	0
 480 0039 03       		.uleb128 0x3
 481 003a 0E       		.uleb128 0xe
 482 003b 3A       		.uleb128 0x3a
 483 003c 0B       		.uleb128 0xb
 484 003d 3B       		.uleb128 0x3b
 485 003e 0B       		.uleb128 0xb
 486 003f 27       		.uleb128 0x27
 487 0040 19       		.uleb128 0x19
ARM GAS  C:\Users\david\AppData\Local\Temp\ccc27ykt.s 			page 13


 488 0041 20       		.uleb128 0x20
 489 0042 0B       		.uleb128 0xb
 490 0043 00       		.byte	0
 491 0044 00       		.byte	0
 492 0045 06       		.uleb128 0x6
 493 0046 2E       		.uleb128 0x2e
 494 0047 01       		.byte	0x1
 495 0048 3F       		.uleb128 0x3f
 496 0049 19       		.uleb128 0x19
 497 004a 03       		.uleb128 0x3
 498 004b 0E       		.uleb128 0xe
 499 004c 3A       		.uleb128 0x3a
 500 004d 0B       		.uleb128 0xb
 501 004e 3B       		.uleb128 0x3b
 502 004f 0B       		.uleb128 0xb
 503 0050 27       		.uleb128 0x27
 504 0051 19       		.uleb128 0x19
 505 0052 49       		.uleb128 0x49
 506 0053 13       		.uleb128 0x13
 507 0054 8701     		.uleb128 0x87
 508 0056 19       		.uleb128 0x19
 509 0057 11       		.uleb128 0x11
 510 0058 01       		.uleb128 0x1
 511 0059 12       		.uleb128 0x12
 512 005a 06       		.uleb128 0x6
 513 005b 40       		.uleb128 0x40
 514 005c 18       		.uleb128 0x18
 515 005d 9742     		.uleb128 0x2117
 516 005f 19       		.uleb128 0x19
 517 0060 01       		.uleb128 0x1
 518 0061 13       		.uleb128 0x13
 519 0062 00       		.byte	0
 520 0063 00       		.byte	0
 521 0064 07       		.uleb128 0x7
 522 0065 34       		.uleb128 0x34
 523 0066 00       		.byte	0
 524 0067 03       		.uleb128 0x3
 525 0068 0E       		.uleb128 0xe
 526 0069 3A       		.uleb128 0x3a
 527 006a 0B       		.uleb128 0xb
 528 006b 3B       		.uleb128 0x3b
 529 006c 0B       		.uleb128 0xb
 530 006d 49       		.uleb128 0x49
 531 006e 13       		.uleb128 0x13
 532 006f 02       		.uleb128 0x2
 533 0070 17       		.uleb128 0x17
 534 0071 00       		.byte	0
 535 0072 00       		.byte	0
 536 0073 08       		.uleb128 0x8
 537 0074 34       		.uleb128 0x34
 538 0075 00       		.byte	0
 539 0076 03       		.uleb128 0x3
 540 0077 0E       		.uleb128 0xe
 541 0078 3A       		.uleb128 0x3a
 542 0079 0B       		.uleb128 0xb
 543 007a 3B       		.uleb128 0x3b
 544 007b 0B       		.uleb128 0xb
ARM GAS  C:\Users\david\AppData\Local\Temp\ccc27ykt.s 			page 14


 545 007c 49       		.uleb128 0x49
 546 007d 13       		.uleb128 0x13
 547 007e 1C       		.uleb128 0x1c
 548 007f 0D       		.uleb128 0xd
 549 0080 00       		.byte	0
 550 0081 00       		.byte	0
 551 0082 09       		.uleb128 0x9
 552 0083 34       		.uleb128 0x34
 553 0084 00       		.byte	0
 554 0085 03       		.uleb128 0x3
 555 0086 0E       		.uleb128 0xe
 556 0087 3A       		.uleb128 0x3a
 557 0088 0B       		.uleb128 0xb
 558 0089 3B       		.uleb128 0x3b
 559 008a 0B       		.uleb128 0xb
 560 008b 49       		.uleb128 0x49
 561 008c 13       		.uleb128 0x13
 562 008d 02       		.uleb128 0x2
 563 008e 18       		.uleb128 0x18
 564 008f 00       		.byte	0
 565 0090 00       		.byte	0
 566 0091 0A       		.uleb128 0xa
 567 0092 1D       		.uleb128 0x1d
 568 0093 00       		.byte	0
 569 0094 31       		.uleb128 0x31
 570 0095 13       		.uleb128 0x13
 571 0096 11       		.uleb128 0x11
 572 0097 01       		.uleb128 0x1
 573 0098 12       		.uleb128 0x12
 574 0099 06       		.uleb128 0x6
 575 009a 58       		.uleb128 0x58
 576 009b 0B       		.uleb128 0xb
 577 009c 59       		.uleb128 0x59
 578 009d 0B       		.uleb128 0xb
 579 009e 00       		.byte	0
 580 009f 00       		.byte	0
 581 00a0 0B       		.uleb128 0xb
 582 00a1 898201   		.uleb128 0x4109
 583 00a4 00       		.byte	0
 584 00a5 11       		.uleb128 0x11
 585 00a6 01       		.uleb128 0x1
 586 00a7 31       		.uleb128 0x31
 587 00a8 13       		.uleb128 0x13
 588 00a9 00       		.byte	0
 589 00aa 00       		.byte	0
 590 00ab 0C       		.uleb128 0xc
 591 00ac 898201   		.uleb128 0x4109
 592 00af 01       		.byte	0x1
 593 00b0 11       		.uleb128 0x11
 594 00b1 01       		.uleb128 0x1
 595 00b2 31       		.uleb128 0x31
 596 00b3 13       		.uleb128 0x13
 597 00b4 01       		.uleb128 0x1
 598 00b5 13       		.uleb128 0x13
 599 00b6 00       		.byte	0
 600 00b7 00       		.byte	0
 601 00b8 0D       		.uleb128 0xd
ARM GAS  C:\Users\david\AppData\Local\Temp\ccc27ykt.s 			page 15


 602 00b9 8A8201   		.uleb128 0x410a
 603 00bc 00       		.byte	0
 604 00bd 02       		.uleb128 0x2
 605 00be 18       		.uleb128 0x18
 606 00bf 9142     		.uleb128 0x2111
 607 00c1 18       		.uleb128 0x18
 608 00c2 00       		.byte	0
 609 00c3 00       		.byte	0
 610 00c4 0E       		.uleb128 0xe
 611 00c5 898201   		.uleb128 0x4109
 612 00c8 01       		.byte	0x1
 613 00c9 11       		.uleb128 0x11
 614 00ca 01       		.uleb128 0x1
 615 00cb 31       		.uleb128 0x31
 616 00cc 13       		.uleb128 0x13
 617 00cd 00       		.byte	0
 618 00ce 00       		.byte	0
 619 00cf 0F       		.uleb128 0xf
 620 00d0 01       		.uleb128 0x1
 621 00d1 01       		.byte	0x1
 622 00d2 49       		.uleb128 0x49
 623 00d3 13       		.uleb128 0x13
 624 00d4 01       		.uleb128 0x1
 625 00d5 13       		.uleb128 0x13
 626 00d6 00       		.byte	0
 627 00d7 00       		.byte	0
 628 00d8 10       		.uleb128 0x10
 629 00d9 21       		.uleb128 0x21
 630 00da 00       		.byte	0
 631 00db 49       		.uleb128 0x49
 632 00dc 13       		.uleb128 0x13
 633 00dd 2F       		.uleb128 0x2f
 634 00de 0B       		.uleb128 0xb
 635 00df 00       		.byte	0
 636 00e0 00       		.byte	0
 637 00e1 11       		.uleb128 0x11
 638 00e2 34       		.uleb128 0x34
 639 00e3 00       		.byte	0
 640 00e4 03       		.uleb128 0x3
 641 00e5 0E       		.uleb128 0xe
 642 00e6 3A       		.uleb128 0x3a
 643 00e7 0B       		.uleb128 0xb
 644 00e8 3B       		.uleb128 0x3b
 645 00e9 05       		.uleb128 0x5
 646 00ea 49       		.uleb128 0x49
 647 00eb 13       		.uleb128 0x13
 648 00ec 3F       		.uleb128 0x3f
 649 00ed 19       		.uleb128 0x19
 650 00ee 3C       		.uleb128 0x3c
 651 00ef 19       		.uleb128 0x19
 652 00f0 00       		.byte	0
 653 00f1 00       		.byte	0
 654 00f2 12       		.uleb128 0x12
 655 00f3 35       		.uleb128 0x35
 656 00f4 00       		.byte	0
 657 00f5 49       		.uleb128 0x49
 658 00f6 13       		.uleb128 0x13
ARM GAS  C:\Users\david\AppData\Local\Temp\ccc27ykt.s 			page 16


 659 00f7 00       		.byte	0
 660 00f8 00       		.byte	0
 661 00f9 13       		.uleb128 0x13
 662 00fa 2E       		.uleb128 0x2e
 663 00fb 00       		.byte	0
 664 00fc 3F       		.uleb128 0x3f
 665 00fd 19       		.uleb128 0x19
 666 00fe 3C       		.uleb128 0x3c
 667 00ff 19       		.uleb128 0x19
 668 0100 6E       		.uleb128 0x6e
 669 0101 0E       		.uleb128 0xe
 670 0102 03       		.uleb128 0x3
 671 0103 0E       		.uleb128 0xe
 672 0104 3A       		.uleb128 0x3a
 673 0105 0B       		.uleb128 0xb
 674 0106 3B       		.uleb128 0x3b
 675 0107 0B       		.uleb128 0xb
 676 0108 00       		.byte	0
 677 0109 00       		.byte	0
 678 010a 00       		.byte	0
 679              		.section	.debug_loc,"",%progbits
 680              	.Ldebug_loc0:
 681              	.LLST0:
 682 0000 04000000 		.4byte	.LVL0
 683 0004 16000000 		.4byte	.LVL4
 684 0008 0400     		.2byte	0x4
 685 000a 0B       		.byte	0xb
 686 000b 0080     		.2byte	0x8000
 687 000d 9F       		.byte	0x9f
 688 000e 1E000000 		.4byte	.LVL6
 689 0012 54000000 		.4byte	.LFE64
 690 0016 0100     		.2byte	0x1
 691 0018 55       		.byte	0x55
 692 0019 00000000 		.4byte	0
 693 001d 00000000 		.4byte	0
 694              		.section	.debug_aranges,"",%progbits
 695 0000 1C000000 		.4byte	0x1c
 696 0004 0200     		.2byte	0x2
 697 0006 00000000 		.4byte	.Ldebug_info0
 698 000a 04       		.byte	0x4
 699 000b 00       		.byte	0
 700 000c 0000     		.2byte	0
 701 000e 0000     		.2byte	0
 702 0010 00000000 		.4byte	.LFB64
 703 0014 54000000 		.4byte	.LFE64-.LFB64
 704 0018 00000000 		.4byte	0
 705 001c 00000000 		.4byte	0
 706              		.section	.debug_ranges,"",%progbits
 707              	.Ldebug_ranges0:
 708 0000 00000000 		.4byte	.LFB64
 709 0004 54000000 		.4byte	.LFE64
 710 0008 00000000 		.4byte	0
 711 000c 00000000 		.4byte	0
 712              		.section	.debug_line,"",%progbits
 713              	.Ldebug_line0:
 714 0000 34020000 		.section	.debug_str,"MS",%progbits,1
 714      0200EE01 
ARM GAS  C:\Users\david\AppData\Local\Temp\ccc27ykt.s 			page 17


 714      00000201 
 714      FB0E0D00 
 714      01010101 
 715              	.LASF29:
 716 0000 55415254 		.ascii	"UART_WriteTxData\000"
 716      5F577269 
 716      74655478 
 716      44617461 
 716      00
 717              	.LASF5:
 718 0011 5F5F696E 		.ascii	"__int32_t\000"
 718      7433325F 
 718      7400
 719              	.LASF19:
 720 001b 636F756E 		.ascii	"countPrev\000"
 720      74507265 
 720      7600
 721              	.LASF32:
 722 0025 443A5C4F 		.ascii	"D:\\OneDrive - Estudiantes ITCR\\Escritorio\\Adquis"
 722      6E654472 
 722      69766520 
 722      2D204573 
 722      74756469 
 723 0055 6963696F 		.ascii	"icion datos\\Design01.cydsn\000"
 723      6E206461 
 723      746F735C 
 723      44657369 
 723      676E3031 
 724              	.LASF13:
 725 0070 666C6F61 		.ascii	"float\000"
 725      7400
 726              	.LASF23:
 727 0076 4C43445F 		.ascii	"LCD_Start\000"
 727      53746172 
 727      7400
 728              	.LASF33:
 729 0080 5F5F656E 		.ascii	"__enable_irq\000"
 729      61626C65 
 729      5F697271 
 729      00
 730              	.LASF1:
 731 008d 756E7369 		.ascii	"unsigned char\000"
 731      676E6564 
 731      20636861 
 731      7200
 732              	.LASF30:
 733 009b 474E5520 		.ascii	"GNU C11 5.4.1 20160609 (release) [ARM/embedded-5-br"
 733      43313120 
 733      352E342E 
 733      31203230 
 733      31363036 
 734 00ce 616E6368 		.ascii	"anch revision 237715] -mcpu=cortex-m3 -mthumb -g -O"
 734      20726576 
 734      6973696F 
 734      6E203233 
 734      37373135 
 735 0101 67202D66 		.ascii	"g -ffunction-sections -ffat-lto-objects\000"
ARM GAS  C:\Users\david\AppData\Local\Temp\ccc27ykt.s 			page 18


 735      66756E63 
 735      74696F6E 
 735      2D736563 
 735      74696F6E 
 736              	.LASF24:
 737 0129 436C6F63 		.ascii	"Clock_1_Start\000"
 737      6B5F315F 
 737      53746172 
 737      7400
 738              	.LASF7:
 739 0137 6C6F6E67 		.ascii	"long unsigned int\000"
 739      20756E73 
 739      69676E65 
 739      6420696E 
 739      7400
 740              	.LASF3:
 741 0149 73686F72 		.ascii	"short unsigned int\000"
 741      7420756E 
 741      7369676E 
 741      65642069 
 741      6E7400
 742              	.LASF22:
 743 015c 55415254 		.ascii	"UART_Start\000"
 743      5F537461 
 743      727400
 744              	.LASF35:
 745 0167 49544D5F 		.ascii	"ITM_RxBuffer\000"
 745      52784275 
 745      66666572 
 745      00
 746              	.LASF4:
 747 0174 5F5F7569 		.ascii	"__uint16_t\000"
 747      6E743136 
 747      5F7400
 748              	.LASF14:
 749 017f 646F7562 		.ascii	"double\000"
 749      6C6500
 750              	.LASF21:
 751 0186 51554144 		.ascii	"QUADDEC_Start\000"
 751      4445435F 
 751      53746172 
 751      7400
 752              	.LASF34:
 753 0194 6D61696E 		.ascii	"main\000"
 753      00
 754              	.LASF27:
 755 0199 4C43445F 		.ascii	"LCD_PrintString\000"
 755      5072696E 
 755      74537472 
 755      696E6700 
 756              	.LASF10:
 757 01a9 756E7369 		.ascii	"unsigned int\000"
 757      676E6564 
 757      20696E74 
 757      00
 758              	.LASF9:
 759 01b6 6C6F6E67 		.ascii	"long long unsigned int\000"
ARM GAS  C:\Users\david\AppData\Local\Temp\ccc27ykt.s 			page 19


 759      206C6F6E 
 759      6720756E 
 759      7369676E 
 759      65642069 
 760              	.LASF26:
 761 01cd 4C43445F 		.ascii	"LCD_Position\000"
 761      506F7369 
 761      74696F6E 
 761      00
 762              	.LASF12:
 763 01da 696E7433 		.ascii	"int32_t\000"
 763      325F7400 
 764              	.LASF17:
 765 01e2 73697A65 		.ascii	"sizetype\000"
 765      74797065 
 765      00
 766              	.LASF8:
 767 01eb 6C6F6E67 		.ascii	"long long int\000"
 767      206C6F6E 
 767      6720696E 
 767      7400
 768              	.LASF31:
 769 01f9 6D61696E 		.ascii	"main.c\000"
 769      2E6300
 770              	.LASF15:
 771 0200 63686172 		.ascii	"char\000"
 771      00
 772              	.LASF25:
 773 0205 51554144 		.ascii	"QUADDEC_GetCounter\000"
 773      4445435F 
 773      47657443 
 773      6F756E74 
 773      657200
 774              	.LASF18:
 775 0218 636F756E 		.ascii	"count\000"
 775      7400
 776              	.LASF2:
 777 021e 73686F72 		.ascii	"short int\000"
 777      7420696E 
 777      7400
 778              	.LASF11:
 779 0228 75696E74 		.ascii	"uint16_t\000"
 779      31365F74 
 779      00
 780              	.LASF6:
 781 0231 6C6F6E67 		.ascii	"long int\000"
 781      20696E74 
 781      00
 782              	.LASF20:
 783 023a 636F756E 		.ascii	"countStr\000"
 783      74537472 
 783      00
 784              	.LASF16:
 785 0243 6C6F6E67 		.ascii	"long double\000"
 785      20646F75 
 785      626C6500 
 786              	.LASF0:
ARM GAS  C:\Users\david\AppData\Local\Temp\ccc27ykt.s 			page 20


 787 024f 7369676E 		.ascii	"signed char\000"
 787      65642063 
 787      68617200 
 788              	.LASF28:
 789 025b 73707269 		.ascii	"sprintf\000"
 789      6E746600 
 790              		.ident	"GCC: (GNU Tools for ARM Embedded Processors) 5.4.1 20160609 (release) [ARM/embedded-5-bran
