ARM GAS  C:\Users\DQUESA~1\AppData\Local\Temp\ccuW4xsa.s 			page 1


   1              		.syntax unified
   2              		.cpu cortex-m3
   3              		.fpu softvfp
   4              		.eabi_attribute 20, 1
   5              		.eabi_attribute 21, 1
   6              		.eabi_attribute 23, 3
   7              		.eabi_attribute 24, 1
   8              		.eabi_attribute 25, 1
   9              		.eabi_attribute 26, 1
  10              		.eabi_attribute 30, 1
  11              		.eabi_attribute 34, 1
  12              		.eabi_attribute 18, 4
  13              		.thumb
  14              		.syntax unified
  15              		.file	"main.c"
  16              		.text
  17              	.Ltext0:
  18              		.cfi_sections	.debug_frame
  19              		.global	__aeabi_i2f
  20              		.global	__aeabi_fmul
  21              		.global	__aeabi_f2d
  22              		.global	__aeabi_fsub
  23              		.global	__aeabi_fadd
  24              		.global	__aeabi_fdiv
  25              		.global	__aeabi_fcmpgt
  26              		.global	__aeabi_fcmplt
  27              		.global	__aeabi_f2uiz
  28              		.section	.text.main,"ax",%progbits
  29              		.align	2
  30              		.global	main
  31              		.thumb
  32              		.thumb_func
  33              		.type	main, %function
  34              	main:
  35              	.LFB64:
  36              		.file 1 "main.c"
   1:main.c        **** /* ========================================
   2:main.c        ****  *
   3:main.c        ****  * Copyright YOUR COMPANY, THE YEAR
   4:main.c        ****  * All Rights Reserved
   5:main.c        ****  * UNPUBLISHED, LICENSED SOFTWARE.
   6:main.c        ****  *
   7:main.c        ****  * CONFIDENTIAL AND PROPRIETARY INFORMATION
   8:main.c        ****  * WHICH IS THE PROPERTY OF your company.
   9:main.c        ****  *
  10:main.c        ****  * ========================================
  11:main.c        **** */
  12:main.c        **** #include "project.h"
  13:main.c        **** #include<stdio.h>
  14:main.c        **** #include <stdlib.h>
  15:main.c        **** 
  16:main.c        **** #define MID_COUNT           (0x8000u)   /* for 16 bit counter*/
  17:main.c        **** #define DELAY               (10u)       /* 10 msec */
  18:main.c        ****                                         /* Delay should be more than the period 
  19:main.c        ****                                         of input signal to the quadrature 
  20:main.c        ****                                         decoder */
  21:main.c        **** typedef enum  rotation 
ARM GAS  C:\Users\DQUESA~1\AppData\Local\Temp\ccuW4xsa.s 			page 2


  22:main.c        **** {
  23:main.c        ****     NO_ROTATION     = 0,
  24:main.c        ****     CLOCKWISE       = 1,
  25:main.c        ****     ANTI_CLOCK
  26:main.c        ****     } rotation_t;
  27:main.c        ****     
  28:main.c        **** 
  29:main.c        **** int main(void)
  30:main.c        **** {
  37              		.loc 1 30 0
  38              		.cfi_startproc
  39              		@ args = 0, pretend = 0, frame = 56
  40              		@ frame_needed = 0, uses_anonymous_args = 0
  41 0000 F0B5     		push	{r4, r5, r6, r7, lr}
  42              		.cfi_def_cfa_offset 20
  43              		.cfi_offset 4, -20
  44              		.cfi_offset 5, -16
  45              		.cfi_offset 6, -12
  46              		.cfi_offset 7, -8
  47              		.cfi_offset 14, -4
  48 0002 8FB0     		sub	sp, sp, #60
  49              		.cfi_def_cfa_offset 80
  50              	.LVL0:
  31:main.c        ****     
  32:main.c        ****     uint16_t count      = MID_COUNT;
  33:main.c        ****     uint16_t countPrev  = MID_COUNT;
  34:main.c        ****     float scalingFactor = 75.0 / 3350.0;
  35:main.c        ****     float angle;
  36:main.c        ****     char countStr[50];
  37:main.c        ****     char angleStr[50];
  38:main.c        ****     
  39:main.c        ****     float contador;
  40:main.c        ****     
  41:main.c        ****     CyGlobalIntEnable; /* Enable global interrupts. */
  51              		.loc 1 41 0
  52              		.syntax unified
  53              	@ 41 "main.c" 1
  54 0004 62B6     		CPSIE   i
  55              	@ 0 "" 2
  56              	.LVL1:
  57              		.thumb
  58              		.syntax unified
  59              	.LBB4:
  60              	.LBB5:
  61              		.file 2 "Generated_Source\\PSoC5/cmsis_gcc.h"
   1:Generated_Source\PSoC5/cmsis_gcc.h **** /**************************************************************************//**
   2:Generated_Source\PSoC5/cmsis_gcc.h ****  * @file     cmsis_gcc.h
   3:Generated_Source\PSoC5/cmsis_gcc.h ****  * @brief    CMSIS Cortex-M Core Function/Instruction Header File
   4:Generated_Source\PSoC5/cmsis_gcc.h ****  * @version  V5.00
   5:Generated_Source\PSoC5/cmsis_gcc.h ****  * @date     28. October 2016
   6:Generated_Source\PSoC5/cmsis_gcc.h ****  ******************************************************************************/
   7:Generated_Source\PSoC5/cmsis_gcc.h **** /*
   8:Generated_Source\PSoC5/cmsis_gcc.h ****  * Copyright (c) 2009-2016 ARM Limited. All rights reserved.
   9:Generated_Source\PSoC5/cmsis_gcc.h ****  *
  10:Generated_Source\PSoC5/cmsis_gcc.h ****  * SPDX-License-Identifier: Apache-2.0
  11:Generated_Source\PSoC5/cmsis_gcc.h ****  *
  12:Generated_Source\PSoC5/cmsis_gcc.h ****  * Licensed under the Apache License, Version 2.0 (the License); you may
ARM GAS  C:\Users\DQUESA~1\AppData\Local\Temp\ccuW4xsa.s 			page 3


  13:Generated_Source\PSoC5/cmsis_gcc.h ****  * not use this file except in compliance with the License.
  14:Generated_Source\PSoC5/cmsis_gcc.h ****  * You may obtain a copy of the License at
  15:Generated_Source\PSoC5/cmsis_gcc.h ****  *
  16:Generated_Source\PSoC5/cmsis_gcc.h ****  * http://www.apache.org/licenses/LICENSE-2.0
  17:Generated_Source\PSoC5/cmsis_gcc.h ****  *
  18:Generated_Source\PSoC5/cmsis_gcc.h ****  * Unless required by applicable law or agreed to in writing, software
  19:Generated_Source\PSoC5/cmsis_gcc.h ****  * distributed under the License is distributed on an AS IS BASIS, WITHOUT
  20:Generated_Source\PSoC5/cmsis_gcc.h ****  * WARRANTIES OR CONDITIONS OF ANY KIND, either express or implied.
  21:Generated_Source\PSoC5/cmsis_gcc.h ****  * See the License for the specific language governing permissions and
  22:Generated_Source\PSoC5/cmsis_gcc.h ****  * limitations under the License.
  23:Generated_Source\PSoC5/cmsis_gcc.h ****  */
  24:Generated_Source\PSoC5/cmsis_gcc.h **** 
  25:Generated_Source\PSoC5/cmsis_gcc.h **** #ifndef __CMSIS_GCC_H
  26:Generated_Source\PSoC5/cmsis_gcc.h **** #define __CMSIS_GCC_H
  27:Generated_Source\PSoC5/cmsis_gcc.h **** 
  28:Generated_Source\PSoC5/cmsis_gcc.h **** /* ignore some GCC warnings */
  29:Generated_Source\PSoC5/cmsis_gcc.h **** #pragma GCC diagnostic push
  30:Generated_Source\PSoC5/cmsis_gcc.h **** #pragma GCC diagnostic ignored "-Wsign-conversion"
  31:Generated_Source\PSoC5/cmsis_gcc.h **** #pragma GCC diagnostic ignored "-Wconversion"
  32:Generated_Source\PSoC5/cmsis_gcc.h **** #pragma GCC diagnostic ignored "-Wunused-parameter"
  33:Generated_Source\PSoC5/cmsis_gcc.h **** 
  34:Generated_Source\PSoC5/cmsis_gcc.h **** /* CMSIS compiler specific defines */
  35:Generated_Source\PSoC5/cmsis_gcc.h **** #ifndef   __ASM
  36:Generated_Source\PSoC5/cmsis_gcc.h ****   #define __ASM                     __asm
  37:Generated_Source\PSoC5/cmsis_gcc.h **** #endif
  38:Generated_Source\PSoC5/cmsis_gcc.h **** #ifndef   __INLINE
  39:Generated_Source\PSoC5/cmsis_gcc.h ****   #define __INLINE                  inline
  40:Generated_Source\PSoC5/cmsis_gcc.h **** #endif
  41:Generated_Source\PSoC5/cmsis_gcc.h **** #ifndef   __STATIC_INLINE
  42:Generated_Source\PSoC5/cmsis_gcc.h ****   #define __STATIC_INLINE           static inline
  43:Generated_Source\PSoC5/cmsis_gcc.h **** #endif
  44:Generated_Source\PSoC5/cmsis_gcc.h **** #ifndef   __NO_RETURN
  45:Generated_Source\PSoC5/cmsis_gcc.h ****   #define __NO_RETURN               __attribute__((noreturn))
  46:Generated_Source\PSoC5/cmsis_gcc.h **** #endif
  47:Generated_Source\PSoC5/cmsis_gcc.h **** #ifndef   __USED
  48:Generated_Source\PSoC5/cmsis_gcc.h ****   #define __USED                    __attribute__((used))
  49:Generated_Source\PSoC5/cmsis_gcc.h **** #endif
  50:Generated_Source\PSoC5/cmsis_gcc.h **** #ifndef   _WEAK
  51:Generated_Source\PSoC5/cmsis_gcc.h ****   #define __WEAK                    __attribute__((weak))
  52:Generated_Source\PSoC5/cmsis_gcc.h **** #endif
  53:Generated_Source\PSoC5/cmsis_gcc.h **** #ifndef   __UNALIGNED_UINT32
  54:Generated_Source\PSoC5/cmsis_gcc.h ****   struct __attribute__((packed)) T_UINT32 { uint32_t v; };
  55:Generated_Source\PSoC5/cmsis_gcc.h ****   #define __UNALIGNED_UINT32(x)     (((struct T_UINT32 *)(x))->v)
  56:Generated_Source\PSoC5/cmsis_gcc.h **** #endif
  57:Generated_Source\PSoC5/cmsis_gcc.h **** #ifndef   __ALIGNED
  58:Generated_Source\PSoC5/cmsis_gcc.h ****   #define __ALIGNED(x)              __attribute__((aligned(x)))
  59:Generated_Source\PSoC5/cmsis_gcc.h **** #endif
  60:Generated_Source\PSoC5/cmsis_gcc.h **** #ifndef   __PACKED
  61:Generated_Source\PSoC5/cmsis_gcc.h ****   #define __PACKED                  __attribute__((packed, aligned(1)))
  62:Generated_Source\PSoC5/cmsis_gcc.h **** #endif
  63:Generated_Source\PSoC5/cmsis_gcc.h **** 
  64:Generated_Source\PSoC5/cmsis_gcc.h **** 
  65:Generated_Source\PSoC5/cmsis_gcc.h **** /* ###########################  Core Function Access  ########################### */
  66:Generated_Source\PSoC5/cmsis_gcc.h **** /** \ingroup  CMSIS_Core_FunctionInterface
  67:Generated_Source\PSoC5/cmsis_gcc.h ****     \defgroup CMSIS_Core_RegAccFunctions CMSIS Core Register Access Functions
  68:Generated_Source\PSoC5/cmsis_gcc.h ****   @{
  69:Generated_Source\PSoC5/cmsis_gcc.h ****  */
ARM GAS  C:\Users\DQUESA~1\AppData\Local\Temp\ccuW4xsa.s 			page 4


  70:Generated_Source\PSoC5/cmsis_gcc.h **** 
  71:Generated_Source\PSoC5/cmsis_gcc.h **** /**
  72:Generated_Source\PSoC5/cmsis_gcc.h ****   \brief   Enable IRQ Interrupts
  73:Generated_Source\PSoC5/cmsis_gcc.h ****   \details Enables IRQ interrupts by clearing the I-bit in the CPSR.
  74:Generated_Source\PSoC5/cmsis_gcc.h ****            Can only be executed in Privileged modes.
  75:Generated_Source\PSoC5/cmsis_gcc.h ****  */
  76:Generated_Source\PSoC5/cmsis_gcc.h **** __attribute__((always_inline)) __STATIC_INLINE void __enable_irq(void)
  77:Generated_Source\PSoC5/cmsis_gcc.h **** {
  78:Generated_Source\PSoC5/cmsis_gcc.h ****   __ASM volatile ("cpsie i" : : : "memory");
  62              		.loc 2 78 0
  63              		.syntax unified
  64              	@ 78 "Generated_Source\PSoC5/cmsis_gcc.h" 1
  65 0006 62B6     		cpsie i
  66              	@ 0 "" 2
  67              		.thumb
  68              		.syntax unified
  69              	.LBE5:
  70              	.LBE4:
  42:main.c        **** 
  43:main.c        ****     /* Place your initialization/startup code here (e.g. MyInst_Start()) */
  44:main.c        **** 
  45:main.c        ****     float ref=30;
  46:main.c        ****     float KI=1;//Constante
  47:main.c        ****     float KP=2.53058;
  48:main.c        ****     float KD=7.7183;
  49:main.c        ****     float max_int=1;
  50:main.c        ****     
  51:main.c        ****     float ek; //error
  52:main.c        ****     float ik=0; 
  53:main.c        ****     float dk; 
  54:main.c        ****     float acc; 
  55:main.c        ****     float mk; 
  56:main.c        ****     float posicion1=0;  //posición anterior  (ángulo)
  57:main.c        ****     float posicion; //Posicion en grados
  58:main.c        ****     
  59:main.c        ****     /* Select direction of rotation */
  60:main.c        ****     //rotation_t emulated_rotation = CLOCKWISE;
  61:main.c        ****     
  62:main.c        ****     __enable_irq();/* Enable global interrupts. */
  63:main.c        ****         
  64:main.c        ****     /* Initialize with config set in component and enable QuadDec */
  65:main.c        ****     QUADDEC_Start();
  71              		.loc 1 65 0
  72 0008 FFF7FEFF 		bl	QUADDEC_Start
  73              	.LVL2:
  66:main.c        ****     //UART_Start();
  67:main.c        ****     PWM_Start();
  74              		.loc 1 67 0
  75 000c FFF7FEFF 		bl	PWM_Start
  76              	.LVL3:
  68:main.c        ****     LCD_Start();
  77              		.loc 1 68 0
  78 0010 FFF7FEFF 		bl	LCD_Start
  79              	.LVL4:
  69:main.c        ****     Clock_1_Start();
  80              		.loc 1 69 0
  81 0014 FFF7FEFF 		bl	Clock_1_Start
ARM GAS  C:\Users\DQUESA~1\AppData\Local\Temp\ccuW4xsa.s 			page 5


  82              	.LVL5:
  70:main.c        ****     
  71:main.c        ****     QUADDEC_GetCounter();
  83              		.loc 1 71 0
  84 0018 FFF7FEFF 		bl	QUADDEC_GetCounter
  85              	.LVL6:
  56:main.c        ****     float posicion; //Posicion en grados
  86              		.loc 1 56 0
  87 001c 0027     		movs	r7, #0
  52:main.c        ****     float dk; 
  88              		.loc 1 52 0
  89 001e 3C46     		mov	r4, r7
  90 0020 00E0     		b	.L2
  91              	.LVL7:
  92              	.L7:
  93 0022 3746     		mov	r7, r6
  94              	.LVL8:
  95              	.L2:
  72:main.c        ****     
  73:main.c        ****     
  74:main.c        ****     for(;;)
  75:main.c        ****     {
  76:main.c        ****         
  77:main.c        ****         count = QUADDEC_GetCounter();
  96              		.loc 1 77 0
  97 0024 FFF7FEFF 		bl	QUADDEC_GetCounter
  98              	.LVL9:
  78:main.c        ****         angle = count * scalingFactor;
  99              		.loc 1 78 0
 100 0028 80B2     		uxth	r0, r0
 101 002a FFF7FEFF 		bl	__aeabi_i2f
 102              	.LVL10:
 103 002e 2F49     		ldr	r1, .L16
 104 0030 FFF7FEFF 		bl	__aeabi_fmul
 105              	.LVL11:
 106 0034 0646     		mov	r6, r0
 107              	.LVL12:
  79:main.c        ****         
  80:main.c        **** //        LCD_Position(0u, 0u);
  81:main.c        **** //        LCD_PrintString("Count: ");
  82:main.c        **** //        
  83:main.c        **** //        LCD_Position(0u, 7u);
  84:main.c        **** //        
  85:main.c        **** //        sprintf(countStr, "%d          ", count);
  86:main.c        **** //        LCD_PrintString(countStr);
  87:main.c        **** //        
  88:main.c        **** //        LCD_Position(1u, 0u);
  89:main.c        **** //        LCD_PrintString("Angle: ");
  90:main.c        **** //        
  91:main.c        **** //        LCD_Position(1u, 7u);
  92:main.c        ****         
  93:main.c        ****         sprintf(angleStr, "%f", angle);
 108              		.loc 1 93 0
 109 0036 FFF7FEFF 		bl	__aeabi_f2d
 110              	.LVL13:
 111 003a 0246     		mov	r2, r0
 112 003c 0B46     		mov	r3, r1
ARM GAS  C:\Users\DQUESA~1\AppData\Local\Temp\ccuW4xsa.s 			page 6


 113 003e 2C49     		ldr	r1, .L16+4
 114 0040 01A8     		add	r0, sp, #4
 115 0042 FFF7FEFF 		bl	sprintf
 116              	.LVL14:
  94:main.c        ****         
  95:main.c        ****         posicion=angle;
  96:main.c        ****         
  97:main.c        ****         ek=ref-posicion;
 117              		.loc 1 97 0
 118 0046 3146     		mov	r1, r6
 119 0048 2A48     		ldr	r0, .L16+8
 120 004a FFF7FEFF 		bl	__aeabi_fsub
 121              	.LVL15:
 122 004e 0546     		mov	r5, r0
 123              	.LVL16:
  98:main.c        ****         
  99:main.c        ****         ik=KI*ek+ik;
 124              		.loc 1 99 0
 125 0050 0146     		mov	r1, r0
 126 0052 2046     		mov	r0, r4
 127              	.LVL17:
 128 0054 FFF7FEFF 		bl	__aeabi_fadd
 129              	.LVL18:
 130 0058 0446     		mov	r4, r0
 131              	.LVL19:
 100:main.c        ****         
 101:main.c        ****         dk=KD*(posicion-posicion1);
 132              		.loc 1 101 0
 133 005a 3946     		mov	r1, r7
 134 005c 3046     		mov	r0, r6
 135              	.LVL20:
 136 005e FFF7FEFF 		bl	__aeabi_fsub
 137              	.LVL21:
 138 0062 2549     		ldr	r1, .L16+12
 139 0064 FFF7FEFF 		bl	__aeabi_fmul
 140              	.LVL22:
 141 0068 0746     		mov	r7, r0
 142              	.LVL23:
 102:main.c        ****         
 103:main.c        ****         acc=-KP*(ek/100)+ik-dk;
 143              		.loc 1 103 0
 144 006a 2449     		ldr	r1, .L16+16
 145 006c 2846     		mov	r0, r5
 146              	.LVL24:
 147 006e FFF7FEFF 		bl	__aeabi_fdiv
 148              	.LVL25:
 149 0072 2349     		ldr	r1, .L16+20
 150 0074 FFF7FEFF 		bl	__aeabi_fmul
 151              	.LVL26:
 152 0078 0146     		mov	r1, r0
 153 007a 2046     		mov	r0, r4
 154 007c FFF7FEFF 		bl	__aeabi_fadd
 155              	.LVL27:
 156 0080 3946     		mov	r1, r7
 157 0082 FFF7FEFF 		bl	__aeabi_fsub
 158              	.LVL28:
 159 0086 0746     		mov	r7, r0
ARM GAS  C:\Users\DQUESA~1\AppData\Local\Temp\ccuW4xsa.s 			page 7


 160              	.LVL29:
 104:main.c        ****         
 105:main.c        ****         mk=acc;
 106:main.c        ****         
 107:main.c        ****         posicion1=posicion;
 108:main.c        ****         
 109:main.c        ****         if(ik> max_int){
 161              		.loc 1 109 0
 162 0088 4FF07E51 		mov	r1, #1065353216
 163 008c 2046     		mov	r0, r4
 164              	.LVL30:
 165 008e FFF7FEFF 		bl	__aeabi_fcmpgt
 166              	.LVL31:
 167 0092 28B9     		cbnz	r0, .L9
 110:main.c        ****         
 111:main.c        ****             ik=max_int;   
 112:main.c        ****             
 113:main.c        ****         }
 114:main.c        ****         
 115:main.c        ****         else
 116:main.c        ****         
 117:main.c        ****         if(ik< -max_int)
 168              		.loc 1 117 0
 169 0094 1B49     		ldr	r1, .L16+24
 170 0096 2046     		mov	r0, r4
 171 0098 FFF7FEFF 		bl	__aeabi_fcmplt
 172              	.LVL32:
 173 009c 28B1     		cbz	r0, .L3
 174 009e 02E0     		b	.L10
 175              	.L9:
 111:main.c        ****             
 176              		.loc 1 111 0
 177 00a0 4FF07E54 		mov	r4, #1065353216
 178              	.LVL33:
 179 00a4 01E0     		b	.L3
 180              	.LVL34:
 181              	.L10:
 118:main.c        ****         {
 119:main.c        ****         
 120:main.c        ****             ik=max_int;
 182              		.loc 1 120 0
 183 00a6 4FF07E54 		mov	r4, #1065353216
 184              	.LVL35:
 185              	.L3:
 121:main.c        ****             
 122:main.c        ****         }
 123:main.c        ****         
 124:main.c        ****         if(acc>65535){
 186              		.loc 1 124 0
 187 00aa 1749     		ldr	r1, .L16+28
 188 00ac 3846     		mov	r0, r7
 189 00ae FFF7FEFF 		bl	__aeabi_fcmpgt
 190              	.LVL36:
 191 00b2 00B1     		cbz	r0, .L4
 125:main.c        ****         
 126:main.c        ****             acc=65535;
 192              		.loc 1 126 0
ARM GAS  C:\Users\DQUESA~1\AppData\Local\Temp\ccuW4xsa.s 			page 8


 193 00b4 144F     		ldr	r7, .L16+28
 194              	.LVL37:
 195              	.L4:
 127:main.c        ****             
 128:main.c        ****         }
 129:main.c        ****         
 130:main.c        ****         if(ek>30)
 196              		.loc 1 130 0
 197 00b6 0F49     		ldr	r1, .L16+8
 198 00b8 2846     		mov	r0, r5
 199 00ba FFF7FEFF 		bl	__aeabi_fcmpgt
 200              	.LVL38:
 201 00be 50B1     		cbz	r0, .L14
 131:main.c        ****         {
 132:main.c        ****         
 133:main.c        ****         PWM_WriteCompare(acc/2);
 202              		.loc 1 133 0
 203 00c0 4FF07C51 		mov	r1, #1056964608
 204 00c4 3846     		mov	r0, r7
 205 00c6 FFF7FEFF 		bl	__aeabi_fmul
 206              	.LVL39:
 207 00ca FFF7FEFF 		bl	__aeabi_f2uiz
 208              	.LVL40:
 209 00ce 80B2     		uxth	r0, r0
 210 00d0 FFF7FEFF 		bl	PWM_WriteCompare
 211              	.LVL41:
 212 00d4 A5E7     		b	.L7
 213              	.L14:
 134:main.c        ****         
 135:main.c        ****         }
 136:main.c        ****         
 137:main.c        ****         else if(ek<30){
 214              		.loc 1 137 0
 215 00d6 0749     		ldr	r1, .L16+8
 216 00d8 2846     		mov	r0, r5
 217 00da FFF7FEFF 		bl	__aeabi_fcmplt
 218              	.LVL42:
 219 00de 0028     		cmp	r0, #0
 220 00e0 9FD0     		beq	.L7
 138:main.c        ****         
 139:main.c        ****         PWM_WriteCompare(3000);
 221              		.loc 1 139 0
 222 00e2 40F6B830 		movw	r0, #3000
 223 00e6 FFF7FEFF 		bl	PWM_WriteCompare
 224              	.LVL43:
 225 00ea 9AE7     		b	.L7
 226              	.L17:
 227              		.align	2
 228              	.L16:
 229 00ec 2A67B73C 		.word	1018652458
 230 00f0 00000000 		.word	.LC0
 231 00f4 0000F041 		.word	1106247680
 232 00f8 50FCF640 		.word	1089928272
 233 00fc 0000C842 		.word	1120403456
 234 0100 06F521C0 		.word	-1071516410
 235 0104 000080BF 		.word	-1082130432
 236 0108 00FF7F47 		.word	1199570688
ARM GAS  C:\Users\DQUESA~1\AppData\Local\Temp\ccuW4xsa.s 			page 9


 237              		.cfi_endproc
 238              	.LFE64:
 239              		.size	main, .-main
 240              		.section	.rodata.str1.4,"aMS",%progbits,1
 241              		.align	2
 242              	.LC0:
 243 0000 256600   		.ascii	"%f\000"
 244              		.text
 245              	.Letext0:
 246              		.file 3 "c:\\program files (x86)\\cypress\\psoc creator\\4.2\\psoc creator\\import\\gnu\\arm\\5.4.
 247              		.file 4 "c:\\program files (x86)\\cypress\\psoc creator\\4.2\\psoc creator\\import\\gnu\\arm\\5.4.
 248              		.file 5 "Generated_Source\\PSoC5/QUADDEC.h"
 249              		.file 6 "Generated_Source\\PSoC5/PWM.h"
 250              		.file 7 "Generated_Source\\PSoC5/LCD.h"
 251              		.file 8 "Generated_Source\\PSoC5/Clock_1.h"
 252              		.file 9 "c:\\program files (x86)\\cypress\\psoc creator\\4.2\\psoc creator\\import\\gnu\\arm\\5.4.
 253              		.file 10 "Generated_Source\\PSoC5/core_cm3.h"
 254              		.section	.debug_info,"",%progbits
 255              	.Ldebug_info0:
 256 0000 D7020000 		.4byte	0x2d7
 257 0004 0400     		.2byte	0x4
 258 0006 00000000 		.4byte	.Ldebug_abbrev0
 259 000a 04       		.byte	0x4
 260 000b 01       		.uleb128 0x1
 261 000c 5E000000 		.4byte	.LASF35
 262 0010 0C       		.byte	0xc
 263 0011 C0010000 		.4byte	.LASF36
 264 0015 0C020000 		.4byte	.LASF37
 265 0019 00000000 		.4byte	.Ldebug_ranges0+0
 266 001d 00000000 		.4byte	0
 267 0021 00000000 		.4byte	.Ldebug_line0
 268 0025 02       		.uleb128 0x2
 269 0026 01       		.byte	0x1
 270 0027 06       		.byte	0x6
 271 0028 95010000 		.4byte	.LASF0
 272 002c 02       		.uleb128 0x2
 273 002d 01       		.byte	0x1
 274 002e 08       		.byte	0x8
 275 002f 50000000 		.4byte	.LASF1
 276 0033 02       		.uleb128 0x2
 277 0034 02       		.byte	0x2
 278 0035 05       		.byte	0x5
 279 0036 F8010000 		.4byte	.LASF2
 280 003a 03       		.uleb128 0x3
 281 003b 3B010000 		.4byte	.LASF4
 282 003f 03       		.byte	0x3
 283 0040 2B       		.byte	0x2b
 284 0041 45000000 		.4byte	0x45
 285 0045 02       		.uleb128 0x2
 286 0046 02       		.byte	0x2
 287 0047 07       		.byte	0x7
 288 0048 15010000 		.4byte	.LASF3
 289 004c 03       		.uleb128 0x3
 290 004d 0E000000 		.4byte	.LASF5
 291 0051 03       		.byte	0x3
 292 0052 3F       		.byte	0x3f
 293 0053 57000000 		.4byte	0x57
ARM GAS  C:\Users\DQUESA~1\AppData\Local\Temp\ccuW4xsa.s 			page 10


 294 0057 02       		.uleb128 0x2
 295 0058 04       		.byte	0x4
 296 0059 05       		.byte	0x5
 297 005a 54020000 		.4byte	.LASF6
 298 005e 02       		.uleb128 0x2
 299 005f 04       		.byte	0x4
 300 0060 07       		.byte	0x7
 301 0061 03010000 		.4byte	.LASF7
 302 0065 02       		.uleb128 0x2
 303 0066 08       		.byte	0x8
 304 0067 05       		.byte	0x5
 305 0068 B2010000 		.4byte	.LASF8
 306 006c 02       		.uleb128 0x2
 307 006d 08       		.byte	0x8
 308 006e 07       		.byte	0x7
 309 006f 7E010000 		.4byte	.LASF9
 310 0073 04       		.uleb128 0x4
 311 0074 04       		.byte	0x4
 312 0075 05       		.byte	0x5
 313 0076 696E7400 		.ascii	"int\000"
 314 007a 02       		.uleb128 0x2
 315 007b 04       		.byte	0x4
 316 007c 07       		.byte	0x7
 317 007d 71010000 		.4byte	.LASF10
 318 0081 03       		.uleb128 0x3
 319 0082 E5010000 		.4byte	.LASF11
 320 0086 04       		.byte	0x4
 321 0087 24       		.byte	0x24
 322 0088 3A000000 		.4byte	0x3a
 323 008c 03       		.uleb128 0x3
 324 008d A1010000 		.4byte	.LASF12
 325 0091 04       		.byte	0x4
 326 0092 2C       		.byte	0x2c
 327 0093 4C000000 		.4byte	0x4c
 328 0097 02       		.uleb128 0x2
 329 0098 04       		.byte	0x4
 330 0099 04       		.byte	0x4
 331 009a 33000000 		.4byte	.LASF13
 332 009e 02       		.uleb128 0x2
 333 009f 08       		.byte	0x8
 334 00a0 04       		.byte	0x4
 335 00a1 46010000 		.4byte	.LASF14
 336 00a5 02       		.uleb128 0x2
 337 00a6 01       		.byte	0x1
 338 00a7 08       		.byte	0x8
 339 00a8 C7010000 		.4byte	.LASF15
 340 00ac 02       		.uleb128 0x2
 341 00ad 08       		.byte	0x8
 342 00ae 04       		.byte	0x4
 343 00af 66020000 		.4byte	.LASF16
 344 00b3 02       		.uleb128 0x2
 345 00b4 04       		.byte	0x4
 346 00b5 07       		.byte	0x7
 347 00b6 A9010000 		.4byte	.LASF17
 348 00ba 05       		.uleb128 0x5
 349 00bb 43000000 		.4byte	.LASF38
 350 00bf 02       		.byte	0x2
ARM GAS  C:\Users\DQUESA~1\AppData\Local\Temp\ccuW4xsa.s 			page 11


 351 00c0 4C       		.byte	0x4c
 352 00c1 03       		.byte	0x3
 353 00c2 06       		.uleb128 0x6
 354 00c3 6C010000 		.4byte	.LASF39
 355 00c7 01       		.byte	0x1
 356 00c8 1D       		.byte	0x1d
 357 00c9 73000000 		.4byte	0x73
 358 00cd 00000000 		.4byte	.LFB64
 359 00d1 0C010000 		.4byte	.LFE64-.LFB64
 360 00d5 01       		.uleb128 0x1
 361 00d6 9C       		.byte	0x9c
 362 00d7 6C020000 		.4byte	0x26c
 363 00db 07       		.uleb128 0x7
 364 00dc DF010000 		.4byte	.LASF18
 365 00e0 01       		.byte	0x1
 366 00e1 20       		.byte	0x20
 367 00e2 81000000 		.4byte	0x81
 368 00e6 00000000 		.4byte	.LLST0
 369 00ea 08       		.uleb128 0x8
 370 00eb 21000000 		.4byte	.LASF19
 371 00ef 01       		.byte	0x1
 372 00f0 21       		.byte	0x21
 373 00f1 81000000 		.4byte	0x81
 374 00f5 80807E   		.sleb128 -32768
 375 00f8 09       		.uleb128 0x9
 376 00f9 00000000 		.4byte	.LASF20
 377 00fd 01       		.byte	0x1
 378 00fe 22       		.byte	0x22
 379 00ff 97000000 		.4byte	0x97
 380 0103 04       		.byte	0x4
 381 0104 2A67B73C 		.4byte	0x3cb7672a
 382 0108 07       		.uleb128 0x7
 383 0109 28010000 		.4byte	.LASF21
 384 010d 01       		.byte	0x1
 385 010e 23       		.byte	0x23
 386 010f 97000000 		.4byte	0x97
 387 0113 21000000 		.4byte	.LLST1
 388 0117 0A       		.uleb128 0xa
 389 0118 5D020000 		.4byte	.LASF23
 390 011c 01       		.byte	0x1
 391 011d 24       		.byte	0x24
 392 011e 6C020000 		.4byte	0x26c
 393 0122 0B       		.uleb128 0xb
 394 0123 18000000 		.4byte	.LASF22
 395 0127 01       		.byte	0x1
 396 0128 25       		.byte	0x25
 397 0129 6C020000 		.4byte	0x26c
 398 012d 03       		.uleb128 0x3
 399 012e 91       		.byte	0x91
 400 012f B47F     		.sleb128 -76
 401 0131 0A       		.uleb128 0xa
 402 0132 FA000000 		.4byte	.LASF24
 403 0136 01       		.byte	0x1
 404 0137 27       		.byte	0x27
 405 0138 97000000 		.4byte	0x97
 406 013c 0C       		.uleb128 0xc
 407 013d 72656600 		.ascii	"ref\000"
ARM GAS  C:\Users\DQUESA~1\AppData\Local\Temp\ccuW4xsa.s 			page 12


 408 0141 01       		.byte	0x1
 409 0142 2D       		.byte	0x2d
 410 0143 97000000 		.4byte	0x97
 411 0147 04       		.byte	0x4
 412 0148 0000F041 		.4byte	0x41f00000
 413 014c 0C       		.uleb128 0xc
 414 014d 4B4900   		.ascii	"KI\000"
 415 0150 01       		.byte	0x1
 416 0151 2E       		.byte	0x2e
 417 0152 97000000 		.4byte	0x97
 418 0156 04       		.byte	0x4
 419 0157 0000803F 		.4byte	0x3f800000
 420 015b 0C       		.uleb128 0xc
 421 015c 4B5000   		.ascii	"KP\000"
 422 015f 01       		.byte	0x1
 423 0160 2F       		.byte	0x2f
 424 0161 97000000 		.4byte	0x97
 425 0165 04       		.byte	0x4
 426 0166 06F52140 		.4byte	0x4021f506
 427 016a 0C       		.uleb128 0xc
 428 016b 4B4400   		.ascii	"KD\000"
 429 016e 01       		.byte	0x1
 430 016f 30       		.byte	0x30
 431 0170 97000000 		.4byte	0x97
 432 0174 04       		.byte	0x4
 433 0175 50FCF640 		.4byte	0x40f6fc50
 434 0179 09       		.uleb128 0x9
 435 017a 2B000000 		.4byte	.LASF25
 436 017e 01       		.byte	0x1
 437 017f 31       		.byte	0x31
 438 0180 97000000 		.4byte	0x97
 439 0184 04       		.byte	0x4
 440 0185 0000803F 		.4byte	0x3f800000
 441 0189 0D       		.uleb128 0xd
 442 018a 656B00   		.ascii	"ek\000"
 443 018d 01       		.byte	0x1
 444 018e 33       		.byte	0x33
 445 018f 97000000 		.4byte	0x97
 446 0193 4A000000 		.4byte	.LLST2
 447 0197 0D       		.uleb128 0xd
 448 0198 696B00   		.ascii	"ik\000"
 449 019b 01       		.byte	0x1
 450 019c 34       		.byte	0x34
 451 019d 97000000 		.4byte	0x97
 452 01a1 7E000000 		.4byte	.LLST3
 453 01a5 0D       		.uleb128 0xd
 454 01a6 646B00   		.ascii	"dk\000"
 455 01a9 01       		.byte	0x1
 456 01aa 35       		.byte	0x35
 457 01ab 97000000 		.4byte	0x97
 458 01af C2000000 		.4byte	.LLST4
 459 01b3 0D       		.uleb128 0xd
 460 01b4 61636300 		.ascii	"acc\000"
 461 01b8 01       		.byte	0x1
 462 01b9 36       		.byte	0x36
 463 01ba 97000000 		.4byte	0x97
 464 01be E0000000 		.4byte	.LLST5
ARM GAS  C:\Users\DQUESA~1\AppData\Local\Temp\ccuW4xsa.s 			page 13


 465 01c2 0D       		.uleb128 0xd
 466 01c3 6D6B00   		.ascii	"mk\000"
 467 01c6 01       		.byte	0x1
 468 01c7 37       		.byte	0x37
 469 01c8 97000000 		.4byte	0x97
 470 01cc 09010000 		.4byte	.LLST6
 471 01d0 07       		.uleb128 0x7
 472 01d1 EE010000 		.4byte	.LASF26
 473 01d5 01       		.byte	0x1
 474 01d6 38       		.byte	0x38
 475 01d7 97000000 		.4byte	0x97
 476 01db 27010000 		.4byte	.LLST7
 477 01df 07       		.uleb128 0x7
 478 01e0 72020000 		.4byte	.LASF27
 479 01e4 01       		.byte	0x1
 480 01e5 39       		.byte	0x39
 481 01e6 97000000 		.4byte	0x97
 482 01ea 60010000 		.4byte	.LLST8
 483 01ee 0E       		.uleb128 0xe
 484 01ef BA000000 		.4byte	0xba
 485 01f3 06000000 		.4byte	.LBB4
 486 01f7 02000000 		.4byte	.LBE4-.LBB4
 487 01fb 01       		.byte	0x1
 488 01fc 3E       		.byte	0x3e
 489 01fd 0F       		.uleb128 0xf
 490 01fe 0C000000 		.4byte	.LVL2
 491 0202 8D020000 		.4byte	0x28d
 492 0206 0F       		.uleb128 0xf
 493 0207 10000000 		.4byte	.LVL3
 494 020b 98020000 		.4byte	0x298
 495 020f 0F       		.uleb128 0xf
 496 0210 14000000 		.4byte	.LVL4
 497 0214 A3020000 		.4byte	0x2a3
 498 0218 0F       		.uleb128 0xf
 499 0219 18000000 		.4byte	.LVL5
 500 021d AE020000 		.4byte	0x2ae
 501 0221 0F       		.uleb128 0xf
 502 0222 1C000000 		.4byte	.LVL6
 503 0226 B9020000 		.4byte	0x2b9
 504 022a 0F       		.uleb128 0xf
 505 022b 28000000 		.4byte	.LVL9
 506 022f B9020000 		.4byte	0x2b9
 507 0233 10       		.uleb128 0x10
 508 0234 46000000 		.4byte	.LVL14
 509 0238 C4020000 		.4byte	0x2c4
 510 023c 51020000 		.4byte	0x251
 511 0240 11       		.uleb128 0x11
 512 0241 01       		.uleb128 0x1
 513 0242 50       		.byte	0x50
 514 0243 03       		.uleb128 0x3
 515 0244 91       		.byte	0x91
 516 0245 B47F     		.sleb128 -76
 517 0247 11       		.uleb128 0x11
 518 0248 01       		.uleb128 0x1
 519 0249 51       		.byte	0x51
 520 024a 05       		.uleb128 0x5
 521 024b 03       		.byte	0x3
ARM GAS  C:\Users\DQUESA~1\AppData\Local\Temp\ccuW4xsa.s 			page 14


 522 024c 00000000 		.4byte	.LC0
 523 0250 00       		.byte	0
 524 0251 0F       		.uleb128 0xf
 525 0252 D4000000 		.4byte	.LVL41
 526 0256 CF020000 		.4byte	0x2cf
 527 025a 12       		.uleb128 0x12
 528 025b EA000000 		.4byte	.LVL43
 529 025f CF020000 		.4byte	0x2cf
 530 0263 11       		.uleb128 0x11
 531 0264 01       		.uleb128 0x1
 532 0265 50       		.byte	0x50
 533 0266 03       		.uleb128 0x3
 534 0267 0A       		.byte	0xa
 535 0268 B80B     		.2byte	0xbb8
 536 026a 00       		.byte	0
 537 026b 00       		.byte	0
 538 026c 13       		.uleb128 0x13
 539 026d A5000000 		.4byte	0xa5
 540 0271 7C020000 		.4byte	0x27c
 541 0275 14       		.uleb128 0x14
 542 0276 B3000000 		.4byte	0xb3
 543 027a 31       		.byte	0x31
 544 027b 00       		.byte	0
 545 027c 15       		.uleb128 0x15
 546 027d 2E010000 		.4byte	.LASF40
 547 0281 0A       		.byte	0xa
 548 0282 1207     		.2byte	0x712
 549 0284 88020000 		.4byte	0x288
 550 0288 16       		.uleb128 0x16
 551 0289 8C000000 		.4byte	0x8c
 552 028d 17       		.uleb128 0x17
 553 028e 5E010000 		.4byte	.LASF28
 554 0292 5E010000 		.4byte	.LASF28
 555 0296 05       		.byte	0x5
 556 0297 48       		.byte	0x48
 557 0298 17       		.uleb128 0x17
 558 0299 02020000 		.4byte	.LASF29
 559 029d 02020000 		.4byte	.LASF29
 560 02a1 06       		.byte	0x6
 561 02a2 92       		.byte	0x92
 562 02a3 17       		.uleb128 0x17
 563 02a4 39000000 		.4byte	.LASF30
 564 02a8 39000000 		.4byte	.LASF30
 565 02ac 07       		.byte	0x7
 566 02ad 38       		.byte	0x38
 567 02ae 17       		.uleb128 0x17
 568 02af EC000000 		.4byte	.LASF31
 569 02b3 EC000000 		.4byte	.LASF31
 570 02b7 08       		.byte	0x8
 571 02b8 27       		.byte	0x27
 572 02b9 17       		.uleb128 0x17
 573 02ba CC010000 		.4byte	.LASF32
 574 02be CC010000 		.4byte	.LASF32
 575 02c2 05       		.byte	0x5
 576 02c3 4E       		.byte	0x4e
 577 02c4 17       		.uleb128 0x17
 578 02c5 7B020000 		.4byte	.LASF33
ARM GAS  C:\Users\DQUESA~1\AppData\Local\Temp\ccuW4xsa.s 			page 15


 579 02c9 7B020000 		.4byte	.LASF33
 580 02cd 09       		.byte	0x9
 581 02ce E7       		.byte	0xe7
 582 02cf 17       		.uleb128 0x17
 583 02d0 4D010000 		.4byte	.LASF34
 584 02d4 4D010000 		.4byte	.LASF34
 585 02d8 06       		.byte	0x6
 586 02d9 C3       		.byte	0xc3
 587 02da 00       		.byte	0
 588              		.section	.debug_abbrev,"",%progbits
 589              	.Ldebug_abbrev0:
 590 0000 01       		.uleb128 0x1
 591 0001 11       		.uleb128 0x11
 592 0002 01       		.byte	0x1
 593 0003 25       		.uleb128 0x25
 594 0004 0E       		.uleb128 0xe
 595 0005 13       		.uleb128 0x13
 596 0006 0B       		.uleb128 0xb
 597 0007 03       		.uleb128 0x3
 598 0008 0E       		.uleb128 0xe
 599 0009 1B       		.uleb128 0x1b
 600 000a 0E       		.uleb128 0xe
 601 000b 55       		.uleb128 0x55
 602 000c 17       		.uleb128 0x17
 603 000d 11       		.uleb128 0x11
 604 000e 01       		.uleb128 0x1
 605 000f 10       		.uleb128 0x10
 606 0010 17       		.uleb128 0x17
 607 0011 00       		.byte	0
 608 0012 00       		.byte	0
 609 0013 02       		.uleb128 0x2
 610 0014 24       		.uleb128 0x24
 611 0015 00       		.byte	0
 612 0016 0B       		.uleb128 0xb
 613 0017 0B       		.uleb128 0xb
 614 0018 3E       		.uleb128 0x3e
 615 0019 0B       		.uleb128 0xb
 616 001a 03       		.uleb128 0x3
 617 001b 0E       		.uleb128 0xe
 618 001c 00       		.byte	0
 619 001d 00       		.byte	0
 620 001e 03       		.uleb128 0x3
 621 001f 16       		.uleb128 0x16
 622 0020 00       		.byte	0
 623 0021 03       		.uleb128 0x3
 624 0022 0E       		.uleb128 0xe
 625 0023 3A       		.uleb128 0x3a
 626 0024 0B       		.uleb128 0xb
 627 0025 3B       		.uleb128 0x3b
 628 0026 0B       		.uleb128 0xb
 629 0027 49       		.uleb128 0x49
 630 0028 13       		.uleb128 0x13
 631 0029 00       		.byte	0
 632 002a 00       		.byte	0
 633 002b 04       		.uleb128 0x4
 634 002c 24       		.uleb128 0x24
 635 002d 00       		.byte	0
ARM GAS  C:\Users\DQUESA~1\AppData\Local\Temp\ccuW4xsa.s 			page 16


 636 002e 0B       		.uleb128 0xb
 637 002f 0B       		.uleb128 0xb
 638 0030 3E       		.uleb128 0x3e
 639 0031 0B       		.uleb128 0xb
 640 0032 03       		.uleb128 0x3
 641 0033 08       		.uleb128 0x8
 642 0034 00       		.byte	0
 643 0035 00       		.byte	0
 644 0036 05       		.uleb128 0x5
 645 0037 2E       		.uleb128 0x2e
 646 0038 00       		.byte	0
 647 0039 03       		.uleb128 0x3
 648 003a 0E       		.uleb128 0xe
 649 003b 3A       		.uleb128 0x3a
 650 003c 0B       		.uleb128 0xb
 651 003d 3B       		.uleb128 0x3b
 652 003e 0B       		.uleb128 0xb
 653 003f 27       		.uleb128 0x27
 654 0040 19       		.uleb128 0x19
 655 0041 20       		.uleb128 0x20
 656 0042 0B       		.uleb128 0xb
 657 0043 00       		.byte	0
 658 0044 00       		.byte	0
 659 0045 06       		.uleb128 0x6
 660 0046 2E       		.uleb128 0x2e
 661 0047 01       		.byte	0x1
 662 0048 3F       		.uleb128 0x3f
 663 0049 19       		.uleb128 0x19
 664 004a 03       		.uleb128 0x3
 665 004b 0E       		.uleb128 0xe
 666 004c 3A       		.uleb128 0x3a
 667 004d 0B       		.uleb128 0xb
 668 004e 3B       		.uleb128 0x3b
 669 004f 0B       		.uleb128 0xb
 670 0050 27       		.uleb128 0x27
 671 0051 19       		.uleb128 0x19
 672 0052 49       		.uleb128 0x49
 673 0053 13       		.uleb128 0x13
 674 0054 8701     		.uleb128 0x87
 675 0056 19       		.uleb128 0x19
 676 0057 11       		.uleb128 0x11
 677 0058 01       		.uleb128 0x1
 678 0059 12       		.uleb128 0x12
 679 005a 06       		.uleb128 0x6
 680 005b 40       		.uleb128 0x40
 681 005c 18       		.uleb128 0x18
 682 005d 9642     		.uleb128 0x2116
 683 005f 19       		.uleb128 0x19
 684 0060 01       		.uleb128 0x1
 685 0061 13       		.uleb128 0x13
 686 0062 00       		.byte	0
 687 0063 00       		.byte	0
 688 0064 07       		.uleb128 0x7
 689 0065 34       		.uleb128 0x34
 690 0066 00       		.byte	0
 691 0067 03       		.uleb128 0x3
 692 0068 0E       		.uleb128 0xe
ARM GAS  C:\Users\DQUESA~1\AppData\Local\Temp\ccuW4xsa.s 			page 17


 693 0069 3A       		.uleb128 0x3a
 694 006a 0B       		.uleb128 0xb
 695 006b 3B       		.uleb128 0x3b
 696 006c 0B       		.uleb128 0xb
 697 006d 49       		.uleb128 0x49
 698 006e 13       		.uleb128 0x13
 699 006f 02       		.uleb128 0x2
 700 0070 17       		.uleb128 0x17
 701 0071 00       		.byte	0
 702 0072 00       		.byte	0
 703 0073 08       		.uleb128 0x8
 704 0074 34       		.uleb128 0x34
 705 0075 00       		.byte	0
 706 0076 03       		.uleb128 0x3
 707 0077 0E       		.uleb128 0xe
 708 0078 3A       		.uleb128 0x3a
 709 0079 0B       		.uleb128 0xb
 710 007a 3B       		.uleb128 0x3b
 711 007b 0B       		.uleb128 0xb
 712 007c 49       		.uleb128 0x49
 713 007d 13       		.uleb128 0x13
 714 007e 1C       		.uleb128 0x1c
 715 007f 0D       		.uleb128 0xd
 716 0080 00       		.byte	0
 717 0081 00       		.byte	0
 718 0082 09       		.uleb128 0x9
 719 0083 34       		.uleb128 0x34
 720 0084 00       		.byte	0
 721 0085 03       		.uleb128 0x3
 722 0086 0E       		.uleb128 0xe
 723 0087 3A       		.uleb128 0x3a
 724 0088 0B       		.uleb128 0xb
 725 0089 3B       		.uleb128 0x3b
 726 008a 0B       		.uleb128 0xb
 727 008b 49       		.uleb128 0x49
 728 008c 13       		.uleb128 0x13
 729 008d 1C       		.uleb128 0x1c
 730 008e 0A       		.uleb128 0xa
 731 008f 00       		.byte	0
 732 0090 00       		.byte	0
 733 0091 0A       		.uleb128 0xa
 734 0092 34       		.uleb128 0x34
 735 0093 00       		.byte	0
 736 0094 03       		.uleb128 0x3
 737 0095 0E       		.uleb128 0xe
 738 0096 3A       		.uleb128 0x3a
 739 0097 0B       		.uleb128 0xb
 740 0098 3B       		.uleb128 0x3b
 741 0099 0B       		.uleb128 0xb
 742 009a 49       		.uleb128 0x49
 743 009b 13       		.uleb128 0x13
 744 009c 00       		.byte	0
 745 009d 00       		.byte	0
 746 009e 0B       		.uleb128 0xb
 747 009f 34       		.uleb128 0x34
 748 00a0 00       		.byte	0
 749 00a1 03       		.uleb128 0x3
ARM GAS  C:\Users\DQUESA~1\AppData\Local\Temp\ccuW4xsa.s 			page 18


 750 00a2 0E       		.uleb128 0xe
 751 00a3 3A       		.uleb128 0x3a
 752 00a4 0B       		.uleb128 0xb
 753 00a5 3B       		.uleb128 0x3b
 754 00a6 0B       		.uleb128 0xb
 755 00a7 49       		.uleb128 0x49
 756 00a8 13       		.uleb128 0x13
 757 00a9 02       		.uleb128 0x2
 758 00aa 18       		.uleb128 0x18
 759 00ab 00       		.byte	0
 760 00ac 00       		.byte	0
 761 00ad 0C       		.uleb128 0xc
 762 00ae 34       		.uleb128 0x34
 763 00af 00       		.byte	0
 764 00b0 03       		.uleb128 0x3
 765 00b1 08       		.uleb128 0x8
 766 00b2 3A       		.uleb128 0x3a
 767 00b3 0B       		.uleb128 0xb
 768 00b4 3B       		.uleb128 0x3b
 769 00b5 0B       		.uleb128 0xb
 770 00b6 49       		.uleb128 0x49
 771 00b7 13       		.uleb128 0x13
 772 00b8 1C       		.uleb128 0x1c
 773 00b9 0A       		.uleb128 0xa
 774 00ba 00       		.byte	0
 775 00bb 00       		.byte	0
 776 00bc 0D       		.uleb128 0xd
 777 00bd 34       		.uleb128 0x34
 778 00be 00       		.byte	0
 779 00bf 03       		.uleb128 0x3
 780 00c0 08       		.uleb128 0x8
 781 00c1 3A       		.uleb128 0x3a
 782 00c2 0B       		.uleb128 0xb
 783 00c3 3B       		.uleb128 0x3b
 784 00c4 0B       		.uleb128 0xb
 785 00c5 49       		.uleb128 0x49
 786 00c6 13       		.uleb128 0x13
 787 00c7 02       		.uleb128 0x2
 788 00c8 17       		.uleb128 0x17
 789 00c9 00       		.byte	0
 790 00ca 00       		.byte	0
 791 00cb 0E       		.uleb128 0xe
 792 00cc 1D       		.uleb128 0x1d
 793 00cd 00       		.byte	0
 794 00ce 31       		.uleb128 0x31
 795 00cf 13       		.uleb128 0x13
 796 00d0 11       		.uleb128 0x11
 797 00d1 01       		.uleb128 0x1
 798 00d2 12       		.uleb128 0x12
 799 00d3 06       		.uleb128 0x6
 800 00d4 58       		.uleb128 0x58
 801 00d5 0B       		.uleb128 0xb
 802 00d6 59       		.uleb128 0x59
 803 00d7 0B       		.uleb128 0xb
 804 00d8 00       		.byte	0
 805 00d9 00       		.byte	0
 806 00da 0F       		.uleb128 0xf
ARM GAS  C:\Users\DQUESA~1\AppData\Local\Temp\ccuW4xsa.s 			page 19


 807 00db 898201   		.uleb128 0x4109
 808 00de 00       		.byte	0
 809 00df 11       		.uleb128 0x11
 810 00e0 01       		.uleb128 0x1
 811 00e1 31       		.uleb128 0x31
 812 00e2 13       		.uleb128 0x13
 813 00e3 00       		.byte	0
 814 00e4 00       		.byte	0
 815 00e5 10       		.uleb128 0x10
 816 00e6 898201   		.uleb128 0x4109
 817 00e9 01       		.byte	0x1
 818 00ea 11       		.uleb128 0x11
 819 00eb 01       		.uleb128 0x1
 820 00ec 31       		.uleb128 0x31
 821 00ed 13       		.uleb128 0x13
 822 00ee 01       		.uleb128 0x1
 823 00ef 13       		.uleb128 0x13
 824 00f0 00       		.byte	0
 825 00f1 00       		.byte	0
 826 00f2 11       		.uleb128 0x11
 827 00f3 8A8201   		.uleb128 0x410a
 828 00f6 00       		.byte	0
 829 00f7 02       		.uleb128 0x2
 830 00f8 18       		.uleb128 0x18
 831 00f9 9142     		.uleb128 0x2111
 832 00fb 18       		.uleb128 0x18
 833 00fc 00       		.byte	0
 834 00fd 00       		.byte	0
 835 00fe 12       		.uleb128 0x12
 836 00ff 898201   		.uleb128 0x4109
 837 0102 01       		.byte	0x1
 838 0103 11       		.uleb128 0x11
 839 0104 01       		.uleb128 0x1
 840 0105 31       		.uleb128 0x31
 841 0106 13       		.uleb128 0x13
 842 0107 00       		.byte	0
 843 0108 00       		.byte	0
 844 0109 13       		.uleb128 0x13
 845 010a 01       		.uleb128 0x1
 846 010b 01       		.byte	0x1
 847 010c 49       		.uleb128 0x49
 848 010d 13       		.uleb128 0x13
 849 010e 01       		.uleb128 0x1
 850 010f 13       		.uleb128 0x13
 851 0110 00       		.byte	0
 852 0111 00       		.byte	0
 853 0112 14       		.uleb128 0x14
 854 0113 21       		.uleb128 0x21
 855 0114 00       		.byte	0
 856 0115 49       		.uleb128 0x49
 857 0116 13       		.uleb128 0x13
 858 0117 2F       		.uleb128 0x2f
 859 0118 0B       		.uleb128 0xb
 860 0119 00       		.byte	0
 861 011a 00       		.byte	0
 862 011b 15       		.uleb128 0x15
 863 011c 34       		.uleb128 0x34
ARM GAS  C:\Users\DQUESA~1\AppData\Local\Temp\ccuW4xsa.s 			page 20


 864 011d 00       		.byte	0
 865 011e 03       		.uleb128 0x3
 866 011f 0E       		.uleb128 0xe
 867 0120 3A       		.uleb128 0x3a
 868 0121 0B       		.uleb128 0xb
 869 0122 3B       		.uleb128 0x3b
 870 0123 05       		.uleb128 0x5
 871 0124 49       		.uleb128 0x49
 872 0125 13       		.uleb128 0x13
 873 0126 3F       		.uleb128 0x3f
 874 0127 19       		.uleb128 0x19
 875 0128 3C       		.uleb128 0x3c
 876 0129 19       		.uleb128 0x19
 877 012a 00       		.byte	0
 878 012b 00       		.byte	0
 879 012c 16       		.uleb128 0x16
 880 012d 35       		.uleb128 0x35
 881 012e 00       		.byte	0
 882 012f 49       		.uleb128 0x49
 883 0130 13       		.uleb128 0x13
 884 0131 00       		.byte	0
 885 0132 00       		.byte	0
 886 0133 17       		.uleb128 0x17
 887 0134 2E       		.uleb128 0x2e
 888 0135 00       		.byte	0
 889 0136 3F       		.uleb128 0x3f
 890 0137 19       		.uleb128 0x19
 891 0138 3C       		.uleb128 0x3c
 892 0139 19       		.uleb128 0x19
 893 013a 6E       		.uleb128 0x6e
 894 013b 0E       		.uleb128 0xe
 895 013c 03       		.uleb128 0x3
 896 013d 0E       		.uleb128 0xe
 897 013e 3A       		.uleb128 0x3a
 898 013f 0B       		.uleb128 0xb
 899 0140 3B       		.uleb128 0x3b
 900 0141 0B       		.uleb128 0xb
 901 0142 00       		.byte	0
 902 0143 00       		.byte	0
 903 0144 00       		.byte	0
 904              		.section	.debug_loc,"",%progbits
 905              	.Ldebug_loc0:
 906              	.LLST0:
 907 0000 04000000 		.4byte	.LVL0
 908 0004 22000000 		.4byte	.LVL7
 909 0008 0400     		.2byte	0x4
 910 000a 0B       		.byte	0xb
 911 000b 0080     		.2byte	0x8000
 912 000d 9F       		.byte	0x9f
 913 000e 28000000 		.4byte	.LVL9
 914 0012 2D000000 		.4byte	.LVL10-1
 915 0016 0100     		.2byte	0x1
 916 0018 50       		.byte	0x50
 917 0019 00000000 		.4byte	0
 918 001d 00000000 		.4byte	0
 919              	.LLST1:
 920 0021 22000000 		.4byte	.LVL7
ARM GAS  C:\Users\DQUESA~1\AppData\Local\Temp\ccuW4xsa.s 			page 21


 921 0025 24000000 		.4byte	.LVL8
 922 0029 0100     		.2byte	0x1
 923 002b 56       		.byte	0x56
 924 002c 36000000 		.4byte	.LVL12
 925 0030 39000000 		.4byte	.LVL13-1
 926 0034 0100     		.2byte	0x1
 927 0036 50       		.byte	0x50
 928 0037 39000000 		.4byte	.LVL13-1
 929 003b 0C010000 		.4byte	.LFE64
 930 003f 0100     		.2byte	0x1
 931 0041 56       		.byte	0x56
 932 0042 00000000 		.4byte	0
 933 0046 00000000 		.4byte	0
 934              	.LLST2:
 935 004a 22000000 		.4byte	.LVL7
 936 004e 24000000 		.4byte	.LVL8
 937 0052 0100     		.2byte	0x1
 938 0054 55       		.byte	0x55
 939 0055 50000000 		.4byte	.LVL16
 940 0059 54000000 		.4byte	.LVL17
 941 005d 0100     		.2byte	0x1
 942 005f 50       		.byte	0x50
 943 0060 54000000 		.4byte	.LVL17
 944 0064 57000000 		.4byte	.LVL18-1
 945 0068 0100     		.2byte	0x1
 946 006a 51       		.byte	0x51
 947 006b 57000000 		.4byte	.LVL18-1
 948 006f 0C010000 		.4byte	.LFE64
 949 0073 0100     		.2byte	0x1
 950 0075 55       		.byte	0x55
 951 0076 00000000 		.4byte	0
 952 007a 00000000 		.4byte	0
 953              	.LLST3:
 954 007e 06000000 		.4byte	.LVL1
 955 0082 22000000 		.4byte	.LVL7
 956 0086 0600     		.2byte	0x6
 957 0088 9E       		.byte	0x9e
 958 0089 04       		.uleb128 0x4
 959 008a 00000000 		.4byte	0
 960 008e 22000000 		.4byte	.LVL7
 961 0092 5A000000 		.4byte	.LVL19
 962 0096 0100     		.2byte	0x1
 963 0098 54       		.byte	0x54
 964 0099 5A000000 		.4byte	.LVL19
 965 009d 5E000000 		.4byte	.LVL20
 966 00a1 0100     		.2byte	0x1
 967 00a3 50       		.byte	0x50
 968 00a4 5E000000 		.4byte	.LVL20
 969 00a8 A4000000 		.4byte	.LVL33
 970 00ac 0100     		.2byte	0x1
 971 00ae 54       		.byte	0x54
 972 00af A6000000 		.4byte	.LVL34
 973 00b3 0C010000 		.4byte	.LFE64
 974 00b7 0100     		.2byte	0x1
 975 00b9 54       		.byte	0x54
 976 00ba 00000000 		.4byte	0
 977 00be 00000000 		.4byte	0
ARM GAS  C:\Users\DQUESA~1\AppData\Local\Temp\ccuW4xsa.s 			page 22


 978              	.LLST4:
 979 00c2 6A000000 		.4byte	.LVL23
 980 00c6 6E000000 		.4byte	.LVL24
 981 00ca 0100     		.2byte	0x1
 982 00cc 50       		.byte	0x50
 983 00cd 6E000000 		.4byte	.LVL24
 984 00d1 88000000 		.4byte	.LVL29
 985 00d5 0100     		.2byte	0x1
 986 00d7 57       		.byte	0x57
 987 00d8 00000000 		.4byte	0
 988 00dc 00000000 		.4byte	0
 989              	.LLST5:
 990 00e0 22000000 		.4byte	.LVL7
 991 00e4 24000000 		.4byte	.LVL8
 992 00e8 0100     		.2byte	0x1
 993 00ea 57       		.byte	0x57
 994 00eb 88000000 		.4byte	.LVL29
 995 00ef 8E000000 		.4byte	.LVL30
 996 00f3 0100     		.2byte	0x1
 997 00f5 50       		.byte	0x50
 998 00f6 8E000000 		.4byte	.LVL30
 999 00fa 0C010000 		.4byte	.LFE64
 1000 00fe 0100     		.2byte	0x1
 1001 0100 57       		.byte	0x57
 1002 0101 00000000 		.4byte	0
 1003 0105 00000000 		.4byte	0
 1004              	.LLST6:
 1005 0109 88000000 		.4byte	.LVL29
 1006 010d 8E000000 		.4byte	.LVL30
 1007 0111 0100     		.2byte	0x1
 1008 0113 50       		.byte	0x50
 1009 0114 8E000000 		.4byte	.LVL30
 1010 0118 B6000000 		.4byte	.LVL37
 1011 011c 0100     		.2byte	0x1
 1012 011e 57       		.byte	0x57
 1013 011f 00000000 		.4byte	0
 1014 0123 00000000 		.4byte	0
 1015              	.LLST7:
 1016 0127 06000000 		.4byte	.LVL1
 1017 012b 22000000 		.4byte	.LVL7
 1018 012f 0600     		.2byte	0x6
 1019 0131 9E       		.byte	0x9e
 1020 0132 04       		.uleb128 0x4
 1021 0133 00000000 		.4byte	0
 1022 0137 22000000 		.4byte	.LVL7
 1023 013b 24000000 		.4byte	.LVL8
 1024 013f 0100     		.2byte	0x1
 1025 0141 56       		.byte	0x56
 1026 0142 24000000 		.4byte	.LVL8
 1027 0146 6A000000 		.4byte	.LVL23
 1028 014a 0100     		.2byte	0x1
 1029 014c 57       		.byte	0x57
 1030 014d 88000000 		.4byte	.LVL29
 1031 0151 0C010000 		.4byte	.LFE64
 1032 0155 0100     		.2byte	0x1
 1033 0157 56       		.byte	0x56
 1034 0158 00000000 		.4byte	0
ARM GAS  C:\Users\DQUESA~1\AppData\Local\Temp\ccuW4xsa.s 			page 23


 1035 015c 00000000 		.4byte	0
 1036              	.LLST8:
 1037 0160 22000000 		.4byte	.LVL7
 1038 0164 24000000 		.4byte	.LVL8
 1039 0168 0100     		.2byte	0x1
 1040 016a 56       		.byte	0x56
 1041 016b 46000000 		.4byte	.LVL14
 1042 016f 0C010000 		.4byte	.LFE64
 1043 0173 0100     		.2byte	0x1
 1044 0175 56       		.byte	0x56
 1045 0176 00000000 		.4byte	0
 1046 017a 00000000 		.4byte	0
 1047              		.section	.debug_aranges,"",%progbits
 1048 0000 1C000000 		.4byte	0x1c
 1049 0004 0200     		.2byte	0x2
 1050 0006 00000000 		.4byte	.Ldebug_info0
 1051 000a 04       		.byte	0x4
 1052 000b 00       		.byte	0
 1053 000c 0000     		.2byte	0
 1054 000e 0000     		.2byte	0
 1055 0010 00000000 		.4byte	.LFB64
 1056 0014 0C010000 		.4byte	.LFE64-.LFB64
 1057 0018 00000000 		.4byte	0
 1058 001c 00000000 		.4byte	0
 1059              		.section	.debug_ranges,"",%progbits
 1060              	.Ldebug_ranges0:
 1061 0000 00000000 		.4byte	.LFB64
 1062 0004 0C010000 		.4byte	.LFE64
 1063 0008 00000000 		.4byte	0
 1064 000c 00000000 		.4byte	0
 1065              		.section	.debug_line,"",%progbits
 1066              	.Ldebug_line0:
 1067 0000 30020000 		.section	.debug_str,"MS",%progbits,1
 1067      0200ED01 
 1067      00000201 
 1067      FB0E0D00 
 1067      01010101 
 1068              	.LASF20:
 1069 0000 7363616C 		.ascii	"scalingFactor\000"
 1069      696E6746 
 1069      6163746F 
 1069      7200
 1070              	.LASF5:
 1071 000e 5F5F696E 		.ascii	"__int32_t\000"
 1071      7433325F 
 1071      7400
 1072              	.LASF22:
 1073 0018 616E676C 		.ascii	"angleStr\000"
 1073      65537472 
 1073      00
 1074              	.LASF19:
 1075 0021 636F756E 		.ascii	"countPrev\000"
 1075      74507265 
 1075      7600
 1076              	.LASF25:
 1077 002b 6D61785F 		.ascii	"max_int\000"
 1077      696E7400 
ARM GAS  C:\Users\DQUESA~1\AppData\Local\Temp\ccuW4xsa.s 			page 24


 1078              	.LASF13:
 1079 0033 666C6F61 		.ascii	"float\000"
 1079      7400
 1080              	.LASF30:
 1081 0039 4C43445F 		.ascii	"LCD_Start\000"
 1081      53746172 
 1081      7400
 1082              	.LASF38:
 1083 0043 5F5F656E 		.ascii	"__enable_irq\000"
 1083      61626C65 
 1083      5F697271 
 1083      00
 1084              	.LASF1:
 1085 0050 756E7369 		.ascii	"unsigned char\000"
 1085      676E6564 
 1085      20636861 
 1085      7200
 1086              	.LASF35:
 1087 005e 474E5520 		.ascii	"GNU C11 5.4.1 20160609 (release) [ARM/embedded-5-br"
 1087      43313120 
 1087      352E342E 
 1087      31203230 
 1087      31363036 
 1088 0091 616E6368 		.ascii	"anch revision 237715] -mcpu=cortex-m3 -mthumb -g -O"
 1088      20726576 
 1088      6973696F 
 1088      6E203233 
 1088      37373135 
 1089 00c4 67202D66 		.ascii	"g -ffunction-sections -ffat-lto-objects\000"
 1089      66756E63 
 1089      74696F6E 
 1089      2D736563 
 1089      74696F6E 
 1090              	.LASF31:
 1091 00ec 436C6F63 		.ascii	"Clock_1_Start\000"
 1091      6B5F315F 
 1091      53746172 
 1091      7400
 1092              	.LASF24:
 1093 00fa 636F6E74 		.ascii	"contador\000"
 1093      61646F72 
 1093      00
 1094              	.LASF7:
 1095 0103 6C6F6E67 		.ascii	"long unsigned int\000"
 1095      20756E73 
 1095      69676E65 
 1095      6420696E 
 1095      7400
 1096              	.LASF3:
 1097 0115 73686F72 		.ascii	"short unsigned int\000"
 1097      7420756E 
 1097      7369676E 
 1097      65642069 
 1097      6E7400
 1098              	.LASF21:
 1099 0128 616E676C 		.ascii	"angle\000"
 1099      6500
ARM GAS  C:\Users\DQUESA~1\AppData\Local\Temp\ccuW4xsa.s 			page 25


 1100              	.LASF40:
 1101 012e 49544D5F 		.ascii	"ITM_RxBuffer\000"
 1101      52784275 
 1101      66666572 
 1101      00
 1102              	.LASF4:
 1103 013b 5F5F7569 		.ascii	"__uint16_t\000"
 1103      6E743136 
 1103      5F7400
 1104              	.LASF14:
 1105 0146 646F7562 		.ascii	"double\000"
 1105      6C6500
 1106              	.LASF34:
 1107 014d 50574D5F 		.ascii	"PWM_WriteCompare\000"
 1107      57726974 
 1107      65436F6D 
 1107      70617265 
 1107      00
 1108              	.LASF28:
 1109 015e 51554144 		.ascii	"QUADDEC_Start\000"
 1109      4445435F 
 1109      53746172 
 1109      7400
 1110              	.LASF39:
 1111 016c 6D61696E 		.ascii	"main\000"
 1111      00
 1112              	.LASF10:
 1113 0171 756E7369 		.ascii	"unsigned int\000"
 1113      676E6564 
 1113      20696E74 
 1113      00
 1114              	.LASF9:
 1115 017e 6C6F6E67 		.ascii	"long long unsigned int\000"
 1115      206C6F6E 
 1115      6720756E 
 1115      7369676E 
 1115      65642069 
 1116              	.LASF0:
 1117 0195 7369676E 		.ascii	"signed char\000"
 1117      65642063 
 1117      68617200 
 1118              	.LASF12:
 1119 01a1 696E7433 		.ascii	"int32_t\000"
 1119      325F7400 
 1120              	.LASF17:
 1121 01a9 73697A65 		.ascii	"sizetype\000"
 1121      74797065 
 1121      00
 1122              	.LASF8:
 1123 01b2 6C6F6E67 		.ascii	"long long int\000"
 1123      206C6F6E 
 1123      6720696E 
 1123      7400
 1124              	.LASF36:
 1125 01c0 6D61696E 		.ascii	"main.c\000"
 1125      2E6300
 1126              	.LASF15:
ARM GAS  C:\Users\DQUESA~1\AppData\Local\Temp\ccuW4xsa.s 			page 26


 1127 01c7 63686172 		.ascii	"char\000"
 1127      00
 1128              	.LASF32:
 1129 01cc 51554144 		.ascii	"QUADDEC_GetCounter\000"
 1129      4445435F 
 1129      47657443 
 1129      6F756E74 
 1129      657200
 1130              	.LASF18:
 1131 01df 636F756E 		.ascii	"count\000"
 1131      7400
 1132              	.LASF11:
 1133 01e5 75696E74 		.ascii	"uint16_t\000"
 1133      31365F74 
 1133      00
 1134              	.LASF26:
 1135 01ee 706F7369 		.ascii	"posicion1\000"
 1135      63696F6E 
 1135      3100
 1136              	.LASF2:
 1137 01f8 73686F72 		.ascii	"short int\000"
 1137      7420696E 
 1137      7400
 1138              	.LASF29:
 1139 0202 50574D5F 		.ascii	"PWM_Start\000"
 1139      53746172 
 1139      7400
 1140              	.LASF37:
 1141 020c 433A5C55 		.ascii	"C:\\Users\\Dquesadas\\Documents\\PSoC Creator\\Work"
 1141      73657273 
 1141      5C447175 
 1141      65736164 
 1141      61735C44 
 1142 023a 73706163 		.ascii	"space01\\Controlador.cydsn\000"
 1142      6530315C 
 1142      436F6E74 
 1142      726F6C61 
 1142      646F722E 
 1143              	.LASF6:
 1144 0254 6C6F6E67 		.ascii	"long int\000"
 1144      20696E74 
 1144      00
 1145              	.LASF23:
 1146 025d 636F756E 		.ascii	"countStr\000"
 1146      74537472 
 1146      00
 1147              	.LASF16:
 1148 0266 6C6F6E67 		.ascii	"long double\000"
 1148      20646F75 
 1148      626C6500 
 1149              	.LASF27:
 1150 0272 706F7369 		.ascii	"posicion\000"
 1150      63696F6E 
 1150      00
 1151              	.LASF33:
 1152 027b 73707269 		.ascii	"sprintf\000"
 1152      6E746600 
ARM GAS  C:\Users\DQUESA~1\AppData\Local\Temp\ccuW4xsa.s 			page 27


 1153              		.ident	"GCC: (GNU Tools for ARM Embedded Processors) 5.4.1 20160609 (release) [ARM/embedded-5-bran
